CRITICAL - 2023-06-16 10:47:51 --> Encrypter needs a starter key.
in SYSTEMPATH/Encryption/Encryption.php on line 124.
 1 SYSTEMPATH/Encryption/Encryption.php(124): CodeIgniter\Encryption\Exceptions\EncryptionException::forNeedsStarterKey()
 2 SYSTEMPATH/Config/Services.php(242): CodeIgniter\Encryption\Encryption->initialize(Object(Config\Encryption))
 3 SYSTEMPATH/Config/BaseService.php(252): CodeIgniter\Config\Services::encrypter(Object(Config\Encryption))
 4 APPPATH/Controllers/Home.php(19): CodeIgniter\Config\BaseService::__callStatic('encrypter', [...])
 5 SYSTEMPATH/CodeIgniter.php(934): App\Controllers\Home->encrypt()
 6 SYSTEMPATH/CodeIgniter.php(499): CodeIgniter\CodeIgniter->runController(Object(App\Controllers\Home))
 7 SYSTEMPATH/CodeIgniter.php(368): CodeIgniter\CodeIgniter->handleRequest(null, Object(Config\Cache), false)
 8 FCPATH/index.php(75): CodeIgniter\CodeIgniter->run()
 9 SYSTEMPATH/Commands/Server/rewrite.php(47): require_once('/Users/ofin/Dataku/_ Project/israfil/server/public/index.php')
CRITICAL - 2023-06-16 11:34:03 --> key must be a string when using hmac
in VENDORPATH/firebase/php-jwt/src/JWT.php on line 242.
 1 VENDORPATH/firebase/php-jwt/src/JWT.php(212): Firebase\JWT\JWT::sign('eyJ0eXAiOiJKV1QiLCJhbGciOiJIUzI1NiJ9.eyJpYXQiOjE2ODY5MTUyNDMsImV4cCI6MTY4Njk1ODQ0MywidXNlcm5hbWUiOiJvZmluVGltIiwibmFtYSI6Ik9maW4gVEltIiwiaWRfa2FiIjoiMSIsIm5hbWFfa2FiIjoiQm9tYmFuYSIsImlkX2tlYyI6IjEiLCJuYW1hX2tlYyI6IkthYmFlbmEiLCJpZF9kZXNhIjoiNCIsIm5hbWFfZGVzYSI6IlJhaGFkb3BpIiwicm9sZSI6IjEifQ', false, 'HS256')
 2 APPPATH/Controllers/Auth.php(95): Firebase\JWT\JWT::encode([...], false, 'HS256')
 3 SYSTEMPATH/CodeIgniter.php(934): App\Controllers\Auth->doLogin()
 4 SYSTEMPATH/CodeIgniter.php(499): CodeIgniter\CodeIgniter->runController(Object(App\Controllers\Auth))
 5 SYSTEMPATH/CodeIgniter.php(368): CodeIgniter\CodeIgniter->handleRequest(null, Object(Config\Cache), false)
 6 FCPATH/index.php(75): CodeIgniter\CodeIgniter->run()
 7 SYSTEMPATH/Commands/Server/rewrite.php(47): require_once('/Users/ofin/Dataku/_ Project/israfil/server/public/index.php')
CRITICAL - 2023-06-16 11:36:37 --> key must be a string when using hmac
in VENDORPATH/firebase/php-jwt/src/JWT.php on line 242.
 1 VENDORPATH/firebase/php-jwt/src/JWT.php(212): Firebase\JWT\JWT::sign('eyJ0eXAiOiJKV1QiLCJhbGciOiJIUzI1NiJ9.eyJpYXQiOjE2ODY5MTUzOTcsImV4cCI6MTY4Njk1ODU5NywidXNlcm5hbWUiOiJvZmluVGltIiwibmFtYSI6Ik9maW4gVEltIiwiaWRfa2FiIjoiMSIsIm5hbWFfa2FiIjoiQm9tYmFuYSIsImlkX2tlYyI6IjEiLCJuYW1hX2tlYyI6IkthYmFlbmEiLCJpZF9kZXNhIjoiNCIsIm5hbWFfZGVzYSI6IlJhaGFkb3BpIiwicm9sZSI6IjEifQ', false, 'HS256')
 2 APPPATH/Controllers/Auth.php(95): Firebase\JWT\JWT::encode([...], false, 'HS256')
 3 SYSTEMPATH/CodeIgniter.php(934): App\Controllers\Auth->doLogin()
 4 SYSTEMPATH/CodeIgniter.php(499): CodeIgniter\CodeIgniter->runController(Object(App\Controllers\Auth))
 5 SYSTEMPATH/CodeIgniter.php(368): CodeIgniter\CodeIgniter->handleRequest(null, Object(Config\Cache), false)
 6 FCPATH/index.php(75): CodeIgniter\CodeIgniter->run()
 7 SYSTEMPATH/Commands/Server/rewrite.php(47): require_once('/Users/ofin/Dataku/_ Project/israfil/server/public/index.php')
CRITICAL - 2023-06-16 11:36:50 --> key must be a string when using hmac
in VENDORPATH/firebase/php-jwt/src/JWT.php on line 242.
 1 VENDORPATH/firebase/php-jwt/src/JWT.php(212): Firebase\JWT\JWT::sign('eyJ0eXAiOiJKV1QiLCJhbGciOiJIUzI1NiJ9.eyJpYXQiOjE2ODY5MTU0MTAsImV4cCI6MTY4Njk1ODYxMCwidXNlcm5hbWUiOiJvZmluVGltIiwibmFtYSI6Ik9maW4gVEltIiwiaWRfa2FiIjoiMSIsIm5hbWFfa2FiIjoiQm9tYmFuYSIsImlkX2tlYyI6IjEiLCJuYW1hX2tlYyI6IkthYmFlbmEiLCJpZF9kZXNhIjoiNCIsIm5hbWFfZGVzYSI6IlJhaGFkb3BpIiwicm9sZSI6IjEifQ', false, 'HS256')
 2 APPPATH/Controllers/Auth.php(95): Firebase\JWT\JWT::encode([...], false, 'HS256')
 3 SYSTEMPATH/CodeIgniter.php(934): App\Controllers\Auth->doLogin()
 4 SYSTEMPATH/CodeIgniter.php(499): CodeIgniter\CodeIgniter->runController(Object(App\Controllers\Auth))
 5 SYSTEMPATH/CodeIgniter.php(368): CodeIgniter\CodeIgniter->handleRequest(null, Object(Config\Cache), false)
 6 FCPATH/index.php(75): CodeIgniter\CodeIgniter->run()
 7 SYSTEMPATH/Commands/Server/rewrite.php(47): require_once('/Users/ofin/Dataku/_ Project/israfil/server/public/index.php')
ERROR - 2023-06-16 13:33:11 --> mysqli_sql_exception: Table 'provinsi.admins' doesn't exist in /Users/ofin/Dataku/_ Project/israfil/server/vendor/codeigniter4/framework/system/Database/MySQLi/Connection.php:295
Stack trace:
#0 /Users/ofin/Dataku/_ Project/israfil/server/vendor/codeigniter4/framework/system/Database/MySQLi/Connection.php(295): mysqli->query('SELECT *\nFROM `...', 0)
#1 /Users/ofin/Dataku/_ Project/israfil/server/vendor/codeigniter4/framework/system/Database/BaseConnection.php(692): CodeIgniter\Database\MySQLi\Connection->execute('SELECT *\nFROM `...')
#2 /Users/ofin/Dataku/_ Project/israfil/server/vendor/codeigniter4/framework/system/Database/BaseConnection.php(606): CodeIgniter\Database\BaseConnection->simpleQuery('SELECT *\nFROM `...')
#3 /Users/ofin/Dataku/_ Project/israfil/server/vendor/codeigniter4/framework/system/Database/BaseBuilder.php(1616): CodeIgniter\Database\BaseConnection->query('SELECT *\nFROM `...', Array, false)
#4 /Users/ofin/Dataku/_ Project/israfil/server/vendor/codeigniter4/framework/system/Model.php(268): CodeIgniter\Database\BaseBuilder->get()
#5 /Users/ofin/Dataku/_ Project/israfil/server/vendor/codeigniter4/framework/system/BaseModel.php(656): CodeIgniter\Model->doFirst()
#6 /Users/ofin/Dataku/_ Project/israfil/server/app/Controllers/Auth.php(65): CodeIgniter\BaseModel->first()
#7 /Users/ofin/Dataku/_ Project/israfil/server/vendor/codeigniter4/framework/system/CodeIgniter.php(934): App\Controllers\Auth->doLogin()
#8 /Users/ofin/Dataku/_ Project/israfil/server/vendor/codeigniter4/framework/system/CodeIgniter.php(499): CodeIgniter\CodeIgniter->runController(Object(App\Controllers\Auth))
#9 /Users/ofin/Dataku/_ Project/israfil/server/vendor/codeigniter4/framework/system/CodeIgniter.php(368): CodeIgniter\CodeIgniter->handleRequest(NULL, Object(Config\Cache), false)
#10 /Users/ofin/Dataku/_ Project/israfil/server/public/index.php(75): CodeIgniter\CodeIgniter->run()
#11 /Users/ofin/Dataku/_ Project/israfil/server/vendor/codeigniter4/framework/system/Commands/Server/rewrite.php(47): require_once('/Users/ofin/Dat...')
#12 {main}
CRITICAL - 2023-06-16 13:33:11 --> Table 'provinsi.admins' doesn't exist
in SYSTEMPATH/Database/MySQLi/Connection.php on line 295.
 1 SYSTEMPATH/Database/MySQLi/Connection.php(295): mysqli->query('SELECT *
FROM `admins`
WHERE `username` = \'ofinAdmin\'
 LIMIT 1', 0)
 2 SYSTEMPATH/Database/BaseConnection.php(692): CodeIgniter\Database\MySQLi\Connection->execute('SELECT *
FROM `admins`
WHERE `username` = \'ofinAdmin\'
 LIMIT 1')
 3 SYSTEMPATH/Database/BaseConnection.php(606): CodeIgniter\Database\BaseConnection->simpleQuery('SELECT *
FROM `admins`
WHERE `username` = \'ofinAdmin\'
 LIMIT 1')
 4 SYSTEMPATH/Database/BaseBuilder.php(1616): CodeIgniter\Database\BaseConnection->query('SELECT *
FROM `admins`
WHERE `username` = :username:
 LIMIT 1', [...], false)
 5 SYSTEMPATH/Model.php(268): CodeIgniter\Database\BaseBuilder->get()
 6 SYSTEMPATH/BaseModel.php(656): CodeIgniter\Model->doFirst()
 7 APPPATH/Controllers/Auth.php(65): CodeIgniter\BaseModel->first()
 8 SYSTEMPATH/CodeIgniter.php(934): App\Controllers\Auth->doLogin()
 9 SYSTEMPATH/CodeIgniter.php(499): CodeIgniter\CodeIgniter->runController(Object(App\Controllers\Auth))
10 SYSTEMPATH/CodeIgniter.php(368): CodeIgniter\CodeIgniter->handleRequest(null, Object(Config\Cache), false)
11 FCPATH/index.php(75): CodeIgniter\CodeIgniter->run()
12 SYSTEMPATH/Commands/Server/rewrite.php(47): require_once('/Users/ofin/Dataku/_ Project/israfil/server/public/index.php')
CRITICAL - 2023-06-16 13:37:05 --> Trying to access array offset on value of type null
in APPPATH/Controllers/Auth.php on line 69.
 1 APPPATH/Controllers/Auth.php(69): CodeIgniter\Debug\Exceptions->errorHandler(8, 'Trying to access array offset on value of type null', '/Users/ofin/Dataku/_ Project/israfil/server/app/Controllers/Auth.php', 69, [...])
 2 SYSTEMPATH/CodeIgniter.php(934): App\Controllers\Auth->doLogin()
 3 SYSTEMPATH/CodeIgniter.php(499): CodeIgniter\CodeIgniter->runController(Object(App\Controllers\Auth))
 4 SYSTEMPATH/CodeIgniter.php(368): CodeIgniter\CodeIgniter->handleRequest(null, Object(Config\Cache), false)
 5 FCPATH/index.php(75): CodeIgniter\CodeIgniter->run()
 6 SYSTEMPATH/Commands/Server/rewrite.php(47): require_once('/Users/ofin/Dataku/_ Project/israfil/server/public/index.php')
CRITICAL - 2023-06-16 13:37:14 --> Trying to access array offset on value of type null
in APPPATH/Controllers/Auth.php on line 69.
 1 APPPATH/Controllers/Auth.php(69): CodeIgniter\Debug\Exceptions->errorHandler(8, 'Trying to access array offset on value of type null', '/Users/ofin/Dataku/_ Project/israfil/server/app/Controllers/Auth.php', 69, [...])
 2 SYSTEMPATH/CodeIgniter.php(934): App\Controllers\Auth->doLogin()
 3 SYSTEMPATH/CodeIgniter.php(499): CodeIgniter\CodeIgniter->runController(Object(App\Controllers\Auth))
 4 SYSTEMPATH/CodeIgniter.php(368): CodeIgniter\CodeIgniter->handleRequest(null, Object(Config\Cache), false)
 5 FCPATH/index.php(75): CodeIgniter\CodeIgniter->run()
 6 SYSTEMPATH/Commands/Server/rewrite.php(47): require_once('/Users/ofin/Dataku/_ Project/israfil/server/public/index.php')
CRITICAL - 2023-06-16 13:46:45 --> Class 'App\Controllers\AdminModelx' not found
in APPPATH/Controllers/Auth.php on line 69.
 1 SYSTEMPATH/CodeIgniter.php(934): App\Controllers\Auth->doLogin()
 2 SYSTEMPATH/CodeIgniter.php(499): CodeIgniter\CodeIgniter->runController(Object(App\Controllers\Auth))
 3 SYSTEMPATH/CodeIgniter.php(368): CodeIgniter\CodeIgniter->handleRequest(null, Object(Config\Cache), false)
 4 FCPATH/index.php(75): CodeIgniter\CodeIgniter->run()
 5 SYSTEMPATH/Commands/Server/rewrite.php(47): require_once('/Users/ofin/Dataku/_ Project/israfil/server/public/index.php')
