ERROR - 2023-06-04 16:48:21 --> Error connecting to the database: mysqli_sql_exception: No such file or directory in /Users/ofin/Dataku/_ Project/israfil/server/vendor/codeigniter4/framework/system/Database/MySQLi/Connection.php:174
Stack trace:
#0 /Users/ofin/Dataku/_ Project/israfil/server/vendor/codeigniter4/framework/system/Database/MySQLi/Connection.php(174): mysqli->real_connect('localhost', '', '', '', 3306, '', 0)
#1 /Users/ofin/Dataku/_ Project/israfil/server/vendor/codeigniter4/framework/system/Database/BaseConnection.php(391): CodeIgniter\Database\MySQLi\Connection->connect(false)
#2 /Users/ofin/Dataku/_ Project/israfil/server/vendor/codeigniter4/framework/system/Database/BaseConnection.php(574): CodeIgniter\Database\BaseConnection->initialize()
#3 /Users/ofin/Dataku/_ Project/israfil/server/vendor/codeigniter4/framework/system/Database/BaseBuilder.php(1616): CodeIgniter\Database\BaseConnection->query('SELECT *\nFROM `...', Array, false)
#4 /Users/ofin/Dataku/_ Project/israfil/server/vendor/codeigniter4/framework/system/Model.php(241): CodeIgniter\Database\BaseBuilder->get()
#5 /Users/ofin/Dataku/_ Project/israfil/server/vendor/codeigniter4/framework/system/BaseModel.php(618): CodeIgniter\Model->doFindAll(0, 0)
#6 /Users/ofin/Dataku/_ Project/israfil/server/app/Controllers/Tim.php(21): CodeIgniter\BaseModel->findAll()
#7 /Users/ofin/Dataku/_ Project/israfil/server/vendor/codeigniter4/framework/system/CodeIgniter.php(934): App\Controllers\Tim->index()
#8 /Users/ofin/Dataku/_ Project/israfil/server/vendor/codeigniter4/framework/system/CodeIgniter.php(499): CodeIgniter\CodeIgniter->runController(Object(App\Controllers\Tim))
#9 /Users/ofin/Dataku/_ Project/israfil/server/vendor/codeigniter4/framework/system/CodeIgniter.php(368): CodeIgniter\CodeIgniter->handleRequest(NULL, Object(Config\Cache), false)
#10 /Users/ofin/Dataku/_ Project/israfil/server/public/index.php(75): CodeIgniter\CodeIgniter->run()
#11 /Users/ofin/Dataku/_ Project/israfil/server/vendor/codeigniter4/framework/system/Commands/Server/rewrite.php(47): require_once('/Users/ofin/Dat...')
#12 {main}

Next CodeIgniter\Database\Exceptions\DatabaseException: No such file or directory in /Users/ofin/Dataku/_ Project/israfil/server/vendor/codeigniter4/framework/system/Database/MySQLi/Connection.php:218
Stack trace:
#0 /Users/ofin/Dataku/_ Project/israfil/server/vendor/codeigniter4/framework/system/Database/BaseConnection.php(391): CodeIgniter\Database\MySQLi\Connection->connect(false)
#1 /Users/ofin/Dataku/_ Project/israfil/server/vendor/codeigniter4/framework/system/Database/BaseConnection.php(574): CodeIgniter\Database\BaseConnection->initialize()
#2 /Users/ofin/Dataku/_ Project/israfil/server/vendor/codeigniter4/framework/system/Database/BaseBuilder.php(1616): CodeIgniter\Database\BaseConnection->query('SELECT *\nFROM `...', Array, false)
#3 /Users/ofin/Dataku/_ Project/israfil/server/vendor/codeigniter4/framework/system/Model.php(241): CodeIgniter\Database\BaseBuilder->get()
#4 /Users/ofin/Dataku/_ Project/israfil/server/vendor/codeigniter4/framework/system/BaseModel.php(618): CodeIgniter\Model->doFindAll(0, 0)
#5 /Users/ofin/Dataku/_ Project/israfil/server/app/Controllers/Tim.php(21): CodeIgniter\BaseModel->findAll()
#6 /Users/ofin/Dataku/_ Project/israfil/server/vendor/codeigniter4/framework/system/CodeIgniter.php(934): App\Controllers\Tim->index()
#7 /Users/ofin/Dataku/_ Project/israfil/server/vendor/codeigniter4/framework/system/CodeIgniter.php(499): CodeIgniter\CodeIgniter->runController(Object(App\Controllers\Tim))
#8 /Users/ofin/Dataku/_ Project/israfil/server/vendor/codeigniter4/framework/system/CodeIgniter.php(368): CodeIgniter\CodeIgniter->handleRequest(NULL, Object(Config\Cache), false)
#9 /Users/ofin/Dataku/_ Project/israfil/server/public/index.php(75): CodeIgniter\CodeIgniter->run()
#10 /Users/ofin/Dataku/_ Project/israfil/server/vendor/codeigniter4/framework/system/Commands/Server/rewrite.php(47): require_once('/Users/ofin/Dat...')
#11 {main}
CRITICAL - 2023-06-04 16:48:21 --> Unable to connect to the database.
Main connection [MySQLi]: No such file or directory
in SYSTEMPATH/Database/BaseConnection.php on line 427.
 1 SYSTEMPATH/Database/BaseConnection.php(574): CodeIgniter\Database\BaseConnection->initialize()
 2 SYSTEMPATH/Database/BaseBuilder.php(1616): CodeIgniter\Database\BaseConnection->query('SELECT *
FROM `tim`', [], false)
 3 SYSTEMPATH/Model.php(241): CodeIgniter\Database\BaseBuilder->get()
 4 SYSTEMPATH/BaseModel.php(618): CodeIgniter\Model->doFindAll(0, 0)
 5 APPPATH/Controllers/Tim.php(21): CodeIgniter\BaseModel->findAll()
 6 SYSTEMPATH/CodeIgniter.php(934): App\Controllers\Tim->index()
 7 SYSTEMPATH/CodeIgniter.php(499): CodeIgniter\CodeIgniter->runController(Object(App\Controllers\Tim))
 8 SYSTEMPATH/CodeIgniter.php(368): CodeIgniter\CodeIgniter->handleRequest(null, Object(Config\Cache), false)
 9 FCPATH/index.php(75): CodeIgniter\CodeIgniter->run()
10 SYSTEMPATH/Commands/Server/rewrite.php(47): require_once('/Users/ofin/Dataku/_ Project/israfil/server/public/index.php')
ERROR - 2023-06-04 16:48:34 --> Error connecting to the database: mysqli_sql_exception: No such file or directory in /Users/ofin/Dataku/_ Project/israfil/server/vendor/codeigniter4/framework/system/Database/MySQLi/Connection.php:174
Stack trace:
#0 /Users/ofin/Dataku/_ Project/israfil/server/vendor/codeigniter4/framework/system/Database/MySQLi/Connection.php(174): mysqli->real_connect('localhost', '', '', '', 3306, '', 0)
#1 /Users/ofin/Dataku/_ Project/israfil/server/vendor/codeigniter4/framework/system/Database/BaseConnection.php(391): CodeIgniter\Database\MySQLi\Connection->connect(false)
#2 /Users/ofin/Dataku/_ Project/israfil/server/vendor/codeigniter4/framework/system/Database/BaseConnection.php(574): CodeIgniter\Database\BaseConnection->initialize()
#3 /Users/ofin/Dataku/_ Project/israfil/server/vendor/codeigniter4/framework/system/Database/BaseBuilder.php(1616): CodeIgniter\Database\BaseConnection->query('SELECT *\nFROM `...', Array, false)
#4 /Users/ofin/Dataku/_ Project/israfil/server/vendor/codeigniter4/framework/system/Model.php(241): CodeIgniter\Database\BaseBuilder->get()
#5 /Users/ofin/Dataku/_ Project/israfil/server/vendor/codeigniter4/framework/system/BaseModel.php(618): CodeIgniter\Model->doFindAll(0, 0)
#6 /Users/ofin/Dataku/_ Project/israfil/server/app/Controllers/Tim.php(21): CodeIgniter\BaseModel->findAll()
#7 /Users/ofin/Dataku/_ Project/israfil/server/vendor/codeigniter4/framework/system/CodeIgniter.php(934): App\Controllers\Tim->index()
#8 /Users/ofin/Dataku/_ Project/israfil/server/vendor/codeigniter4/framework/system/CodeIgniter.php(499): CodeIgniter\CodeIgniter->runController(Object(App\Controllers\Tim))
#9 /Users/ofin/Dataku/_ Project/israfil/server/vendor/codeigniter4/framework/system/CodeIgniter.php(368): CodeIgniter\CodeIgniter->handleRequest(NULL, Object(Config\Cache), false)
#10 /Users/ofin/Dataku/_ Project/israfil/server/public/index.php(75): CodeIgniter\CodeIgniter->run()
#11 /Users/ofin/Dataku/_ Project/israfil/server/vendor/codeigniter4/framework/system/Commands/Server/rewrite.php(47): require_once('/Users/ofin/Dat...')
#12 {main}

Next CodeIgniter\Database\Exceptions\DatabaseException: No such file or directory in /Users/ofin/Dataku/_ Project/israfil/server/vendor/codeigniter4/framework/system/Database/MySQLi/Connection.php:218
Stack trace:
#0 /Users/ofin/Dataku/_ Project/israfil/server/vendor/codeigniter4/framework/system/Database/BaseConnection.php(391): CodeIgniter\Database\MySQLi\Connection->connect(false)
#1 /Users/ofin/Dataku/_ Project/israfil/server/vendor/codeigniter4/framework/system/Database/BaseConnection.php(574): CodeIgniter\Database\BaseConnection->initialize()
#2 /Users/ofin/Dataku/_ Project/israfil/server/vendor/codeigniter4/framework/system/Database/BaseBuilder.php(1616): CodeIgniter\Database\BaseConnection->query('SELECT *\nFROM `...', Array, false)
#3 /Users/ofin/Dataku/_ Project/israfil/server/vendor/codeigniter4/framework/system/Model.php(241): CodeIgniter\Database\BaseBuilder->get()
#4 /Users/ofin/Dataku/_ Project/israfil/server/vendor/codeigniter4/framework/system/BaseModel.php(618): CodeIgniter\Model->doFindAll(0, 0)
#5 /Users/ofin/Dataku/_ Project/israfil/server/app/Controllers/Tim.php(21): CodeIgniter\BaseModel->findAll()
#6 /Users/ofin/Dataku/_ Project/israfil/server/vendor/codeigniter4/framework/system/CodeIgniter.php(934): App\Controllers\Tim->index()
#7 /Users/ofin/Dataku/_ Project/israfil/server/vendor/codeigniter4/framework/system/CodeIgniter.php(499): CodeIgniter\CodeIgniter->runController(Object(App\Controllers\Tim))
#8 /Users/ofin/Dataku/_ Project/israfil/server/vendor/codeigniter4/framework/system/CodeIgniter.php(368): CodeIgniter\CodeIgniter->handleRequest(NULL, Object(Config\Cache), false)
#9 /Users/ofin/Dataku/_ Project/israfil/server/public/index.php(75): CodeIgniter\CodeIgniter->run()
#10 /Users/ofin/Dataku/_ Project/israfil/server/vendor/codeigniter4/framework/system/Commands/Server/rewrite.php(47): require_once('/Users/ofin/Dat...')
#11 {main}
CRITICAL - 2023-06-04 16:48:34 --> Unable to connect to the database.
Main connection [MySQLi]: No such file or directory
in SYSTEMPATH/Database/BaseConnection.php on line 427.
 1 SYSTEMPATH/Database/BaseConnection.php(574): CodeIgniter\Database\BaseConnection->initialize()
 2 SYSTEMPATH/Database/BaseBuilder.php(1616): CodeIgniter\Database\BaseConnection->query('SELECT *
FROM `tim`', [], false)
 3 SYSTEMPATH/Model.php(241): CodeIgniter\Database\BaseBuilder->get()
 4 SYSTEMPATH/BaseModel.php(618): CodeIgniter\Model->doFindAll(0, 0)
 5 APPPATH/Controllers/Tim.php(21): CodeIgniter\BaseModel->findAll()
 6 SYSTEMPATH/CodeIgniter.php(934): App\Controllers\Tim->index()
 7 SYSTEMPATH/CodeIgniter.php(499): CodeIgniter\CodeIgniter->runController(Object(App\Controllers\Tim))
 8 SYSTEMPATH/CodeIgniter.php(368): CodeIgniter\CodeIgniter->handleRequest(null, Object(Config\Cache), false)
 9 FCPATH/index.php(75): CodeIgniter\CodeIgniter->run()
10 SYSTEMPATH/Commands/Server/rewrite.php(47): require_once('/Users/ofin/Dataku/_ Project/israfil/server/public/index.php')
ERROR - 2023-06-04 16:52:05 --> Error connecting to the database: mysqli_sql_exception: No such file or directory in /Users/ofin/Dataku/_ Project/israfil/server/vendor/codeigniter4/framework/system/Database/MySQLi/Connection.php:174
Stack trace:
#0 /Users/ofin/Dataku/_ Project/israfil/server/vendor/codeigniter4/framework/system/Database/MySQLi/Connection.php(174): mysqli->real_connect('localhost', '', '', '', 3306, '', 0)
#1 /Users/ofin/Dataku/_ Project/israfil/server/vendor/codeigniter4/framework/system/Database/BaseConnection.php(391): CodeIgniter\Database\MySQLi\Connection->connect(false)
#2 /Users/ofin/Dataku/_ Project/israfil/server/vendor/codeigniter4/framework/system/Database/BaseConnection.php(574): CodeIgniter\Database\BaseConnection->initialize()
#3 /Users/ofin/Dataku/_ Project/israfil/server/vendor/codeigniter4/framework/system/Database/BaseBuilder.php(1616): CodeIgniter\Database\BaseConnection->query('SELECT *\nFROM `...', Array, false)
#4 /Users/ofin/Dataku/_ Project/israfil/server/vendor/codeigniter4/framework/system/Model.php(241): CodeIgniter\Database\BaseBuilder->get()
#5 /Users/ofin/Dataku/_ Project/israfil/server/vendor/codeigniter4/framework/system/BaseModel.php(618): CodeIgniter\Model->doFindAll(0, 0)
#6 /Users/ofin/Dataku/_ Project/israfil/server/app/Controllers/Tim.php(21): CodeIgniter\BaseModel->findAll()
#7 /Users/ofin/Dataku/_ Project/israfil/server/vendor/codeigniter4/framework/system/CodeIgniter.php(934): App\Controllers\Tim->index()
#8 /Users/ofin/Dataku/_ Project/israfil/server/vendor/codeigniter4/framework/system/CodeIgniter.php(499): CodeIgniter\CodeIgniter->runController(Object(App\Controllers\Tim))
#9 /Users/ofin/Dataku/_ Project/israfil/server/vendor/codeigniter4/framework/system/CodeIgniter.php(368): CodeIgniter\CodeIgniter->handleRequest(NULL, Object(Config\Cache), false)
#10 /Users/ofin/Dataku/_ Project/israfil/server/public/index.php(75): CodeIgniter\CodeIgniter->run()
#11 /Users/ofin/Dataku/_ Project/israfil/server/vendor/codeigniter4/framework/system/Commands/Server/rewrite.php(47): require_once('/Users/ofin/Dat...')
#12 {main}

Next CodeIgniter\Database\Exceptions\DatabaseException: No such file or directory in /Users/ofin/Dataku/_ Project/israfil/server/vendor/codeigniter4/framework/system/Database/MySQLi/Connection.php:218
Stack trace:
#0 /Users/ofin/Dataku/_ Project/israfil/server/vendor/codeigniter4/framework/system/Database/BaseConnection.php(391): CodeIgniter\Database\MySQLi\Connection->connect(false)
#1 /Users/ofin/Dataku/_ Project/israfil/server/vendor/codeigniter4/framework/system/Database/BaseConnection.php(574): CodeIgniter\Database\BaseConnection->initialize()
#2 /Users/ofin/Dataku/_ Project/israfil/server/vendor/codeigniter4/framework/system/Database/BaseBuilder.php(1616): CodeIgniter\Database\BaseConnection->query('SELECT *\nFROM `...', Array, false)
#3 /Users/ofin/Dataku/_ Project/israfil/server/vendor/codeigniter4/framework/system/Model.php(241): CodeIgniter\Database\BaseBuilder->get()
#4 /Users/ofin/Dataku/_ Project/israfil/server/vendor/codeigniter4/framework/system/BaseModel.php(618): CodeIgniter\Model->doFindAll(0, 0)
#5 /Users/ofin/Dataku/_ Project/israfil/server/app/Controllers/Tim.php(21): CodeIgniter\BaseModel->findAll()
#6 /Users/ofin/Dataku/_ Project/israfil/server/vendor/codeigniter4/framework/system/CodeIgniter.php(934): App\Controllers\Tim->index()
#7 /Users/ofin/Dataku/_ Project/israfil/server/vendor/codeigniter4/framework/system/CodeIgniter.php(499): CodeIgniter\CodeIgniter->runController(Object(App\Controllers\Tim))
#8 /Users/ofin/Dataku/_ Project/israfil/server/vendor/codeigniter4/framework/system/CodeIgniter.php(368): CodeIgniter\CodeIgniter->handleRequest(NULL, Object(Config\Cache), false)
#9 /Users/ofin/Dataku/_ Project/israfil/server/public/index.php(75): CodeIgniter\CodeIgniter->run()
#10 /Users/ofin/Dataku/_ Project/israfil/server/vendor/codeigniter4/framework/system/Commands/Server/rewrite.php(47): require_once('/Users/ofin/Dat...')
#11 {main}
CRITICAL - 2023-06-04 16:52:05 --> Unable to connect to the database.
Main connection [MySQLi]: No such file or directory
in SYSTEMPATH/Database/BaseConnection.php on line 427.
 1 SYSTEMPATH/Database/BaseConnection.php(574): CodeIgniter\Database\BaseConnection->initialize()
 2 SYSTEMPATH/Database/BaseBuilder.php(1616): CodeIgniter\Database\BaseConnection->query('SELECT *
FROM `tim`', [], false)
 3 SYSTEMPATH/Model.php(241): CodeIgniter\Database\BaseBuilder->get()
 4 SYSTEMPATH/BaseModel.php(618): CodeIgniter\Model->doFindAll(0, 0)
 5 APPPATH/Controllers/Tim.php(21): CodeIgniter\BaseModel->findAll()
 6 SYSTEMPATH/CodeIgniter.php(934): App\Controllers\Tim->index()
 7 SYSTEMPATH/CodeIgniter.php(499): CodeIgniter\CodeIgniter->runController(Object(App\Controllers\Tim))
 8 SYSTEMPATH/CodeIgniter.php(368): CodeIgniter\CodeIgniter->handleRequest(null, Object(Config\Cache), false)
 9 FCPATH/index.php(75): CodeIgniter\CodeIgniter->run()
10 SYSTEMPATH/Commands/Server/rewrite.php(47): require_once('/Users/ofin/Dataku/_ Project/israfil/server/public/index.php')
ERROR - 2023-06-04 16:54:56 --> Error connecting to the database: mysqli_sql_exception: No such file or directory in /Users/ofin/Dataku/_ Project/israfil/server/vendor/codeigniter4/framework/system/Database/MySQLi/Connection.php:174
Stack trace:
#0 /Users/ofin/Dataku/_ Project/israfil/server/vendor/codeigniter4/framework/system/Database/MySQLi/Connection.php(174): mysqli->real_connect('localhost', '', '', '', 3306, '', 0)
#1 /Users/ofin/Dataku/_ Project/israfil/server/vendor/codeigniter4/framework/system/Database/BaseConnection.php(391): CodeIgniter\Database\MySQLi\Connection->connect(false)
#2 /Users/ofin/Dataku/_ Project/israfil/server/vendor/codeigniter4/framework/system/Database/BaseConnection.php(574): CodeIgniter\Database\BaseConnection->initialize()
#3 /Users/ofin/Dataku/_ Project/israfil/server/vendor/codeigniter4/framework/system/Database/BaseConnection.php(1409): CodeIgniter\Database\BaseConnection->query('SHOW TABLES FRO...')
#4 /Users/ofin/Dataku/_ Project/israfil/server/vendor/codeigniter4/framework/system/Database/BaseConnection.php(1428): CodeIgniter\Database\BaseConnection->listTables()
#5 /Users/ofin/Dataku/_ Project/israfil/server/vendor/codeigniter4/framework/system/Database/MigrationRunner.php(768): CodeIgniter\Database\BaseConnection->tableExists('migrations')
#6 /Users/ofin/Dataku/_ Project/israfil/server/vendor/codeigniter4/framework/system/Database/MigrationRunner.php(168): CodeIgniter\Database\MigrationRunner->ensureTable()
#7 /Users/ofin/Dataku/_ Project/israfil/server/vendor/codeigniter4/framework/system/Commands/Database/Migrate.php(84): CodeIgniter\Database\MigrationRunner->latest(NULL)
#8 /Users/ofin/Dataku/_ Project/israfil/server/vendor/codeigniter4/framework/system/CLI/Commands.php(65): CodeIgniter\Commands\Database\Migrate->run(Array)
#9 /Users/ofin/Dataku/_ Project/israfil/server/vendor/codeigniter4/framework/system/CLI/Console.php(37): CodeIgniter\CLI\Commands->run('migrate', Array)
#10 /Users/ofin/Dataku/_ Project/israfil/server/spark(97): CodeIgniter\CLI\Console->run()
#11 {main}

Next CodeIgniter\Database\Exceptions\DatabaseException: No such file or directory in /Users/ofin/Dataku/_ Project/israfil/server/vendor/codeigniter4/framework/system/Database/MySQLi/Connection.php:218
Stack trace:
#0 /Users/ofin/Dataku/_ Project/israfil/server/vendor/codeigniter4/framework/system/Database/BaseConnection.php(391): CodeIgniter\Database\MySQLi\Connection->connect(false)
#1 /Users/ofin/Dataku/_ Project/israfil/server/vendor/codeigniter4/framework/system/Database/BaseConnection.php(574): CodeIgniter\Database\BaseConnection->initialize()
#2 /Users/ofin/Dataku/_ Project/israfil/server/vendor/codeigniter4/framework/system/Database/BaseConnection.php(1409): CodeIgniter\Database\BaseConnection->query('SHOW TABLES FRO...')
#3 /Users/ofin/Dataku/_ Project/israfil/server/vendor/codeigniter4/framework/system/Database/BaseConnection.php(1428): CodeIgniter\Database\BaseConnection->listTables()
#4 /Users/ofin/Dataku/_ Project/israfil/server/vendor/codeigniter4/framework/system/Database/MigrationRunner.php(768): CodeIgniter\Database\BaseConnection->tableExists('migrations')
#5 /Users/ofin/Dataku/_ Project/israfil/server/vendor/codeigniter4/framework/system/Database/MigrationRunner.php(168): CodeIgniter\Database\MigrationRunner->ensureTable()
#6 /Users/ofin/Dataku/_ Project/israfil/server/vendor/codeigniter4/framework/system/Commands/Database/Migrate.php(84): CodeIgniter\Database\MigrationRunner->latest(NULL)
#7 /Users/ofin/Dataku/_ Project/israfil/server/vendor/codeigniter4/framework/system/CLI/Commands.php(65): CodeIgniter\Commands\Database\Migrate->run(Array)
#8 /Users/ofin/Dataku/_ Project/israfil/server/vendor/codeigniter4/framework/system/CLI/Console.php(37): CodeIgniter\CLI\Commands->run('migrate', Array)
#9 /Users/ofin/Dataku/_ Project/israfil/server/spark(97): CodeIgniter\CLI\Console->run()
#10 {main}
ERROR - 2023-06-04 16:56:20 --> Error connecting to the database: mysqli_sql_exception: Access denied for user ''@'localhost' (using password: NO) in /Users/ofin/Dataku/_ Project/israfil/server/vendor/codeigniter4/framework/system/Database/MySQLi/Connection.php:174
Stack trace:
#0 /Users/ofin/Dataku/_ Project/israfil/server/vendor/codeigniter4/framework/system/Database/MySQLi/Connection.php(174): mysqli->real_connect('localhost', '', '', '', 3306, '', 0)
#1 /Users/ofin/Dataku/_ Project/israfil/server/vendor/codeigniter4/framework/system/Database/BaseConnection.php(391): CodeIgniter\Database\MySQLi\Connection->connect(false)
#2 /Users/ofin/Dataku/_ Project/israfil/server/vendor/codeigniter4/framework/system/Database/BaseConnection.php(574): CodeIgniter\Database\BaseConnection->initialize()
#3 /Users/ofin/Dataku/_ Project/israfil/server/vendor/codeigniter4/framework/system/Database/BaseConnection.php(1409): CodeIgniter\Database\BaseConnection->query('SHOW TABLES FRO...')
#4 /Users/ofin/Dataku/_ Project/israfil/server/vendor/codeigniter4/framework/system/Database/BaseConnection.php(1428): CodeIgniter\Database\BaseConnection->listTables()
#5 /Users/ofin/Dataku/_ Project/israfil/server/vendor/codeigniter4/framework/system/Database/MigrationRunner.php(768): CodeIgniter\Database\BaseConnection->tableExists('migrations')
#6 /Users/ofin/Dataku/_ Project/israfil/server/vendor/codeigniter4/framework/system/Database/MigrationRunner.php(168): CodeIgniter\Database\MigrationRunner->ensureTable()
#7 /Users/ofin/Dataku/_ Project/israfil/server/vendor/codeigniter4/framework/system/Commands/Database/Migrate.php(84): CodeIgniter\Database\MigrationRunner->latest(NULL)
#8 /Users/ofin/Dataku/_ Project/israfil/server/vendor/codeigniter4/framework/system/CLI/Commands.php(65): CodeIgniter\Commands\Database\Migrate->run(Array)
#9 /Users/ofin/Dataku/_ Project/israfil/server/vendor/codeigniter4/framework/system/CLI/Console.php(37): CodeIgniter\CLI\Commands->run('migrate', Array)
#10 /Users/ofin/Dataku/_ Project/israfil/server/spark(97): CodeIgniter\CLI\Console->run()
#11 {main}

Next CodeIgniter\Database\Exceptions\DatabaseException: Access denied for user ''@'localhost' (using password: NO) in /Users/ofin/Dataku/_ Project/israfil/server/vendor/codeigniter4/framework/system/Database/MySQLi/Connection.php:218
Stack trace:
#0 /Users/ofin/Dataku/_ Project/israfil/server/vendor/codeigniter4/framework/system/Database/BaseConnection.php(391): CodeIgniter\Database\MySQLi\Connection->connect(false)
#1 /Users/ofin/Dataku/_ Project/israfil/server/vendor/codeigniter4/framework/system/Database/BaseConnection.php(574): CodeIgniter\Database\BaseConnection->initialize()
#2 /Users/ofin/Dataku/_ Project/israfil/server/vendor/codeigniter4/framework/system/Database/BaseConnection.php(1409): CodeIgniter\Database\BaseConnection->query('SHOW TABLES FRO...')
#3 /Users/ofin/Dataku/_ Project/israfil/server/vendor/codeigniter4/framework/system/Database/BaseConnection.php(1428): CodeIgniter\Database\BaseConnection->listTables()
#4 /Users/ofin/Dataku/_ Project/israfil/server/vendor/codeigniter4/framework/system/Database/MigrationRunner.php(768): CodeIgniter\Database\BaseConnection->tableExists('migrations')
#5 /Users/ofin/Dataku/_ Project/israfil/server/vendor/codeigniter4/framework/system/Database/MigrationRunner.php(168): CodeIgniter\Database\MigrationRunner->ensureTable()
#6 /Users/ofin/Dataku/_ Project/israfil/server/vendor/codeigniter4/framework/system/Commands/Database/Migrate.php(84): CodeIgniter\Database\MigrationRunner->latest(NULL)
#7 /Users/ofin/Dataku/_ Project/israfil/server/vendor/codeigniter4/framework/system/CLI/Commands.php(65): CodeIgniter\Commands\Database\Migrate->run(Array)
#8 /Users/ofin/Dataku/_ Project/israfil/server/vendor/codeigniter4/framework/system/CLI/Console.php(37): CodeIgniter\CLI\Commands->run('migrate', Array)
#9 /Users/ofin/Dataku/_ Project/israfil/server/spark(97): CodeIgniter\CLI\Console->run()
#10 {main}
ERROR - 2023-06-04 16:57:08 --> Error connecting to the database: mysqli_sql_exception: Access denied for user ''@'localhost' (using password: NO) in /Users/ofin/Dataku/_ Project/israfil/server/vendor/codeigniter4/framework/system/Database/MySQLi/Connection.php:174
Stack trace:
#0 /Users/ofin/Dataku/_ Project/israfil/server/vendor/codeigniter4/framework/system/Database/MySQLi/Connection.php(174): mysqli->real_connect('localhost', '', '', '', 3306, '', 0)
#1 /Users/ofin/Dataku/_ Project/israfil/server/vendor/codeigniter4/framework/system/Database/BaseConnection.php(391): CodeIgniter\Database\MySQLi\Connection->connect(false)
#2 /Users/ofin/Dataku/_ Project/israfil/server/vendor/codeigniter4/framework/system/Database/BaseConnection.php(574): CodeIgniter\Database\BaseConnection->initialize()
#3 /Users/ofin/Dataku/_ Project/israfil/server/vendor/codeigniter4/framework/system/Database/BaseBuilder.php(1616): CodeIgniter\Database\BaseConnection->query('SELECT *\nFROM `...', Array, false)
#4 /Users/ofin/Dataku/_ Project/israfil/server/vendor/codeigniter4/framework/system/Model.php(241): CodeIgniter\Database\BaseBuilder->get()
#5 /Users/ofin/Dataku/_ Project/israfil/server/vendor/codeigniter4/framework/system/BaseModel.php(618): CodeIgniter\Model->doFindAll(0, 0)
#6 /Users/ofin/Dataku/_ Project/israfil/server/app/Controllers/Tim.php(21): CodeIgniter\BaseModel->findAll()
#7 /Users/ofin/Dataku/_ Project/israfil/server/vendor/codeigniter4/framework/system/CodeIgniter.php(934): App\Controllers\Tim->index()
#8 /Users/ofin/Dataku/_ Project/israfil/server/vendor/codeigniter4/framework/system/CodeIgniter.php(499): CodeIgniter\CodeIgniter->runController(Object(App\Controllers\Tim))
#9 /Users/ofin/Dataku/_ Project/israfil/server/vendor/codeigniter4/framework/system/CodeIgniter.php(368): CodeIgniter\CodeIgniter->handleRequest(NULL, Object(Config\Cache), false)
#10 /Users/ofin/Dataku/_ Project/israfil/server/public/index.php(75): CodeIgniter\CodeIgniter->run()
#11 /Users/ofin/Dataku/_ Project/israfil/server/vendor/codeigniter4/framework/system/Commands/Server/rewrite.php(47): require_once('/Users/ofin/Dat...')
#12 {main}

Next CodeIgniter\Database\Exceptions\DatabaseException: Access denied for user ''@'localhost' (using password: NO) in /Users/ofin/Dataku/_ Project/israfil/server/vendor/codeigniter4/framework/system/Database/MySQLi/Connection.php:218
Stack trace:
#0 /Users/ofin/Dataku/_ Project/israfil/server/vendor/codeigniter4/framework/system/Database/BaseConnection.php(391): CodeIgniter\Database\MySQLi\Connection->connect(false)
#1 /Users/ofin/Dataku/_ Project/israfil/server/vendor/codeigniter4/framework/system/Database/BaseConnection.php(574): CodeIgniter\Database\BaseConnection->initialize()
#2 /Users/ofin/Dataku/_ Project/israfil/server/vendor/codeigniter4/framework/system/Database/BaseBuilder.php(1616): CodeIgniter\Database\BaseConnection->query('SELECT *\nFROM `...', Array, false)
#3 /Users/ofin/Dataku/_ Project/israfil/server/vendor/codeigniter4/framework/system/Model.php(241): CodeIgniter\Database\BaseBuilder->get()
#4 /Users/ofin/Dataku/_ Project/israfil/server/vendor/codeigniter4/framework/system/BaseModel.php(618): CodeIgniter\Model->doFindAll(0, 0)
#5 /Users/ofin/Dataku/_ Project/israfil/server/app/Controllers/Tim.php(21): CodeIgniter\BaseModel->findAll()
#6 /Users/ofin/Dataku/_ Project/israfil/server/vendor/codeigniter4/framework/system/CodeIgniter.php(934): App\Controllers\Tim->index()
#7 /Users/ofin/Dataku/_ Project/israfil/server/vendor/codeigniter4/framework/system/CodeIgniter.php(499): CodeIgniter\CodeIgniter->runController(Object(App\Controllers\Tim))
#8 /Users/ofin/Dataku/_ Project/israfil/server/vendor/codeigniter4/framework/system/CodeIgniter.php(368): CodeIgniter\CodeIgniter->handleRequest(NULL, Object(Config\Cache), false)
#9 /Users/ofin/Dataku/_ Project/israfil/server/public/index.php(75): CodeIgniter\CodeIgniter->run()
#10 /Users/ofin/Dataku/_ Project/israfil/server/vendor/codeigniter4/framework/system/Commands/Server/rewrite.php(47): require_once('/Users/ofin/Dat...')
#11 {main}
CRITICAL - 2023-06-04 16:57:08 --> Unable to connect to the database.
Main connection [MySQLi]: Access denied for user ''@'localhost' (using password: NO)
in SYSTEMPATH/Database/BaseConnection.php on line 427.
 1 SYSTEMPATH/Database/BaseConnection.php(574): CodeIgniter\Database\BaseConnection->initialize()
 2 SYSTEMPATH/Database/BaseBuilder.php(1616): CodeIgniter\Database\BaseConnection->query('SELECT *
FROM `tim`', [], false)
 3 SYSTEMPATH/Model.php(241): CodeIgniter\Database\BaseBuilder->get()
 4 SYSTEMPATH/BaseModel.php(618): CodeIgniter\Model->doFindAll(0, 0)
 5 APPPATH/Controllers/Tim.php(21): CodeIgniter\BaseModel->findAll()
 6 SYSTEMPATH/CodeIgniter.php(934): App\Controllers\Tim->index()
 7 SYSTEMPATH/CodeIgniter.php(499): CodeIgniter\CodeIgniter->runController(Object(App\Controllers\Tim))
 8 SYSTEMPATH/CodeIgniter.php(368): CodeIgniter\CodeIgniter->handleRequest(null, Object(Config\Cache), false)
 9 FCPATH/index.php(75): CodeIgniter\CodeIgniter->run()
10 SYSTEMPATH/Commands/Server/rewrite.php(47): require_once('/Users/ofin/Dataku/_ Project/israfil/server/public/index.php')
ERROR - 2023-06-04 16:57:09 --> Error connecting to the database: mysqli_sql_exception: Access denied for user ''@'localhost' (using password: NO) in /Users/ofin/Dataku/_ Project/israfil/server/vendor/codeigniter4/framework/system/Database/MySQLi/Connection.php:174
Stack trace:
#0 /Users/ofin/Dataku/_ Project/israfil/server/vendor/codeigniter4/framework/system/Database/MySQLi/Connection.php(174): mysqli->real_connect('localhost', '', '', '', 3306, '', 0)
#1 /Users/ofin/Dataku/_ Project/israfil/server/vendor/codeigniter4/framework/system/Database/BaseConnection.php(391): CodeIgniter\Database\MySQLi\Connection->connect(false)
#2 /Users/ofin/Dataku/_ Project/israfil/server/vendor/codeigniter4/framework/system/Database/BaseConnection.php(574): CodeIgniter\Database\BaseConnection->initialize()
#3 /Users/ofin/Dataku/_ Project/israfil/server/vendor/codeigniter4/framework/system/Database/BaseBuilder.php(1616): CodeIgniter\Database\BaseConnection->query('SELECT *\nFROM `...', Array, false)
#4 /Users/ofin/Dataku/_ Project/israfil/server/vendor/codeigniter4/framework/system/Model.php(241): CodeIgniter\Database\BaseBuilder->get()
#5 /Users/ofin/Dataku/_ Project/israfil/server/vendor/codeigniter4/framework/system/BaseModel.php(618): CodeIgniter\Model->doFindAll(0, 0)
#6 /Users/ofin/Dataku/_ Project/israfil/server/app/Controllers/Tim.php(21): CodeIgniter\BaseModel->findAll()
#7 /Users/ofin/Dataku/_ Project/israfil/server/vendor/codeigniter4/framework/system/CodeIgniter.php(934): App\Controllers\Tim->index()
#8 /Users/ofin/Dataku/_ Project/israfil/server/vendor/codeigniter4/framework/system/CodeIgniter.php(499): CodeIgniter\CodeIgniter->runController(Object(App\Controllers\Tim))
#9 /Users/ofin/Dataku/_ Project/israfil/server/vendor/codeigniter4/framework/system/CodeIgniter.php(368): CodeIgniter\CodeIgniter->handleRequest(NULL, Object(Config\Cache), false)
#10 /Users/ofin/Dataku/_ Project/israfil/server/public/index.php(75): CodeIgniter\CodeIgniter->run()
#11 /Users/ofin/Dataku/_ Project/israfil/server/vendor/codeigniter4/framework/system/Commands/Server/rewrite.php(47): require_once('/Users/ofin/Dat...')
#12 {main}

Next CodeIgniter\Database\Exceptions\DatabaseException: Access denied for user ''@'localhost' (using password: NO) in /Users/ofin/Dataku/_ Project/israfil/server/vendor/codeigniter4/framework/system/Database/MySQLi/Connection.php:218
Stack trace:
#0 /Users/ofin/Dataku/_ Project/israfil/server/vendor/codeigniter4/framework/system/Database/BaseConnection.php(391): CodeIgniter\Database\MySQLi\Connection->connect(false)
#1 /Users/ofin/Dataku/_ Project/israfil/server/vendor/codeigniter4/framework/system/Database/BaseConnection.php(574): CodeIgniter\Database\BaseConnection->initialize()
#2 /Users/ofin/Dataku/_ Project/israfil/server/vendor/codeigniter4/framework/system/Database/BaseBuilder.php(1616): CodeIgniter\Database\BaseConnection->query('SELECT *\nFROM `...', Array, false)
#3 /Users/ofin/Dataku/_ Project/israfil/server/vendor/codeigniter4/framework/system/Model.php(241): CodeIgniter\Database\BaseBuilder->get()
#4 /Users/ofin/Dataku/_ Project/israfil/server/vendor/codeigniter4/framework/system/BaseModel.php(618): CodeIgniter\Model->doFindAll(0, 0)
#5 /Users/ofin/Dataku/_ Project/israfil/server/app/Controllers/Tim.php(21): CodeIgniter\BaseModel->findAll()
#6 /Users/ofin/Dataku/_ Project/israfil/server/vendor/codeigniter4/framework/system/CodeIgniter.php(934): App\Controllers\Tim->index()
#7 /Users/ofin/Dataku/_ Project/israfil/server/vendor/codeigniter4/framework/system/CodeIgniter.php(499): CodeIgniter\CodeIgniter->runController(Object(App\Controllers\Tim))
#8 /Users/ofin/Dataku/_ Project/israfil/server/vendor/codeigniter4/framework/system/CodeIgniter.php(368): CodeIgniter\CodeIgniter->handleRequest(NULL, Object(Config\Cache), false)
#9 /Users/ofin/Dataku/_ Project/israfil/server/public/index.php(75): CodeIgniter\CodeIgniter->run()
#10 /Users/ofin/Dataku/_ Project/israfil/server/vendor/codeigniter4/framework/system/Commands/Server/rewrite.php(47): require_once('/Users/ofin/Dat...')
#11 {main}
CRITICAL - 2023-06-04 16:57:09 --> Unable to connect to the database.
Main connection [MySQLi]: Access denied for user ''@'localhost' (using password: NO)
in SYSTEMPATH/Database/BaseConnection.php on line 427.
 1 SYSTEMPATH/Database/BaseConnection.php(574): CodeIgniter\Database\BaseConnection->initialize()
 2 SYSTEMPATH/Database/BaseBuilder.php(1616): CodeIgniter\Database\BaseConnection->query('SELECT *
FROM `tim`', [], false)
 3 SYSTEMPATH/Model.php(241): CodeIgniter\Database\BaseBuilder->get()
 4 SYSTEMPATH/BaseModel.php(618): CodeIgniter\Model->doFindAll(0, 0)
 5 APPPATH/Controllers/Tim.php(21): CodeIgniter\BaseModel->findAll()
 6 SYSTEMPATH/CodeIgniter.php(934): App\Controllers\Tim->index()
 7 SYSTEMPATH/CodeIgniter.php(499): CodeIgniter\CodeIgniter->runController(Object(App\Controllers\Tim))
 8 SYSTEMPATH/CodeIgniter.php(368): CodeIgniter\CodeIgniter->handleRequest(null, Object(Config\Cache), false)
 9 FCPATH/index.php(75): CodeIgniter\CodeIgniter->run()
10 SYSTEMPATH/Commands/Server/rewrite.php(47): require_once('/Users/ofin/Dataku/_ Project/israfil/server/public/index.php')
ERROR - 2023-06-04 16:59:44 --> Error connecting to the database: mysqli_sql_exception: Access denied for user 'root'@'localhost' (using password: NO) in /Users/ofin/Dataku/_ Project/israfil/server/vendor/codeigniter4/framework/system/Database/MySQLi/Connection.php:174
Stack trace:
#0 /Users/ofin/Dataku/_ Project/israfil/server/vendor/codeigniter4/framework/system/Database/MySQLi/Connection.php(174): mysqli->real_connect('localhost', 'root', '', 'provinsi', 3306, '', 0)
#1 /Users/ofin/Dataku/_ Project/israfil/server/vendor/codeigniter4/framework/system/Database/BaseConnection.php(391): CodeIgniter\Database\MySQLi\Connection->connect(false)
#2 /Users/ofin/Dataku/_ Project/israfil/server/vendor/codeigniter4/framework/system/Database/BaseConnection.php(574): CodeIgniter\Database\BaseConnection->initialize()
#3 /Users/ofin/Dataku/_ Project/israfil/server/vendor/codeigniter4/framework/system/Database/BaseBuilder.php(1616): CodeIgniter\Database\BaseConnection->query('SELECT *\nFROM `...', Array, false)
#4 /Users/ofin/Dataku/_ Project/israfil/server/vendor/codeigniter4/framework/system/Model.php(241): CodeIgniter\Database\BaseBuilder->get()
#5 /Users/ofin/Dataku/_ Project/israfil/server/vendor/codeigniter4/framework/system/BaseModel.php(618): CodeIgniter\Model->doFindAll(0, 0)
#6 /Users/ofin/Dataku/_ Project/israfil/server/app/Controllers/Tim.php(21): CodeIgniter\BaseModel->findAll()
#7 /Users/ofin/Dataku/_ Project/israfil/server/vendor/codeigniter4/framework/system/CodeIgniter.php(934): App\Controllers\Tim->index()
#8 /Users/ofin/Dataku/_ Project/israfil/server/vendor/codeigniter4/framework/system/CodeIgniter.php(499): CodeIgniter\CodeIgniter->runController(Object(App\Controllers\Tim))
#9 /Users/ofin/Dataku/_ Project/israfil/server/vendor/codeigniter4/framework/system/CodeIgniter.php(368): CodeIgniter\CodeIgniter->handleRequest(NULL, Object(Config\Cache), false)
#10 /Users/ofin/Dataku/_ Project/israfil/server/public/index.php(75): CodeIgniter\CodeIgniter->run()
#11 /Users/ofin/Dataku/_ Project/israfil/server/vendor/codeigniter4/framework/system/Commands/Server/rewrite.php(47): require_once('/Users/ofin/Dat...')
#12 {main}

Next CodeIgniter\Database\Exceptions\DatabaseException: Access denied for user '****'@'localhost' (using password: NO) in /Users/ofin/Dataku/_ Project/israfil/server/vendor/codeigniter4/framework/system/Database/MySQLi/Connection.php:218
Stack trace:
#0 /Users/ofin/Dataku/_ Project/israfil/server/vendor/codeigniter4/framework/system/Database/BaseConnection.php(391): CodeIgniter\Database\MySQLi\Connection->connect(false)
#1 /Users/ofin/Dataku/_ Project/israfil/server/vendor/codeigniter4/framework/system/Database/BaseConnection.php(574): CodeIgniter\Database\BaseConnection->initialize()
#2 /Users/ofin/Dataku/_ Project/israfil/server/vendor/codeigniter4/framework/system/Database/BaseBuilder.php(1616): CodeIgniter\Database\BaseConnection->query('SELECT *\nFROM `...', Array, false)
#3 /Users/ofin/Dataku/_ Project/israfil/server/vendor/codeigniter4/framework/system/Model.php(241): CodeIgniter\Database\BaseBuilder->get()
#4 /Users/ofin/Dataku/_ Project/israfil/server/vendor/codeigniter4/framework/system/BaseModel.php(618): CodeIgniter\Model->doFindAll(0, 0)
#5 /Users/ofin/Dataku/_ Project/israfil/server/app/Controllers/Tim.php(21): CodeIgniter\BaseModel->findAll()
#6 /Users/ofin/Dataku/_ Project/israfil/server/vendor/codeigniter4/framework/system/CodeIgniter.php(934): App\Controllers\Tim->index()
#7 /Users/ofin/Dataku/_ Project/israfil/server/vendor/codeigniter4/framework/system/CodeIgniter.php(499): CodeIgniter\CodeIgniter->runController(Object(App\Controllers\Tim))
#8 /Users/ofin/Dataku/_ Project/israfil/server/vendor/codeigniter4/framework/system/CodeIgniter.php(368): CodeIgniter\CodeIgniter->handleRequest(NULL, Object(Config\Cache), false)
#9 /Users/ofin/Dataku/_ Project/israfil/server/public/index.php(75): CodeIgniter\CodeIgniter->run()
#10 /Users/ofin/Dataku/_ Project/israfil/server/vendor/codeigniter4/framework/system/Commands/Server/rewrite.php(47): require_once('/Users/ofin/Dat...')
#11 {main}
CRITICAL - 2023-06-04 16:59:44 --> Unable to connect to the database.
Main connection [MySQLi]: Access denied for user '****'@'localhost' (using password: NO)
in SYSTEMPATH/Database/BaseConnection.php on line 427.
 1 SYSTEMPATH/Database/BaseConnection.php(574): CodeIgniter\Database\BaseConnection->initialize()
 2 SYSTEMPATH/Database/BaseBuilder.php(1616): CodeIgniter\Database\BaseConnection->query('SELECT *
FROM `tim`', [], false)
 3 SYSTEMPATH/Model.php(241): CodeIgniter\Database\BaseBuilder->get()
 4 SYSTEMPATH/BaseModel.php(618): CodeIgniter\Model->doFindAll(0, 0)
 5 APPPATH/Controllers/Tim.php(21): CodeIgniter\BaseModel->findAll()
 6 SYSTEMPATH/CodeIgniter.php(934): App\Controllers\Tim->index()
 7 SYSTEMPATH/CodeIgniter.php(499): CodeIgniter\CodeIgniter->runController(Object(App\Controllers\Tim))
 8 SYSTEMPATH/CodeIgniter.php(368): CodeIgniter\CodeIgniter->handleRequest(null, Object(Config\Cache), false)
 9 FCPATH/index.php(75): CodeIgniter\CodeIgniter->run()
10 SYSTEMPATH/Commands/Server/rewrite.php(47): require_once('/Users/ofin/Dataku/_ Project/israfil/server/public/index.php')
ERROR - 2023-06-04 17:00:16 --> Error connecting to the database: mysqli_sql_exception: Access denied for user 'root'@'localhost' (using password: NO) in /Users/ofin/Dataku/_ Project/israfil/server/vendor/codeigniter4/framework/system/Database/MySQLi/Connection.php:174
Stack trace:
#0 /Users/ofin/Dataku/_ Project/israfil/server/vendor/codeigniter4/framework/system/Database/MySQLi/Connection.php(174): mysqli->real_connect('localhost', 'root', '', 'provinsi', 3306, '', 0)
#1 /Users/ofin/Dataku/_ Project/israfil/server/vendor/codeigniter4/framework/system/Database/BaseConnection.php(391): CodeIgniter\Database\MySQLi\Connection->connect(false)
#2 /Users/ofin/Dataku/_ Project/israfil/server/vendor/codeigniter4/framework/system/Database/BaseConnection.php(574): CodeIgniter\Database\BaseConnection->initialize()
#3 /Users/ofin/Dataku/_ Project/israfil/server/vendor/codeigniter4/framework/system/Database/BaseConnection.php(1409): CodeIgniter\Database\BaseConnection->query('SHOW TABLES FRO...')
#4 /Users/ofin/Dataku/_ Project/israfil/server/vendor/codeigniter4/framework/system/Database/BaseConnection.php(1428): CodeIgniter\Database\BaseConnection->listTables()
#5 /Users/ofin/Dataku/_ Project/israfil/server/vendor/codeigniter4/framework/system/Database/MigrationRunner.php(768): CodeIgniter\Database\BaseConnection->tableExists('migrations')
#6 /Users/ofin/Dataku/_ Project/israfil/server/vendor/codeigniter4/framework/system/Database/MigrationRunner.php(168): CodeIgniter\Database\MigrationRunner->ensureTable()
#7 /Users/ofin/Dataku/_ Project/israfil/server/vendor/codeigniter4/framework/system/Commands/Database/Migrate.php(84): CodeIgniter\Database\MigrationRunner->latest(NULL)
#8 /Users/ofin/Dataku/_ Project/israfil/server/vendor/codeigniter4/framework/system/CLI/Commands.php(65): CodeIgniter\Commands\Database\Migrate->run(Array)
#9 /Users/ofin/Dataku/_ Project/israfil/server/vendor/codeigniter4/framework/system/CLI/Console.php(37): CodeIgniter\CLI\Commands->run('migrate', Array)
#10 /Users/ofin/Dataku/_ Project/israfil/server/spark(97): CodeIgniter\CLI\Console->run()
#11 {main}

Next CodeIgniter\Database\Exceptions\DatabaseException: Access denied for user '****'@'localhost' (using password: NO) in /Users/ofin/Dataku/_ Project/israfil/server/vendor/codeigniter4/framework/system/Database/MySQLi/Connection.php:218
Stack trace:
#0 /Users/ofin/Dataku/_ Project/israfil/server/vendor/codeigniter4/framework/system/Database/BaseConnection.php(391): CodeIgniter\Database\MySQLi\Connection->connect(false)
#1 /Users/ofin/Dataku/_ Project/israfil/server/vendor/codeigniter4/framework/system/Database/BaseConnection.php(574): CodeIgniter\Database\BaseConnection->initialize()
#2 /Users/ofin/Dataku/_ Project/israfil/server/vendor/codeigniter4/framework/system/Database/BaseConnection.php(1409): CodeIgniter\Database\BaseConnection->query('SHOW TABLES FRO...')
#3 /Users/ofin/Dataku/_ Project/israfil/server/vendor/codeigniter4/framework/system/Database/BaseConnection.php(1428): CodeIgniter\Database\BaseConnection->listTables()
#4 /Users/ofin/Dataku/_ Project/israfil/server/vendor/codeigniter4/framework/system/Database/MigrationRunner.php(768): CodeIgniter\Database\BaseConnection->tableExists('migrations')
#5 /Users/ofin/Dataku/_ Project/israfil/server/vendor/codeigniter4/framework/system/Database/MigrationRunner.php(168): CodeIgniter\Database\MigrationRunner->ensureTable()
#6 /Users/ofin/Dataku/_ Project/israfil/server/vendor/codeigniter4/framework/system/Commands/Database/Migrate.php(84): CodeIgniter\Database\MigrationRunner->latest(NULL)
#7 /Users/ofin/Dataku/_ Project/israfil/server/vendor/codeigniter4/framework/system/CLI/Commands.php(65): CodeIgniter\Commands\Database\Migrate->run(Array)
#8 /Users/ofin/Dataku/_ Project/israfil/server/vendor/codeigniter4/framework/system/CLI/Console.php(37): CodeIgniter\CLI\Commands->run('migrate', Array)
#9 /Users/ofin/Dataku/_ Project/israfil/server/spark(97): CodeIgniter\CLI\Console->run()
#10 {main}
ERROR - 2023-06-04 17:00:38 --> Error connecting to the database: mysqli_sql_exception: Access denied for user 'root'@'localhost' (using password: NO) in /Users/ofin/Dataku/_ Project/israfil/server/vendor/codeigniter4/framework/system/Database/MySQLi/Connection.php:174
Stack trace:
#0 /Users/ofin/Dataku/_ Project/israfil/server/vendor/codeigniter4/framework/system/Database/MySQLi/Connection.php(174): mysqli->real_connect('localhost', 'root', '', 'provinsi', 3306, '', 0)
#1 /Users/ofin/Dataku/_ Project/israfil/server/vendor/codeigniter4/framework/system/Database/BaseConnection.php(391): CodeIgniter\Database\MySQLi\Connection->connect(false)
#2 /Users/ofin/Dataku/_ Project/israfil/server/vendor/codeigniter4/framework/system/Database/BaseConnection.php(574): CodeIgniter\Database\BaseConnection->initialize()
#3 /Users/ofin/Dataku/_ Project/israfil/server/vendor/codeigniter4/framework/system/Database/BaseConnection.php(1409): CodeIgniter\Database\BaseConnection->query('SHOW TABLES FRO...')
#4 /Users/ofin/Dataku/_ Project/israfil/server/vendor/codeigniter4/framework/system/Database/BaseConnection.php(1428): CodeIgniter\Database\BaseConnection->listTables()
#5 /Users/ofin/Dataku/_ Project/israfil/server/vendor/codeigniter4/framework/system/Database/MigrationRunner.php(768): CodeIgniter\Database\BaseConnection->tableExists('migrations')
#6 /Users/ofin/Dataku/_ Project/israfil/server/vendor/codeigniter4/framework/system/Database/MigrationRunner.php(168): CodeIgniter\Database\MigrationRunner->ensureTable()
#7 /Users/ofin/Dataku/_ Project/israfil/server/vendor/codeigniter4/framework/system/Commands/Database/Migrate.php(84): CodeIgniter\Database\MigrationRunner->latest(NULL)
#8 /Users/ofin/Dataku/_ Project/israfil/server/vendor/codeigniter4/framework/system/CLI/Commands.php(65): CodeIgniter\Commands\Database\Migrate->run(Array)
#9 /Users/ofin/Dataku/_ Project/israfil/server/vendor/codeigniter4/framework/system/CLI/Console.php(37): CodeIgniter\CLI\Commands->run('migrate', Array)
#10 /Users/ofin/Dataku/_ Project/israfil/server/spark(97): CodeIgniter\CLI\Console->run()
#11 {main}

Next CodeIgniter\Database\Exceptions\DatabaseException: Access denied for user '****'@'localhost' (using password: NO) in /Users/ofin/Dataku/_ Project/israfil/server/vendor/codeigniter4/framework/system/Database/MySQLi/Connection.php:218
Stack trace:
#0 /Users/ofin/Dataku/_ Project/israfil/server/vendor/codeigniter4/framework/system/Database/BaseConnection.php(391): CodeIgniter\Database\MySQLi\Connection->connect(false)
#1 /Users/ofin/Dataku/_ Project/israfil/server/vendor/codeigniter4/framework/system/Database/BaseConnection.php(574): CodeIgniter\Database\BaseConnection->initialize()
#2 /Users/ofin/Dataku/_ Project/israfil/server/vendor/codeigniter4/framework/system/Database/BaseConnection.php(1409): CodeIgniter\Database\BaseConnection->query('SHOW TABLES FRO...')
#3 /Users/ofin/Dataku/_ Project/israfil/server/vendor/codeigniter4/framework/system/Database/BaseConnection.php(1428): CodeIgniter\Database\BaseConnection->listTables()
#4 /Users/ofin/Dataku/_ Project/israfil/server/vendor/codeigniter4/framework/system/Database/MigrationRunner.php(768): CodeIgniter\Database\BaseConnection->tableExists('migrations')
#5 /Users/ofin/Dataku/_ Project/israfil/server/vendor/codeigniter4/framework/system/Database/MigrationRunner.php(168): CodeIgniter\Database\MigrationRunner->ensureTable()
#6 /Users/ofin/Dataku/_ Project/israfil/server/vendor/codeigniter4/framework/system/Commands/Database/Migrate.php(84): CodeIgniter\Database\MigrationRunner->latest(NULL)
#7 /Users/ofin/Dataku/_ Project/israfil/server/vendor/codeigniter4/framework/system/CLI/Commands.php(65): CodeIgniter\Commands\Database\Migrate->run(Array)
#8 /Users/ofin/Dataku/_ Project/israfil/server/vendor/codeigniter4/framework/system/CLI/Console.php(37): CodeIgniter\CLI\Commands->run('migrate', Array)
#9 /Users/ofin/Dataku/_ Project/israfil/server/spark(97): CodeIgniter\CLI\Console->run()
#10 {main}
ERROR - 2023-06-04 17:01:23 --> Error connecting to the database: mysqli_sql_exception: Access denied for user 'root'@'localhost' (using password: NO) in /Users/ofin/Dataku/_ Project/israfil/server/vendor/codeigniter4/framework/system/Database/MySQLi/Connection.php:174
Stack trace:
#0 /Users/ofin/Dataku/_ Project/israfil/server/vendor/codeigniter4/framework/system/Database/MySQLi/Connection.php(174): mysqli->real_connect('localhost', 'root', '', 'provinsi', 3306, '', 0)
#1 /Users/ofin/Dataku/_ Project/israfil/server/vendor/codeigniter4/framework/system/Database/BaseConnection.php(391): CodeIgniter\Database\MySQLi\Connection->connect(false)
#2 /Users/ofin/Dataku/_ Project/israfil/server/vendor/codeigniter4/framework/system/Database/BaseConnection.php(574): CodeIgniter\Database\BaseConnection->initialize()
#3 /Users/ofin/Dataku/_ Project/israfil/server/vendor/codeigniter4/framework/system/Database/BaseConnection.php(1409): CodeIgniter\Database\BaseConnection->query('SHOW TABLES FRO...')
#4 /Users/ofin/Dataku/_ Project/israfil/server/vendor/codeigniter4/framework/system/Database/BaseConnection.php(1428): CodeIgniter\Database\BaseConnection->listTables()
#5 /Users/ofin/Dataku/_ Project/israfil/server/vendor/codeigniter4/framework/system/Database/MigrationRunner.php(768): CodeIgniter\Database\BaseConnection->tableExists('migrations')
#6 /Users/ofin/Dataku/_ Project/israfil/server/vendor/codeigniter4/framework/system/Database/MigrationRunner.php(168): CodeIgniter\Database\MigrationRunner->ensureTable()
#7 /Users/ofin/Dataku/_ Project/israfil/server/vendor/codeigniter4/framework/system/Commands/Database/Migrate.php(84): CodeIgniter\Database\MigrationRunner->latest(NULL)
#8 /Users/ofin/Dataku/_ Project/israfil/server/vendor/codeigniter4/framework/system/CLI/Commands.php(65): CodeIgniter\Commands\Database\Migrate->run(Array)
#9 /Users/ofin/Dataku/_ Project/israfil/server/vendor/codeigniter4/framework/system/CLI/Console.php(37): CodeIgniter\CLI\Commands->run('migrate', Array)
#10 /Users/ofin/Dataku/_ Project/israfil/server/spark(97): CodeIgniter\CLI\Console->run()
#11 {main}

Next CodeIgniter\Database\Exceptions\DatabaseException: Access denied for user '****'@'localhost' (using password: NO) in /Users/ofin/Dataku/_ Project/israfil/server/vendor/codeigniter4/framework/system/Database/MySQLi/Connection.php:218
Stack trace:
#0 /Users/ofin/Dataku/_ Project/israfil/server/vendor/codeigniter4/framework/system/Database/BaseConnection.php(391): CodeIgniter\Database\MySQLi\Connection->connect(false)
#1 /Users/ofin/Dataku/_ Project/israfil/server/vendor/codeigniter4/framework/system/Database/BaseConnection.php(574): CodeIgniter\Database\BaseConnection->initialize()
#2 /Users/ofin/Dataku/_ Project/israfil/server/vendor/codeigniter4/framework/system/Database/BaseConnection.php(1409): CodeIgniter\Database\BaseConnection->query('SHOW TABLES FRO...')
#3 /Users/ofin/Dataku/_ Project/israfil/server/vendor/codeigniter4/framework/system/Database/BaseConnection.php(1428): CodeIgniter\Database\BaseConnection->listTables()
#4 /Users/ofin/Dataku/_ Project/israfil/server/vendor/codeigniter4/framework/system/Database/MigrationRunner.php(768): CodeIgniter\Database\BaseConnection->tableExists('migrations')
#5 /Users/ofin/Dataku/_ Project/israfil/server/vendor/codeigniter4/framework/system/Database/MigrationRunner.php(168): CodeIgniter\Database\MigrationRunner->ensureTable()
#6 /Users/ofin/Dataku/_ Project/israfil/server/vendor/codeigniter4/framework/system/Commands/Database/Migrate.php(84): CodeIgniter\Database\MigrationRunner->latest(NULL)
#7 /Users/ofin/Dataku/_ Project/israfil/server/vendor/codeigniter4/framework/system/CLI/Commands.php(65): CodeIgniter\Commands\Database\Migrate->run(Array)
#8 /Users/ofin/Dataku/_ Project/israfil/server/vendor/codeigniter4/framework/system/CLI/Console.php(37): CodeIgniter\CLI\Commands->run('migrate', Array)
#9 /Users/ofin/Dataku/_ Project/israfil/server/spark(97): CodeIgniter\CLI\Console->run()
#10 {main}
ERROR - 2023-06-04 17:06:25 --> Error connecting to the database: mysqli_sql_exception: Access denied for user 'root'@'localhost' (using password: NO) in /Users/ofin/Dataku/_ Project/israfil/server/vendor/codeigniter4/framework/system/Database/MySQLi/Connection.php:174
Stack trace:
#0 /Users/ofin/Dataku/_ Project/israfil/server/vendor/codeigniter4/framework/system/Database/MySQLi/Connection.php(174): mysqli->real_connect('localhost', 'root', '', 'provinsi', 3306, '', 0)
#1 /Users/ofin/Dataku/_ Project/israfil/server/vendor/codeigniter4/framework/system/Database/BaseConnection.php(391): CodeIgniter\Database\MySQLi\Connection->connect(false)
#2 /Users/ofin/Dataku/_ Project/israfil/server/vendor/codeigniter4/framework/system/Database/BaseConnection.php(574): CodeIgniter\Database\BaseConnection->initialize()
#3 /Users/ofin/Dataku/_ Project/israfil/server/vendor/codeigniter4/framework/system/Database/BaseBuilder.php(1616): CodeIgniter\Database\BaseConnection->query('SELECT *\nFROM `...', Array, false)
#4 /Users/ofin/Dataku/_ Project/israfil/server/vendor/codeigniter4/framework/system/Model.php(241): CodeIgniter\Database\BaseBuilder->get()
#5 /Users/ofin/Dataku/_ Project/israfil/server/vendor/codeigniter4/framework/system/BaseModel.php(618): CodeIgniter\Model->doFindAll(0, 0)
#6 /Users/ofin/Dataku/_ Project/israfil/server/app/Controllers/Tim.php(21): CodeIgniter\BaseModel->findAll()
#7 /Users/ofin/Dataku/_ Project/israfil/server/vendor/codeigniter4/framework/system/CodeIgniter.php(934): App\Controllers\Tim->index()
#8 /Users/ofin/Dataku/_ Project/israfil/server/vendor/codeigniter4/framework/system/CodeIgniter.php(499): CodeIgniter\CodeIgniter->runController(Object(App\Controllers\Tim))
#9 /Users/ofin/Dataku/_ Project/israfil/server/vendor/codeigniter4/framework/system/CodeIgniter.php(368): CodeIgniter\CodeIgniter->handleRequest(NULL, Object(Config\Cache), false)
#10 /Users/ofin/Dataku/_ Project/israfil/server/public/index.php(75): CodeIgniter\CodeIgniter->run()
#11 /Users/ofin/Dataku/_ Project/israfil/server/vendor/codeigniter4/framework/system/Commands/Server/rewrite.php(47): require_once('/Users/ofin/Dat...')
#12 {main}

Next CodeIgniter\Database\Exceptions\DatabaseException: Access denied for user '****'@'localhost' (using password: NO) in /Users/ofin/Dataku/_ Project/israfil/server/vendor/codeigniter4/framework/system/Database/MySQLi/Connection.php:218
Stack trace:
#0 /Users/ofin/Dataku/_ Project/israfil/server/vendor/codeigniter4/framework/system/Database/BaseConnection.php(391): CodeIgniter\Database\MySQLi\Connection->connect(false)
#1 /Users/ofin/Dataku/_ Project/israfil/server/vendor/codeigniter4/framework/system/Database/BaseConnection.php(574): CodeIgniter\Database\BaseConnection->initialize()
#2 /Users/ofin/Dataku/_ Project/israfil/server/vendor/codeigniter4/framework/system/Database/BaseBuilder.php(1616): CodeIgniter\Database\BaseConnection->query('SELECT *\nFROM `...', Array, false)
#3 /Users/ofin/Dataku/_ Project/israfil/server/vendor/codeigniter4/framework/system/Model.php(241): CodeIgniter\Database\BaseBuilder->get()
#4 /Users/ofin/Dataku/_ Project/israfil/server/vendor/codeigniter4/framework/system/BaseModel.php(618): CodeIgniter\Model->doFindAll(0, 0)
#5 /Users/ofin/Dataku/_ Project/israfil/server/app/Controllers/Tim.php(21): CodeIgniter\BaseModel->findAll()
#6 /Users/ofin/Dataku/_ Project/israfil/server/vendor/codeigniter4/framework/system/CodeIgniter.php(934): App\Controllers\Tim->index()
#7 /Users/ofin/Dataku/_ Project/israfil/server/vendor/codeigniter4/framework/system/CodeIgniter.php(499): CodeIgniter\CodeIgniter->runController(Object(App\Controllers\Tim))
#8 /Users/ofin/Dataku/_ Project/israfil/server/vendor/codeigniter4/framework/system/CodeIgniter.php(368): CodeIgniter\CodeIgniter->handleRequest(NULL, Object(Config\Cache), false)
#9 /Users/ofin/Dataku/_ Project/israfil/server/public/index.php(75): CodeIgniter\CodeIgniter->run()
#10 /Users/ofin/Dataku/_ Project/israfil/server/vendor/codeigniter4/framework/system/Commands/Server/rewrite.php(47): require_once('/Users/ofin/Dat...')
#11 {main}
CRITICAL - 2023-06-04 17:06:25 --> Unable to connect to the database.
Main connection [MySQLi]: Access denied for user '****'@'localhost' (using password: NO)
in SYSTEMPATH/Database/BaseConnection.php on line 427.
 1 SYSTEMPATH/Database/BaseConnection.php(574): CodeIgniter\Database\BaseConnection->initialize()
 2 SYSTEMPATH/Database/BaseBuilder.php(1616): CodeIgniter\Database\BaseConnection->query('SELECT *
FROM `tim`', [], false)
 3 SYSTEMPATH/Model.php(241): CodeIgniter\Database\BaseBuilder->get()
 4 SYSTEMPATH/BaseModel.php(618): CodeIgniter\Model->doFindAll(0, 0)
 5 APPPATH/Controllers/Tim.php(21): CodeIgniter\BaseModel->findAll()
 6 SYSTEMPATH/CodeIgniter.php(934): App\Controllers\Tim->index()
 7 SYSTEMPATH/CodeIgniter.php(499): CodeIgniter\CodeIgniter->runController(Object(App\Controllers\Tim))
 8 SYSTEMPATH/CodeIgniter.php(368): CodeIgniter\CodeIgniter->handleRequest(null, Object(Config\Cache), false)
 9 FCPATH/index.php(75): CodeIgniter\CodeIgniter->run()
10 SYSTEMPATH/Commands/Server/rewrite.php(47): require_once('/Users/ofin/Dataku/_ Project/israfil/server/public/index.php')
ERROR - 2023-06-04 17:06:39 --> Error connecting to the database: mysqli_sql_exception: Access denied for user 'root'@'localhost' (using password: NO) in /Users/ofin/Dataku/_ Project/israfil/server/vendor/codeigniter4/framework/system/Database/MySQLi/Connection.php:174
Stack trace:
#0 /Users/ofin/Dataku/_ Project/israfil/server/vendor/codeigniter4/framework/system/Database/MySQLi/Connection.php(174): mysqli->real_connect('localhost', 'root', '', 'provinsi', 3306, '', 0)
#1 /Users/ofin/Dataku/_ Project/israfil/server/vendor/codeigniter4/framework/system/Database/BaseConnection.php(391): CodeIgniter\Database\MySQLi\Connection->connect(false)
#2 /Users/ofin/Dataku/_ Project/israfil/server/vendor/codeigniter4/framework/system/Database/BaseConnection.php(574): CodeIgniter\Database\BaseConnection->initialize()
#3 /Users/ofin/Dataku/_ Project/israfil/server/vendor/codeigniter4/framework/system/Database/BaseConnection.php(1409): CodeIgniter\Database\BaseConnection->query('SHOW TABLES FRO...')
#4 /Users/ofin/Dataku/_ Project/israfil/server/vendor/codeigniter4/framework/system/Database/BaseConnection.php(1428): CodeIgniter\Database\BaseConnection->listTables()
#5 /Users/ofin/Dataku/_ Project/israfil/server/vendor/codeigniter4/framework/system/Database/MigrationRunner.php(768): CodeIgniter\Database\BaseConnection->tableExists('migrations')
#6 /Users/ofin/Dataku/_ Project/israfil/server/vendor/codeigniter4/framework/system/Database/MigrationRunner.php(168): CodeIgniter\Database\MigrationRunner->ensureTable()
#7 /Users/ofin/Dataku/_ Project/israfil/server/vendor/codeigniter4/framework/system/Commands/Database/Migrate.php(84): CodeIgniter\Database\MigrationRunner->latest(NULL)
#8 /Users/ofin/Dataku/_ Project/israfil/server/vendor/codeigniter4/framework/system/CLI/Commands.php(65): CodeIgniter\Commands\Database\Migrate->run(Array)
#9 /Users/ofin/Dataku/_ Project/israfil/server/vendor/codeigniter4/framework/system/CLI/Console.php(37): CodeIgniter\CLI\Commands->run('migrate', Array)
#10 /Users/ofin/Dataku/_ Project/israfil/server/spark(97): CodeIgniter\CLI\Console->run()
#11 {main}

Next CodeIgniter\Database\Exceptions\DatabaseException: Access denied for user '****'@'localhost' (using password: NO) in /Users/ofin/Dataku/_ Project/israfil/server/vendor/codeigniter4/framework/system/Database/MySQLi/Connection.php:218
Stack trace:
#0 /Users/ofin/Dataku/_ Project/israfil/server/vendor/codeigniter4/framework/system/Database/BaseConnection.php(391): CodeIgniter\Database\MySQLi\Connection->connect(false)
#1 /Users/ofin/Dataku/_ Project/israfil/server/vendor/codeigniter4/framework/system/Database/BaseConnection.php(574): CodeIgniter\Database\BaseConnection->initialize()
#2 /Users/ofin/Dataku/_ Project/israfil/server/vendor/codeigniter4/framework/system/Database/BaseConnection.php(1409): CodeIgniter\Database\BaseConnection->query('SHOW TABLES FRO...')
#3 /Users/ofin/Dataku/_ Project/israfil/server/vendor/codeigniter4/framework/system/Database/BaseConnection.php(1428): CodeIgniter\Database\BaseConnection->listTables()
#4 /Users/ofin/Dataku/_ Project/israfil/server/vendor/codeigniter4/framework/system/Database/MigrationRunner.php(768): CodeIgniter\Database\BaseConnection->tableExists('migrations')
#5 /Users/ofin/Dataku/_ Project/israfil/server/vendor/codeigniter4/framework/system/Database/MigrationRunner.php(168): CodeIgniter\Database\MigrationRunner->ensureTable()
#6 /Users/ofin/Dataku/_ Project/israfil/server/vendor/codeigniter4/framework/system/Commands/Database/Migrate.php(84): CodeIgniter\Database\MigrationRunner->latest(NULL)
#7 /Users/ofin/Dataku/_ Project/israfil/server/vendor/codeigniter4/framework/system/CLI/Commands.php(65): CodeIgniter\Commands\Database\Migrate->run(Array)
#8 /Users/ofin/Dataku/_ Project/israfil/server/vendor/codeigniter4/framework/system/CLI/Console.php(37): CodeIgniter\CLI\Commands->run('migrate', Array)
#9 /Users/ofin/Dataku/_ Project/israfil/server/spark(97): CodeIgniter\CLI\Console->run()
#10 {main}
ERROR - 2023-06-04 17:07:44 --> Error connecting to the database: mysqli_sql_exception: Access denied for user 'root'@'localhost' (using password: NO) in /Users/ofin/Dataku/_ Project/israfil/server/vendor/codeigniter4/framework/system/Database/MySQLi/Connection.php:174
Stack trace:
#0 /Users/ofin/Dataku/_ Project/israfil/server/vendor/codeigniter4/framework/system/Database/MySQLi/Connection.php(174): mysqli->real_connect('localhost', 'root', '', 'provinsi', 3306, '', 0)
#1 /Users/ofin/Dataku/_ Project/israfil/server/vendor/codeigniter4/framework/system/Database/BaseConnection.php(391): CodeIgniter\Database\MySQLi\Connection->connect(false)
#2 /Users/ofin/Dataku/_ Project/israfil/server/vendor/codeigniter4/framework/system/Database/BaseConnection.php(574): CodeIgniter\Database\BaseConnection->initialize()
#3 /Users/ofin/Dataku/_ Project/israfil/server/vendor/codeigniter4/framework/system/Database/BaseBuilder.php(1616): CodeIgniter\Database\BaseConnection->query('SELECT *\nFROM `...', Array, false)
#4 /Users/ofin/Dataku/_ Project/israfil/server/vendor/codeigniter4/framework/system/Model.php(241): CodeIgniter\Database\BaseBuilder->get()
#5 /Users/ofin/Dataku/_ Project/israfil/server/vendor/codeigniter4/framework/system/BaseModel.php(618): CodeIgniter\Model->doFindAll(0, 0)
#6 /Users/ofin/Dataku/_ Project/israfil/server/app/Controllers/Tim.php(21): CodeIgniter\BaseModel->findAll()
#7 /Users/ofin/Dataku/_ Project/israfil/server/vendor/codeigniter4/framework/system/CodeIgniter.php(934): App\Controllers\Tim->index()
#8 /Users/ofin/Dataku/_ Project/israfil/server/vendor/codeigniter4/framework/system/CodeIgniter.php(499): CodeIgniter\CodeIgniter->runController(Object(App\Controllers\Tim))
#9 /Users/ofin/Dataku/_ Project/israfil/server/vendor/codeigniter4/framework/system/CodeIgniter.php(368): CodeIgniter\CodeIgniter->handleRequest(NULL, Object(Config\Cache), false)
#10 /Users/ofin/Dataku/_ Project/israfil/server/public/index.php(75): CodeIgniter\CodeIgniter->run()
#11 /Users/ofin/Dataku/_ Project/israfil/server/vendor/codeigniter4/framework/system/Commands/Server/rewrite.php(47): require_once('/Users/ofin/Dat...')
#12 {main}

Next CodeIgniter\Database\Exceptions\DatabaseException: Access denied for user '****'@'localhost' (using password: NO) in /Users/ofin/Dataku/_ Project/israfil/server/vendor/codeigniter4/framework/system/Database/MySQLi/Connection.php:218
Stack trace:
#0 /Users/ofin/Dataku/_ Project/israfil/server/vendor/codeigniter4/framework/system/Database/BaseConnection.php(391): CodeIgniter\Database\MySQLi\Connection->connect(false)
#1 /Users/ofin/Dataku/_ Project/israfil/server/vendor/codeigniter4/framework/system/Database/BaseConnection.php(574): CodeIgniter\Database\BaseConnection->initialize()
#2 /Users/ofin/Dataku/_ Project/israfil/server/vendor/codeigniter4/framework/system/Database/BaseBuilder.php(1616): CodeIgniter\Database\BaseConnection->query('SELECT *\nFROM `...', Array, false)
#3 /Users/ofin/Dataku/_ Project/israfil/server/vendor/codeigniter4/framework/system/Model.php(241): CodeIgniter\Database\BaseBuilder->get()
#4 /Users/ofin/Dataku/_ Project/israfil/server/vendor/codeigniter4/framework/system/BaseModel.php(618): CodeIgniter\Model->doFindAll(0, 0)
#5 /Users/ofin/Dataku/_ Project/israfil/server/app/Controllers/Tim.php(21): CodeIgniter\BaseModel->findAll()
#6 /Users/ofin/Dataku/_ Project/israfil/server/vendor/codeigniter4/framework/system/CodeIgniter.php(934): App\Controllers\Tim->index()
#7 /Users/ofin/Dataku/_ Project/israfil/server/vendor/codeigniter4/framework/system/CodeIgniter.php(499): CodeIgniter\CodeIgniter->runController(Object(App\Controllers\Tim))
#8 /Users/ofin/Dataku/_ Project/israfil/server/vendor/codeigniter4/framework/system/CodeIgniter.php(368): CodeIgniter\CodeIgniter->handleRequest(NULL, Object(Config\Cache), false)
#9 /Users/ofin/Dataku/_ Project/israfil/server/public/index.php(75): CodeIgniter\CodeIgniter->run()
#10 /Users/ofin/Dataku/_ Project/israfil/server/vendor/codeigniter4/framework/system/Commands/Server/rewrite.php(47): require_once('/Users/ofin/Dat...')
#11 {main}
CRITICAL - 2023-06-04 17:07:44 --> Unable to connect to the database.
Main connection [MySQLi]: Access denied for user '****'@'localhost' (using password: NO)
in SYSTEMPATH/Database/BaseConnection.php on line 427.
 1 SYSTEMPATH/Database/BaseConnection.php(574): CodeIgniter\Database\BaseConnection->initialize()
 2 SYSTEMPATH/Database/BaseBuilder.php(1616): CodeIgniter\Database\BaseConnection->query('SELECT *
FROM `tim`', [], false)
 3 SYSTEMPATH/Model.php(241): CodeIgniter\Database\BaseBuilder->get()
 4 SYSTEMPATH/BaseModel.php(618): CodeIgniter\Model->doFindAll(0, 0)
 5 APPPATH/Controllers/Tim.php(21): CodeIgniter\BaseModel->findAll()
 6 SYSTEMPATH/CodeIgniter.php(934): App\Controllers\Tim->index()
 7 SYSTEMPATH/CodeIgniter.php(499): CodeIgniter\CodeIgniter->runController(Object(App\Controllers\Tim))
 8 SYSTEMPATH/CodeIgniter.php(368): CodeIgniter\CodeIgniter->handleRequest(null, Object(Config\Cache), false)
 9 FCPATH/index.php(75): CodeIgniter\CodeIgniter->run()
10 SYSTEMPATH/Commands/Server/rewrite.php(47): require_once('/Users/ofin/Dataku/_ Project/israfil/server/public/index.php')
ERROR - 2023-06-04 17:07:51 --> Error connecting to the database: mysqli_sql_exception: Access denied for user 'root'@'localhost' (using password: NO) in /Users/ofin/Dataku/_ Project/israfil/server/vendor/codeigniter4/framework/system/Database/MySQLi/Connection.php:174
Stack trace:
#0 /Users/ofin/Dataku/_ Project/israfil/server/vendor/codeigniter4/framework/system/Database/MySQLi/Connection.php(174): mysqli->real_connect('localhost', 'root', '', 'provinsi', 3306, '', 0)
#1 /Users/ofin/Dataku/_ Project/israfil/server/vendor/codeigniter4/framework/system/Database/BaseConnection.php(391): CodeIgniter\Database\MySQLi\Connection->connect(false)
#2 /Users/ofin/Dataku/_ Project/israfil/server/vendor/codeigniter4/framework/system/Database/BaseConnection.php(574): CodeIgniter\Database\BaseConnection->initialize()
#3 /Users/ofin/Dataku/_ Project/israfil/server/vendor/codeigniter4/framework/system/Database/BaseConnection.php(1409): CodeIgniter\Database\BaseConnection->query('SHOW TABLES FRO...')
#4 /Users/ofin/Dataku/_ Project/israfil/server/vendor/codeigniter4/framework/system/Database/BaseConnection.php(1428): CodeIgniter\Database\BaseConnection->listTables()
#5 /Users/ofin/Dataku/_ Project/israfil/server/vendor/codeigniter4/framework/system/Database/MigrationRunner.php(768): CodeIgniter\Database\BaseConnection->tableExists('migrations')
#6 /Users/ofin/Dataku/_ Project/israfil/server/vendor/codeigniter4/framework/system/Database/MigrationRunner.php(168): CodeIgniter\Database\MigrationRunner->ensureTable()
#7 /Users/ofin/Dataku/_ Project/israfil/server/vendor/codeigniter4/framework/system/Commands/Database/Migrate.php(84): CodeIgniter\Database\MigrationRunner->latest(NULL)
#8 /Users/ofin/Dataku/_ Project/israfil/server/vendor/codeigniter4/framework/system/CLI/Commands.php(65): CodeIgniter\Commands\Database\Migrate->run(Array)
#9 /Users/ofin/Dataku/_ Project/israfil/server/vendor/codeigniter4/framework/system/CLI/Console.php(37): CodeIgniter\CLI\Commands->run('migrate', Array)
#10 /Users/ofin/Dataku/_ Project/israfil/server/spark(97): CodeIgniter\CLI\Console->run()
#11 {main}

Next CodeIgniter\Database\Exceptions\DatabaseException: Access denied for user '****'@'localhost' (using password: NO) in /Users/ofin/Dataku/_ Project/israfil/server/vendor/codeigniter4/framework/system/Database/MySQLi/Connection.php:218
Stack trace:
#0 /Users/ofin/Dataku/_ Project/israfil/server/vendor/codeigniter4/framework/system/Database/BaseConnection.php(391): CodeIgniter\Database\MySQLi\Connection->connect(false)
#1 /Users/ofin/Dataku/_ Project/israfil/server/vendor/codeigniter4/framework/system/Database/BaseConnection.php(574): CodeIgniter\Database\BaseConnection->initialize()
#2 /Users/ofin/Dataku/_ Project/israfil/server/vendor/codeigniter4/framework/system/Database/BaseConnection.php(1409): CodeIgniter\Database\BaseConnection->query('SHOW TABLES FRO...')
#3 /Users/ofin/Dataku/_ Project/israfil/server/vendor/codeigniter4/framework/system/Database/BaseConnection.php(1428): CodeIgniter\Database\BaseConnection->listTables()
#4 /Users/ofin/Dataku/_ Project/israfil/server/vendor/codeigniter4/framework/system/Database/MigrationRunner.php(768): CodeIgniter\Database\BaseConnection->tableExists('migrations')
#5 /Users/ofin/Dataku/_ Project/israfil/server/vendor/codeigniter4/framework/system/Database/MigrationRunner.php(168): CodeIgniter\Database\MigrationRunner->ensureTable()
#6 /Users/ofin/Dataku/_ Project/israfil/server/vendor/codeigniter4/framework/system/Commands/Database/Migrate.php(84): CodeIgniter\Database\MigrationRunner->latest(NULL)
#7 /Users/ofin/Dataku/_ Project/israfil/server/vendor/codeigniter4/framework/system/CLI/Commands.php(65): CodeIgniter\Commands\Database\Migrate->run(Array)
#8 /Users/ofin/Dataku/_ Project/israfil/server/vendor/codeigniter4/framework/system/CLI/Console.php(37): CodeIgniter\CLI\Commands->run('migrate', Array)
#9 /Users/ofin/Dataku/_ Project/israfil/server/spark(97): CodeIgniter\CLI\Console->run()
#10 {main}
ERROR - 2023-06-04 17:08:13 --> Error connecting to the database: mysqli_sql_exception: Access denied for user 'root'@'localhost' (using password: NO) in /Users/ofin/Dataku/_ Project/israfil/server/vendor/codeigniter4/framework/system/Database/MySQLi/Connection.php:174
Stack trace:
#0 /Users/ofin/Dataku/_ Project/israfil/server/vendor/codeigniter4/framework/system/Database/MySQLi/Connection.php(174): mysqli->real_connect('localhost', 'root', '', 'provinsi', 3306, '', 0)
#1 /Users/ofin/Dataku/_ Project/israfil/server/vendor/codeigniter4/framework/system/Database/BaseConnection.php(391): CodeIgniter\Database\MySQLi\Connection->connect(false)
#2 /Users/ofin/Dataku/_ Project/israfil/server/vendor/codeigniter4/framework/system/Database/BaseConnection.php(574): CodeIgniter\Database\BaseConnection->initialize()
#3 /Users/ofin/Dataku/_ Project/israfil/server/vendor/codeigniter4/framework/system/Database/BaseConnection.php(1409): CodeIgniter\Database\BaseConnection->query('SHOW TABLES FRO...')
#4 /Users/ofin/Dataku/_ Project/israfil/server/vendor/codeigniter4/framework/system/Database/BaseConnection.php(1428): CodeIgniter\Database\BaseConnection->listTables()
#5 /Users/ofin/Dataku/_ Project/israfil/server/vendor/codeigniter4/framework/system/Database/MigrationRunner.php(768): CodeIgniter\Database\BaseConnection->tableExists('migrations')
#6 /Users/ofin/Dataku/_ Project/israfil/server/vendor/codeigniter4/framework/system/Database/MigrationRunner.php(168): CodeIgniter\Database\MigrationRunner->ensureTable()
#7 /Users/ofin/Dataku/_ Project/israfil/server/vendor/codeigniter4/framework/system/Commands/Database/Migrate.php(84): CodeIgniter\Database\MigrationRunner->latest(NULL)
#8 /Users/ofin/Dataku/_ Project/israfil/server/vendor/codeigniter4/framework/system/CLI/Commands.php(65): CodeIgniter\Commands\Database\Migrate->run(Array)
#9 /Users/ofin/Dataku/_ Project/israfil/server/vendor/codeigniter4/framework/system/CLI/Console.php(37): CodeIgniter\CLI\Commands->run('migrate', Array)
#10 /Users/ofin/Dataku/_ Project/israfil/server/spark(97): CodeIgniter\CLI\Console->run()
#11 {main}

Next CodeIgniter\Database\Exceptions\DatabaseException: Access denied for user '****'@'localhost' (using password: NO) in /Users/ofin/Dataku/_ Project/israfil/server/vendor/codeigniter4/framework/system/Database/MySQLi/Connection.php:218
Stack trace:
#0 /Users/ofin/Dataku/_ Project/israfil/server/vendor/codeigniter4/framework/system/Database/BaseConnection.php(391): CodeIgniter\Database\MySQLi\Connection->connect(false)
#1 /Users/ofin/Dataku/_ Project/israfil/server/vendor/codeigniter4/framework/system/Database/BaseConnection.php(574): CodeIgniter\Database\BaseConnection->initialize()
#2 /Users/ofin/Dataku/_ Project/israfil/server/vendor/codeigniter4/framework/system/Database/BaseConnection.php(1409): CodeIgniter\Database\BaseConnection->query('SHOW TABLES FRO...')
#3 /Users/ofin/Dataku/_ Project/israfil/server/vendor/codeigniter4/framework/system/Database/BaseConnection.php(1428): CodeIgniter\Database\BaseConnection->listTables()
#4 /Users/ofin/Dataku/_ Project/israfil/server/vendor/codeigniter4/framework/system/Database/MigrationRunner.php(768): CodeIgniter\Database\BaseConnection->tableExists('migrations')
#5 /Users/ofin/Dataku/_ Project/israfil/server/vendor/codeigniter4/framework/system/Database/MigrationRunner.php(168): CodeIgniter\Database\MigrationRunner->ensureTable()
#6 /Users/ofin/Dataku/_ Project/israfil/server/vendor/codeigniter4/framework/system/Commands/Database/Migrate.php(84): CodeIgniter\Database\MigrationRunner->latest(NULL)
#7 /Users/ofin/Dataku/_ Project/israfil/server/vendor/codeigniter4/framework/system/CLI/Commands.php(65): CodeIgniter\Commands\Database\Migrate->run(Array)
#8 /Users/ofin/Dataku/_ Project/israfil/server/vendor/codeigniter4/framework/system/CLI/Console.php(37): CodeIgniter\CLI\Commands->run('migrate', Array)
#9 /Users/ofin/Dataku/_ Project/israfil/server/spark(97): CodeIgniter\CLI\Console->run()
#10 {main}
ERROR - 2023-06-04 17:13:06 --> Error connecting to the database: mysqli_sql_exception: Access denied for user 'root'@'localhost' (using password: NO) in /Users/ofin/Dataku/_ Project/israfil/server/vendor/codeigniter4/framework/system/Database/MySQLi/Connection.php:174
Stack trace:
#0 /Users/ofin/Dataku/_ Project/israfil/server/vendor/codeigniter4/framework/system/Database/MySQLi/Connection.php(174): mysqli->real_connect('localhost', 'root', '', 'provinsi', 3306, '', 0)
#1 /Users/ofin/Dataku/_ Project/israfil/server/vendor/codeigniter4/framework/system/Database/BaseConnection.php(391): CodeIgniter\Database\MySQLi\Connection->connect(false)
#2 /Users/ofin/Dataku/_ Project/israfil/server/vendor/codeigniter4/framework/system/Database/BaseConnection.php(574): CodeIgniter\Database\BaseConnection->initialize()
#3 /Users/ofin/Dataku/_ Project/israfil/server/vendor/codeigniter4/framework/system/Database/BaseBuilder.php(1616): CodeIgniter\Database\BaseConnection->query('SELECT *\nFROM `...', Array, false)
#4 /Users/ofin/Dataku/_ Project/israfil/server/vendor/codeigniter4/framework/system/Model.php(241): CodeIgniter\Database\BaseBuilder->get()
#5 /Users/ofin/Dataku/_ Project/israfil/server/vendor/codeigniter4/framework/system/BaseModel.php(618): CodeIgniter\Model->doFindAll(0, 0)
#6 /Users/ofin/Dataku/_ Project/israfil/server/app/Controllers/Tim.php(21): CodeIgniter\BaseModel->findAll()
#7 /Users/ofin/Dataku/_ Project/israfil/server/vendor/codeigniter4/framework/system/CodeIgniter.php(934): App\Controllers\Tim->index()
#8 /Users/ofin/Dataku/_ Project/israfil/server/vendor/codeigniter4/framework/system/CodeIgniter.php(499): CodeIgniter\CodeIgniter->runController(Object(App\Controllers\Tim))
#9 /Users/ofin/Dataku/_ Project/israfil/server/vendor/codeigniter4/framework/system/CodeIgniter.php(368): CodeIgniter\CodeIgniter->handleRequest(NULL, Object(Config\Cache), false)
#10 /Users/ofin/Dataku/_ Project/israfil/server/public/index.php(75): CodeIgniter\CodeIgniter->run()
#11 /Users/ofin/Dataku/_ Project/israfil/server/vendor/codeigniter4/framework/system/Commands/Server/rewrite.php(47): require_once('/Users/ofin/Dat...')
#12 {main}

Next CodeIgniter\Database\Exceptions\DatabaseException: Access denied for user '****'@'localhost' (using password: NO) in /Users/ofin/Dataku/_ Project/israfil/server/vendor/codeigniter4/framework/system/Database/MySQLi/Connection.php:218
Stack trace:
#0 /Users/ofin/Dataku/_ Project/israfil/server/vendor/codeigniter4/framework/system/Database/BaseConnection.php(391): CodeIgniter\Database\MySQLi\Connection->connect(false)
#1 /Users/ofin/Dataku/_ Project/israfil/server/vendor/codeigniter4/framework/system/Database/BaseConnection.php(574): CodeIgniter\Database\BaseConnection->initialize()
#2 /Users/ofin/Dataku/_ Project/israfil/server/vendor/codeigniter4/framework/system/Database/BaseBuilder.php(1616): CodeIgniter\Database\BaseConnection->query('SELECT *\nFROM `...', Array, false)
#3 /Users/ofin/Dataku/_ Project/israfil/server/vendor/codeigniter4/framework/system/Model.php(241): CodeIgniter\Database\BaseBuilder->get()
#4 /Users/ofin/Dataku/_ Project/israfil/server/vendor/codeigniter4/framework/system/BaseModel.php(618): CodeIgniter\Model->doFindAll(0, 0)
#5 /Users/ofin/Dataku/_ Project/israfil/server/app/Controllers/Tim.php(21): CodeIgniter\BaseModel->findAll()
#6 /Users/ofin/Dataku/_ Project/israfil/server/vendor/codeigniter4/framework/system/CodeIgniter.php(934): App\Controllers\Tim->index()
#7 /Users/ofin/Dataku/_ Project/israfil/server/vendor/codeigniter4/framework/system/CodeIgniter.php(499): CodeIgniter\CodeIgniter->runController(Object(App\Controllers\Tim))
#8 /Users/ofin/Dataku/_ Project/israfil/server/vendor/codeigniter4/framework/system/CodeIgniter.php(368): CodeIgniter\CodeIgniter->handleRequest(NULL, Object(Config\Cache), false)
#9 /Users/ofin/Dataku/_ Project/israfil/server/public/index.php(75): CodeIgniter\CodeIgniter->run()
#10 /Users/ofin/Dataku/_ Project/israfil/server/vendor/codeigniter4/framework/system/Commands/Server/rewrite.php(47): require_once('/Users/ofin/Dat...')
#11 {main}
CRITICAL - 2023-06-04 17:13:06 --> Unable to connect to the database.
Main connection [MySQLi]: Access denied for user '****'@'localhost' (using password: NO)
in SYSTEMPATH/Database/BaseConnection.php on line 427.
 1 SYSTEMPATH/Database/BaseConnection.php(574): CodeIgniter\Database\BaseConnection->initialize()
 2 SYSTEMPATH/Database/BaseBuilder.php(1616): CodeIgniter\Database\BaseConnection->query('SELECT *
FROM `tim`', [], false)
 3 SYSTEMPATH/Model.php(241): CodeIgniter\Database\BaseBuilder->get()
 4 SYSTEMPATH/BaseModel.php(618): CodeIgniter\Model->doFindAll(0, 0)
 5 APPPATH/Controllers/Tim.php(21): CodeIgniter\BaseModel->findAll()
 6 SYSTEMPATH/CodeIgniter.php(934): App\Controllers\Tim->index()
 7 SYSTEMPATH/CodeIgniter.php(499): CodeIgniter\CodeIgniter->runController(Object(App\Controllers\Tim))
 8 SYSTEMPATH/CodeIgniter.php(368): CodeIgniter\CodeIgniter->handleRequest(null, Object(Config\Cache), false)
 9 FCPATH/index.php(75): CodeIgniter\CodeIgniter->run()
10 SYSTEMPATH/Commands/Server/rewrite.php(47): require_once('/Users/ofin/Dataku/_ Project/israfil/server/public/index.php')
ERROR - 2023-06-04 17:13:08 --> Error connecting to the database: mysqli_sql_exception: Access denied for user 'root'@'localhost' (using password: NO) in /Users/ofin/Dataku/_ Project/israfil/server/vendor/codeigniter4/framework/system/Database/MySQLi/Connection.php:174
Stack trace:
#0 /Users/ofin/Dataku/_ Project/israfil/server/vendor/codeigniter4/framework/system/Database/MySQLi/Connection.php(174): mysqli->real_connect('localhost', 'root', '', 'provinsi', 3306, '', 0)
#1 /Users/ofin/Dataku/_ Project/israfil/server/vendor/codeigniter4/framework/system/Database/BaseConnection.php(391): CodeIgniter\Database\MySQLi\Connection->connect(false)
#2 /Users/ofin/Dataku/_ Project/israfil/server/vendor/codeigniter4/framework/system/Database/BaseConnection.php(574): CodeIgniter\Database\BaseConnection->initialize()
#3 /Users/ofin/Dataku/_ Project/israfil/server/vendor/codeigniter4/framework/system/Database/BaseBuilder.php(1616): CodeIgniter\Database\BaseConnection->query('SELECT *\nFROM `...', Array, false)
#4 /Users/ofin/Dataku/_ Project/israfil/server/vendor/codeigniter4/framework/system/Model.php(241): CodeIgniter\Database\BaseBuilder->get()
#5 /Users/ofin/Dataku/_ Project/israfil/server/vendor/codeigniter4/framework/system/BaseModel.php(618): CodeIgniter\Model->doFindAll(0, 0)
#6 /Users/ofin/Dataku/_ Project/israfil/server/app/Controllers/Tim.php(21): CodeIgniter\BaseModel->findAll()
#7 /Users/ofin/Dataku/_ Project/israfil/server/vendor/codeigniter4/framework/system/CodeIgniter.php(934): App\Controllers\Tim->index()
#8 /Users/ofin/Dataku/_ Project/israfil/server/vendor/codeigniter4/framework/system/CodeIgniter.php(499): CodeIgniter\CodeIgniter->runController(Object(App\Controllers\Tim))
#9 /Users/ofin/Dataku/_ Project/israfil/server/vendor/codeigniter4/framework/system/CodeIgniter.php(368): CodeIgniter\CodeIgniter->handleRequest(NULL, Object(Config\Cache), false)
#10 /Users/ofin/Dataku/_ Project/israfil/server/public/index.php(75): CodeIgniter\CodeIgniter->run()
#11 /Users/ofin/Dataku/_ Project/israfil/server/vendor/codeigniter4/framework/system/Commands/Server/rewrite.php(47): require_once('/Users/ofin/Dat...')
#12 {main}

Next CodeIgniter\Database\Exceptions\DatabaseException: Access denied for user '****'@'localhost' (using password: NO) in /Users/ofin/Dataku/_ Project/israfil/server/vendor/codeigniter4/framework/system/Database/MySQLi/Connection.php:218
Stack trace:
#0 /Users/ofin/Dataku/_ Project/israfil/server/vendor/codeigniter4/framework/system/Database/BaseConnection.php(391): CodeIgniter\Database\MySQLi\Connection->connect(false)
#1 /Users/ofin/Dataku/_ Project/israfil/server/vendor/codeigniter4/framework/system/Database/BaseConnection.php(574): CodeIgniter\Database\BaseConnection->initialize()
#2 /Users/ofin/Dataku/_ Project/israfil/server/vendor/codeigniter4/framework/system/Database/BaseBuilder.php(1616): CodeIgniter\Database\BaseConnection->query('SELECT *\nFROM `...', Array, false)
#3 /Users/ofin/Dataku/_ Project/israfil/server/vendor/codeigniter4/framework/system/Model.php(241): CodeIgniter\Database\BaseBuilder->get()
#4 /Users/ofin/Dataku/_ Project/israfil/server/vendor/codeigniter4/framework/system/BaseModel.php(618): CodeIgniter\Model->doFindAll(0, 0)
#5 /Users/ofin/Dataku/_ Project/israfil/server/app/Controllers/Tim.php(21): CodeIgniter\BaseModel->findAll()
#6 /Users/ofin/Dataku/_ Project/israfil/server/vendor/codeigniter4/framework/system/CodeIgniter.php(934): App\Controllers\Tim->index()
#7 /Users/ofin/Dataku/_ Project/israfil/server/vendor/codeigniter4/framework/system/CodeIgniter.php(499): CodeIgniter\CodeIgniter->runController(Object(App\Controllers\Tim))
#8 /Users/ofin/Dataku/_ Project/israfil/server/vendor/codeigniter4/framework/system/CodeIgniter.php(368): CodeIgniter\CodeIgniter->handleRequest(NULL, Object(Config\Cache), false)
#9 /Users/ofin/Dataku/_ Project/israfil/server/public/index.php(75): CodeIgniter\CodeIgniter->run()
#10 /Users/ofin/Dataku/_ Project/israfil/server/vendor/codeigniter4/framework/system/Commands/Server/rewrite.php(47): require_once('/Users/ofin/Dat...')
#11 {main}
CRITICAL - 2023-06-04 17:13:08 --> Unable to connect to the database.
Main connection [MySQLi]: Access denied for user '****'@'localhost' (using password: NO)
in SYSTEMPATH/Database/BaseConnection.php on line 427.
 1 SYSTEMPATH/Database/BaseConnection.php(574): CodeIgniter\Database\BaseConnection->initialize()
 2 SYSTEMPATH/Database/BaseBuilder.php(1616): CodeIgniter\Database\BaseConnection->query('SELECT *
FROM `tim`', [], false)
 3 SYSTEMPATH/Model.php(241): CodeIgniter\Database\BaseBuilder->get()
 4 SYSTEMPATH/BaseModel.php(618): CodeIgniter\Model->doFindAll(0, 0)
 5 APPPATH/Controllers/Tim.php(21): CodeIgniter\BaseModel->findAll()
 6 SYSTEMPATH/CodeIgniter.php(934): App\Controllers\Tim->index()
 7 SYSTEMPATH/CodeIgniter.php(499): CodeIgniter\CodeIgniter->runController(Object(App\Controllers\Tim))
 8 SYSTEMPATH/CodeIgniter.php(368): CodeIgniter\CodeIgniter->handleRequest(null, Object(Config\Cache), false)
 9 FCPATH/index.php(75): CodeIgniter\CodeIgniter->run()
10 SYSTEMPATH/Commands/Server/rewrite.php(47): require_once('/Users/ofin/Dataku/_ Project/israfil/server/public/index.php')
ERROR - 2023-06-04 17:15:31 --> mysqli_sql_exception: Table 'provinsi.tim' doesn't exist in /Users/ofin/Dataku/_ Project/israfil/server/vendor/codeigniter4/framework/system/Database/MySQLi/Connection.php:295
Stack trace:
#0 /Users/ofin/Dataku/_ Project/israfil/server/vendor/codeigniter4/framework/system/Database/MySQLi/Connection.php(295): mysqli->query('SELECT *\nFROM `...', 0)
#1 /Users/ofin/Dataku/_ Project/israfil/server/vendor/codeigniter4/framework/system/Database/BaseConnection.php(692): CodeIgniter\Database\MySQLi\Connection->execute('SELECT *\nFROM `...')
#2 /Users/ofin/Dataku/_ Project/israfil/server/vendor/codeigniter4/framework/system/Database/BaseConnection.php(606): CodeIgniter\Database\BaseConnection->simpleQuery('SELECT *\nFROM `...')
#3 /Users/ofin/Dataku/_ Project/israfil/server/vendor/codeigniter4/framework/system/Database/BaseBuilder.php(1616): CodeIgniter\Database\BaseConnection->query('SELECT *\nFROM `...', Array, false)
#4 /Users/ofin/Dataku/_ Project/israfil/server/vendor/codeigniter4/framework/system/Model.php(241): CodeIgniter\Database\BaseBuilder->get()
#5 /Users/ofin/Dataku/_ Project/israfil/server/vendor/codeigniter4/framework/system/BaseModel.php(618): CodeIgniter\Model->doFindAll(0, 0)
#6 /Users/ofin/Dataku/_ Project/israfil/server/app/Controllers/Tim.php(21): CodeIgniter\BaseModel->findAll()
#7 /Users/ofin/Dataku/_ Project/israfil/server/vendor/codeigniter4/framework/system/CodeIgniter.php(934): App\Controllers\Tim->index()
#8 /Users/ofin/Dataku/_ Project/israfil/server/vendor/codeigniter4/framework/system/CodeIgniter.php(499): CodeIgniter\CodeIgniter->runController(Object(App\Controllers\Tim))
#9 /Users/ofin/Dataku/_ Project/israfil/server/vendor/codeigniter4/framework/system/CodeIgniter.php(368): CodeIgniter\CodeIgniter->handleRequest(NULL, Object(Config\Cache), false)
#10 /Users/ofin/Dataku/_ Project/israfil/server/public/index.php(75): CodeIgniter\CodeIgniter->run()
#11 /Users/ofin/Dataku/_ Project/israfil/server/vendor/codeigniter4/framework/system/Commands/Server/rewrite.php(47): require_once('/Users/ofin/Dat...')
#12 {main}
CRITICAL - 2023-06-04 17:15:31 --> Table 'provinsi.tim' doesn't exist
in SYSTEMPATH/Database/MySQLi/Connection.php on line 295.
 1 SYSTEMPATH/Database/MySQLi/Connection.php(295): mysqli->query('SELECT *
FROM `tim`', 0)
 2 SYSTEMPATH/Database/BaseConnection.php(692): CodeIgniter\Database\MySQLi\Connection->execute('SELECT *
FROM `tim`')
 3 SYSTEMPATH/Database/BaseConnection.php(606): CodeIgniter\Database\BaseConnection->simpleQuery('SELECT *
FROM `tim`')
 4 SYSTEMPATH/Database/BaseBuilder.php(1616): CodeIgniter\Database\BaseConnection->query('SELECT *
FROM `tim`', [], false)
 5 SYSTEMPATH/Model.php(241): CodeIgniter\Database\BaseBuilder->get()
 6 SYSTEMPATH/BaseModel.php(618): CodeIgniter\Model->doFindAll(0, 0)
 7 APPPATH/Controllers/Tim.php(21): CodeIgniter\BaseModel->findAll()
 8 SYSTEMPATH/CodeIgniter.php(934): App\Controllers\Tim->index()
 9 SYSTEMPATH/CodeIgniter.php(499): CodeIgniter\CodeIgniter->runController(Object(App\Controllers\Tim))
10 SYSTEMPATH/CodeIgniter.php(368): CodeIgniter\CodeIgniter->handleRequest(null, Object(Config\Cache), false)
11 FCPATH/index.php(75): CodeIgniter\CodeIgniter->run()
12 SYSTEMPATH/Commands/Server/rewrite.php(47): require_once('/Users/ofin/Dataku/_ Project/israfil/server/public/index.php')
