CRITICAL - 2023-06-24 00:15:48 --> Undefined index: nik_anggota_
in APPPATH/Controllers/Tim/Pendataan.php on line 91.
 1 APPPATH/Controllers/Tim/Pendataan.php(91): CodeIgniter\Debug\Exceptions->errorHandler(8, 'Undefined index: nik_anggota_', '/Users/ofin/Dataku/_ Project/israfil/server/app/Controllers/Tim/Pendataan.php', 91, [...])
 2 SYSTEMPATH/CodeIgniter.php(934): App\Controllers\Tim\Pendataan->insert()
 3 SYSTEMPATH/CodeIgniter.php(499): CodeIgniter\CodeIgniter->runController(Object(App\Controllers\Tim\Pendataan))
 4 SYSTEMPATH/CodeIgniter.php(368): CodeIgniter\CodeIgniter->handleRequest(null, Object(Config\Cache), false)
 5 FCPATH/index.php(75): CodeIgniter\CodeIgniter->run()
 6 SYSTEMPATH/Commands/Server/rewrite.php(47): require_once('/Users/ofin/Dataku/_ Project/israfil/server/public/index.php')
WARNING - 2023-06-24 00:32:59 --> [DEPRECATED] The behavior of unparenthesized expressions containing both '.' and '+'/'-' will change in PHP 8: '+'/'-' will take a higher precedence in APPPATH/Controllers/Tim/Pendataan.php on line 96.
 1 SYSTEMPATH/Autoloader/Autoloader.php(312): include_once()
 2 SYSTEMPATH/Autoloader/Autoloader.php(289): CodeIgniter\Autoloader\Autoloader->includeFile('/Users/ofin/Dataku/_ Project/israfil/server/app/Controllers/Tim/Pendataan.php')
 3 SYSTEMPATH/Autoloader/Autoloader.php(267): CodeIgniter\Autoloader\Autoloader->loadInNamespace('App\\Controllers\\Tim\\Pendataan')
 4 [internal function]: CodeIgniter\Autoloader\Autoloader->loadClass('App\\Controllers\\Tim\\Pendataan')
 5 [internal function]: spl_autoload_call('App\\Controllers\\Tim\\Pendataan')
 6 SYSTEMPATH/CodeIgniter.php(892): class_exists('\\App\\Controllers\\Tim\\Pendataan', true)
 7 SYSTEMPATH/CodeIgniter.php(486): CodeIgniter\CodeIgniter->startController()
 8 SYSTEMPATH/CodeIgniter.php(368): CodeIgniter\CodeIgniter->handleRequest(null, Object(Config\Cache), false)
 9 FCPATH/index.php(75): CodeIgniter\CodeIgniter->run()
10 SYSTEMPATH/Commands/Server/rewrite.php(47): require_once('/Users/ofin/Dataku/_ Project/israfil/server/public/index.php')
WARNING - 2023-06-24 00:32:59 --> [DEPRECATED] The behavior of unparenthesized expressions containing both '.' and '+'/'-' will change in PHP 8: '+'/'-' will take a higher precedence in APPPATH/Controllers/Tim/Pendataan.php on line 99.
 1 SYSTEMPATH/Autoloader/Autoloader.php(312): include_once()
 2 SYSTEMPATH/Autoloader/Autoloader.php(289): CodeIgniter\Autoloader\Autoloader->includeFile('/Users/ofin/Dataku/_ Project/israfil/server/app/Controllers/Tim/Pendataan.php')
 3 SYSTEMPATH/Autoloader/Autoloader.php(267): CodeIgniter\Autoloader\Autoloader->loadInNamespace('App\\Controllers\\Tim\\Pendataan')
 4 [internal function]: CodeIgniter\Autoloader\Autoloader->loadClass('App\\Controllers\\Tim\\Pendataan')
 5 [internal function]: spl_autoload_call('App\\Controllers\\Tim\\Pendataan')
 6 SYSTEMPATH/CodeIgniter.php(892): class_exists('\\App\\Controllers\\Tim\\Pendataan', true)
 7 SYSTEMPATH/CodeIgniter.php(486): CodeIgniter\CodeIgniter->startController()
 8 SYSTEMPATH/CodeIgniter.php(368): CodeIgniter\CodeIgniter->handleRequest(null, Object(Config\Cache), false)
 9 FCPATH/index.php(75): CodeIgniter\CodeIgniter->run()
10 SYSTEMPATH/Commands/Server/rewrite.php(47): require_once('/Users/ofin/Dataku/_ Project/israfil/server/public/index.php')
CRITICAL - 2023-06-24 00:32:59 --> A non-numeric value encountered
in APPPATH/Controllers/Tim/Pendataan.php on line 96.
 1 APPPATH/Controllers/Tim/Pendataan.php(96): CodeIgniter\Debug\Exceptions->errorHandler(2, 'A non-numeric value encountered', '/Users/ofin/Dataku/_ Project/israfil/server/app/Controllers/Tim/Pendataan.php', 96, [...])
 2 SYSTEMPATH/CodeIgniter.php(934): App\Controllers\Tim\Pendataan->insert()
 3 SYSTEMPATH/CodeIgniter.php(499): CodeIgniter\CodeIgniter->runController(Object(App\Controllers\Tim\Pendataan))
 4 SYSTEMPATH/CodeIgniter.php(368): CodeIgniter\CodeIgniter->handleRequest(null, Object(Config\Cache), false)
 5 FCPATH/index.php(75): CodeIgniter\CodeIgniter->run()
 6 SYSTEMPATH/Commands/Server/rewrite.php(47): require_once('/Users/ofin/Dataku/_ Project/israfil/server/public/index.php')
WARNING - 2023-06-24 00:35:45 --> [DEPRECATED] The behavior of unparenthesized expressions containing both '.' and '+'/'-' will change in PHP 8: '+'/'-' will take a higher precedence in APPPATH/Controllers/Tim/Pendataan.php on line 97.
 1 SYSTEMPATH/Autoloader/Autoloader.php(312): include_once()
 2 SYSTEMPATH/Autoloader/Autoloader.php(289): CodeIgniter\Autoloader\Autoloader->includeFile('/Users/ofin/Dataku/_ Project/israfil/server/app/Controllers/Tim/Pendataan.php')
 3 SYSTEMPATH/Autoloader/Autoloader.php(267): CodeIgniter\Autoloader\Autoloader->loadInNamespace('App\\Controllers\\Tim\\Pendataan')
 4 [internal function]: CodeIgniter\Autoloader\Autoloader->loadClass('App\\Controllers\\Tim\\Pendataan')
 5 [internal function]: spl_autoload_call('App\\Controllers\\Tim\\Pendataan')
 6 SYSTEMPATH/CodeIgniter.php(892): class_exists('\\App\\Controllers\\Tim\\Pendataan', true)
 7 SYSTEMPATH/CodeIgniter.php(486): CodeIgniter\CodeIgniter->startController()
 8 SYSTEMPATH/CodeIgniter.php(368): CodeIgniter\CodeIgniter->handleRequest(null, Object(Config\Cache), false)
 9 FCPATH/index.php(75): CodeIgniter\CodeIgniter->run()
10 SYSTEMPATH/Commands/Server/rewrite.php(47): require_once('/Users/ofin/Dataku/_ Project/israfil/server/public/index.php')
WARNING - 2023-06-24 00:35:45 --> [DEPRECATED] The behavior of unparenthesized expressions containing both '.' and '+'/'-' will change in PHP 8: '+'/'-' will take a higher precedence in APPPATH/Controllers/Tim/Pendataan.php on line 100.
 1 SYSTEMPATH/Autoloader/Autoloader.php(312): include_once()
 2 SYSTEMPATH/Autoloader/Autoloader.php(289): CodeIgniter\Autoloader\Autoloader->includeFile('/Users/ofin/Dataku/_ Project/israfil/server/app/Controllers/Tim/Pendataan.php')
 3 SYSTEMPATH/Autoloader/Autoloader.php(267): CodeIgniter\Autoloader\Autoloader->loadInNamespace('App\\Controllers\\Tim\\Pendataan')
 4 [internal function]: CodeIgniter\Autoloader\Autoloader->loadClass('App\\Controllers\\Tim\\Pendataan')
 5 [internal function]: spl_autoload_call('App\\Controllers\\Tim\\Pendataan')
 6 SYSTEMPATH/CodeIgniter.php(892): class_exists('\\App\\Controllers\\Tim\\Pendataan', true)
 7 SYSTEMPATH/CodeIgniter.php(486): CodeIgniter\CodeIgniter->startController()
 8 SYSTEMPATH/CodeIgniter.php(368): CodeIgniter\CodeIgniter->handleRequest(null, Object(Config\Cache), false)
 9 FCPATH/index.php(75): CodeIgniter\CodeIgniter->run()
10 SYSTEMPATH/Commands/Server/rewrite.php(47): require_once('/Users/ofin/Dataku/_ Project/israfil/server/public/index.php')
CRITICAL - 2023-06-24 00:35:45 --> A non-numeric value encountered
in APPPATH/Controllers/Tim/Pendataan.php on line 97.
 1 APPPATH/Controllers/Tim/Pendataan.php(97): CodeIgniter\Debug\Exceptions->errorHandler(2, 'A non-numeric value encountered', '/Users/ofin/Dataku/_ Project/israfil/server/app/Controllers/Tim/Pendataan.php', 97, [...])
 2 SYSTEMPATH/CodeIgniter.php(934): App\Controllers\Tim\Pendataan->insert()
 3 SYSTEMPATH/CodeIgniter.php(499): CodeIgniter\CodeIgniter->runController(Object(App\Controllers\Tim\Pendataan))
 4 SYSTEMPATH/CodeIgniter.php(368): CodeIgniter\CodeIgniter->handleRequest(null, Object(Config\Cache), false)
 5 FCPATH/index.php(75): CodeIgniter\CodeIgniter->run()
 6 SYSTEMPATH/Commands/Server/rewrite.php(47): require_once('/Users/ofin/Dataku/_ Project/israfil/server/public/index.php')
CRITICAL - 2023-06-24 01:28:56 --> Decrypting: authentication failed.
in SYSTEMPATH/Encryption/Handlers/OpenSSLHandler.php on line 137.
 1 SYSTEMPATH/Encryption/Handlers/OpenSSLHandler.php(137): CodeIgniter\Encryption\Exceptions\EncryptionException::forAuthenticationFailed()
 2 APPPATH/Filters/TimFilter.php(41): CodeIgniter\Encryption\Handlers\OpenSSLHandler->decrypt('')
 3 SYSTEMPATH/Filters/Filters.php(173): App\Filters\TimFilter->before(Object(CodeIgniter\HTTP\IncomingRequest), null)
 4 SYSTEMPATH/CodeIgniter.php(473): CodeIgniter\Filters\Filters->run('tim/pendataan/insert', 'before')
 5 SYSTEMPATH/CodeIgniter.php(368): CodeIgniter\CodeIgniter->handleRequest(null, Object(Config\Cache), false)
 6 FCPATH/index.php(75): CodeIgniter\CodeIgniter->run()
 7 SYSTEMPATH/Commands/Server/rewrite.php(47): require_once('/Users/ofin/Dataku/_ Project/israfil/server/public/index.php')
CRITICAL - 2023-06-24 01:29:08 --> Decrypting: authentication failed.
in SYSTEMPATH/Encryption/Handlers/OpenSSLHandler.php on line 137.
 1 SYSTEMPATH/Encryption/Handlers/OpenSSLHandler.php(137): CodeIgniter\Encryption\Exceptions\EncryptionException::forAuthenticationFailed()
 2 APPPATH/Filters/TimFilter.php(41): CodeIgniter\Encryption\Handlers\OpenSSLHandler->decrypt('')
 3 SYSTEMPATH/Filters/Filters.php(173): App\Filters\TimFilter->before(Object(CodeIgniter\HTTP\IncomingRequest), null)
 4 SYSTEMPATH/CodeIgniter.php(473): CodeIgniter\Filters\Filters->run('tim/pendataan', 'before')
 5 SYSTEMPATH/CodeIgniter.php(368): CodeIgniter\CodeIgniter->handleRequest(null, Object(Config\Cache), false)
 6 FCPATH/index.php(75): CodeIgniter\CodeIgniter->run()
 7 SYSTEMPATH/Commands/Server/rewrite.php(47): require_once('/Users/ofin/Dataku/_ Project/israfil/server/public/index.php')
ERROR - 2023-06-24 01:31:11 --> mysqli_sql_exception: Duplicate entry '23423' for key 'PRIMARY' in /Users/ofin/Dataku/_ Project/israfil/server/vendor/codeigniter4/framework/system/Database/MySQLi/Connection.php:295
Stack trace:
#0 /Users/ofin/Dataku/_ Project/israfil/server/vendor/codeigniter4/framework/system/Database/MySQLi/Connection.php(295): mysqli->query('INSERT INTO `ke...', 0)
#1 /Users/ofin/Dataku/_ Project/israfil/server/vendor/codeigniter4/framework/system/Database/BaseConnection.php(692): CodeIgniter\Database\MySQLi\Connection->execute('INSERT INTO `ke...')
#2 /Users/ofin/Dataku/_ Project/israfil/server/vendor/codeigniter4/framework/system/Database/BaseConnection.php(606): CodeIgniter\Database\BaseConnection->simpleQuery('INSERT INTO `ke...')
#3 /Users/ofin/Dataku/_ Project/israfil/server/vendor/codeigniter4/framework/system/Database/BaseBuilder.php(2309): CodeIgniter\Database\BaseConnection->query('INSERT INTO `ke...', Array, false)
#4 /Users/ofin/Dataku/_ Project/israfil/server/vendor/codeigniter4/framework/system/Model.php(330): CodeIgniter\Database\BaseBuilder->insert()
#5 /Users/ofin/Dataku/_ Project/israfil/server/vendor/codeigniter4/framework/system/BaseModel.php(782): CodeIgniter\Model->doInsert(Array)
#6 /Users/ofin/Dataku/_ Project/israfil/server/vendor/codeigniter4/framework/system/Model.php(730): CodeIgniter\BaseModel->insert(Array, true)
#7 /Users/ofin/Dataku/_ Project/israfil/server/app/Controllers/Tim/Pendataan.php(119): CodeIgniter\Model->insert(Array)
#8 /Users/ofin/Dataku/_ Project/israfil/server/vendor/codeigniter4/framework/system/CodeIgniter.php(934): App\Controllers\Tim\Pendataan->insert()
#9 /Users/ofin/Dataku/_ Project/israfil/server/vendor/codeigniter4/framework/system/CodeIgniter.php(499): CodeIgniter\CodeIgniter->runController(Object(App\Controllers\Tim\Pendataan))
#10 /Users/ofin/Dataku/_ Project/israfil/server/vendor/codeigniter4/framework/system/CodeIgniter.php(368): CodeIgniter\CodeIgniter->handleRequest(NULL, Object(Config\Cache), false)
#11 /Users/ofin/Dataku/_ Project/israfil/server/public/index.php(75): CodeIgniter\CodeIgniter->run()
#12 /Users/ofin/Dataku/_ Project/israfil/server/vendor/codeigniter4/framework/system/Commands/Server/rewrite.php(47): require_once('/Users/ofin/Dat...')
#13 {main}
CRITICAL - 2023-06-24 01:31:11 --> Duplicate entry '23423' for key 'PRIMARY'
in SYSTEMPATH/Database/MySQLi/Connection.php on line 295.
 1 SYSTEMPATH/Database/MySQLi/Connection.php(295): mysqli->query('INSERT INTO `keluarga` (`no_kk`, `nik_kepala`, `nama_kepala`, `id_kab`, `nama_kab`, `id_kec`, `nama_kec`, `id_desa`, `nama_desa`, `nama_dusun`, `alamat`, `pekerjaan`, `no_hp`, `jml_anggota`, `lat`, `longi`, `pln`, `no_pln`, `pengguna_pdam`, `pemakaian_pdam`, `kelas_bpjs`, `suku`, `bantuan`, `username`, `nama_petugas`, `created_at`, `updated_at`) VALUES (\'23423\', \'5434\', \'hjfh\', \'6\', \'Kolaka\', \'52\', \'Kolaka\', \'496\', \'Laloeha\', \'dfgg\', \'fgdf\', \'fgdf\', \'45\', 4, \'-5.4622068\', \'122.5956004\', \'450\', \'gdfgd\', \'450\', \'345234\', \'1\', \'Makassar\', \'Bantuan UMKM,Beasiswa\', \'ofinTim\', \'Ofin TIm\', \'2023-06-24 01:31:11\', \'2023-06-24 01:31:11\')', 0)
 2 SYSTEMPATH/Database/BaseConnection.php(692): CodeIgniter\Database\MySQLi\Connection->execute('INSERT INTO `keluarga` (`no_kk`, `nik_kepala`, `nama_kepala`, `id_kab`, `nama_kab`, `id_kec`, `nama_kec`, `id_desa`, `nama_desa`, `nama_dusun`, `alamat`, `pekerjaan`, `no_hp`, `jml_anggota`, `lat`, `longi`, `pln`, `no_pln`, `pengguna_pdam`, `pemakaian_pdam`, `kelas_bpjs`, `suku`, `bantuan`, `username`, `nama_petugas`, `created_at`, `updated_at`) VALUES (\'23423\', \'5434\', \'hjfh\', \'6\', \'Kolaka\', \'52\', \'Kolaka\', \'496\', \'Laloeha\', \'dfgg\', \'fgdf\', \'fgdf\', \'45\', 4, \'-5.4622068\', \'122.5956004\', \'450\', \'gdfgd\', \'450\', \'345234\', \'1\', \'Makassar\', \'Bantuan UMKM,Beasiswa\', \'ofinTim\', \'Ofin TIm\', \'2023-06-24 01:31:11\', \'2023-06-24 01:31:11\')')
 3 SYSTEMPATH/Database/BaseConnection.php(606): CodeIgniter\Database\BaseConnection->simpleQuery('INSERT INTO `keluarga` (`no_kk`, `nik_kepala`, `nama_kepala`, `id_kab`, `nama_kab`, `id_kec`, `nama_kec`, `id_desa`, `nama_desa`, `nama_dusun`, `alamat`, `pekerjaan`, `no_hp`, `jml_anggota`, `lat`, `longi`, `pln`, `no_pln`, `pengguna_pdam`, `pemakaian_pdam`, `kelas_bpjs`, `suku`, `bantuan`, `username`, `nama_petugas`, `created_at`, `updated_at`) VALUES (\'23423\', \'5434\', \'hjfh\', \'6\', \'Kolaka\', \'52\', \'Kolaka\', \'496\', \'Laloeha\', \'dfgg\', \'fgdf\', \'fgdf\', \'45\', 4, \'-5.4622068\', \'122.5956004\', \'450\', \'gdfgd\', \'450\', \'345234\', \'1\', \'Makassar\', \'Bantuan UMKM,Beasiswa\', \'ofinTim\', \'Ofin TIm\', \'2023-06-24 01:31:11\', \'2023-06-24 01:31:11\')')
 4 SYSTEMPATH/Database/BaseBuilder.php(2309): CodeIgniter\Database\BaseConnection->query('INSERT INTO `keluarga` (`no_kk`, `nik_kepala`, `nama_kepala`, `id_kab`, `nama_kab`, `id_kec`, `nama_kec`, `id_desa`, `nama_desa`, `nama_dusun`, `alamat`, `pekerjaan`, `no_hp`, `jml_anggota`, `lat`, `longi`, `pln`, `no_pln`, `pengguna_pdam`, `pemakaian_pdam`, `kelas_bpjs`, `suku`, `bantuan`, `username`, `nama_petugas`, `created_at`, `updated_at`) VALUES (:no_kk:, :nik_kepala:, :nama_kepala:, :id_kab:, :nama_kab:, :id_kec:, :nama_kec:, :id_desa:, :nama_desa:, :nama_dusun:, :alamat:, :pekerjaan:, :no_hp:, :jml_anggota:, :lat:, :longi:, :pln:, :no_pln:, :pengguna_pdam:, :pemakaian_pdam:, :kelas_bpjs:, :suku:, :bantuan:, :username:, :nama_petugas:, :created_at:, :updated_at:)', [...], false)
 5 SYSTEMPATH/Model.php(330): CodeIgniter\Database\BaseBuilder->insert()
 6 SYSTEMPATH/BaseModel.php(782): CodeIgniter\Model->doInsert([...])
 7 SYSTEMPATH/Model.php(730): CodeIgniter\BaseModel->insert([...], true)
 8 APPPATH/Controllers/Tim/Pendataan.php(119): CodeIgniter\Model->insert([...])
 9 SYSTEMPATH/CodeIgniter.php(934): App\Controllers\Tim\Pendataan->insert()
10 SYSTEMPATH/CodeIgniter.php(499): CodeIgniter\CodeIgniter->runController(Object(App\Controllers\Tim\Pendataan))
11 SYSTEMPATH/CodeIgniter.php(368): CodeIgniter\CodeIgniter->handleRequest(null, Object(Config\Cache), false)
12 FCPATH/index.php(75): CodeIgniter\CodeIgniter->run()
13 SYSTEMPATH/Commands/Server/rewrite.php(47): require_once('/Users/ofin/Dataku/_ Project/israfil/server/public/index.php')
