CRITICAL - 2023-07-11 00:27:42 --> Undefined index: id_kab
in APPPATH/Controllers/Admin/Pendataan.php on line 92.
 1 APPPATH/Controllers/Admin/Pendataan.php(92): CodeIgniter\Debug\Exceptions->errorHandler(8, 'Undefined index: id_kab', '/Users/ofin/Dataku/_ Project/israfil/server/app/Controllers/Admin/Pendataan.php', 92, [...])
 2 SYSTEMPATH/CodeIgniter.php(934): App\Controllers\Admin\Pendataan->stackedColumnsChartBpjs()
 3 SYSTEMPATH/CodeIgniter.php(499): CodeIgniter\CodeIgniter->runController(Object(App\Controllers\Admin\Pendataan))
 4 SYSTEMPATH/CodeIgniter.php(368): CodeIgniter\CodeIgniter->handleRequest(null, Object(Config\Cache), false)
 5 FCPATH/index.php(75): CodeIgniter\CodeIgniter->run()
 6 SYSTEMPATH/Commands/Server/rewrite.php(47): require_once('/Users/ofin/Dataku/_ Project/israfil/server/public/index.php')
CRITICAL - 2023-07-11 00:27:42 --> Undefined index: id_kab
in APPPATH/Controllers/Admin/Pendataan.php on line 183.
 1 APPPATH/Controllers/Admin/Pendataan.php(183): CodeIgniter\Debug\Exceptions->errorHandler(8, 'Undefined index: id_kab', '/Users/ofin/Dataku/_ Project/israfil/server/app/Controllers/Admin/Pendataan.php', 183, [...])
 2 SYSTEMPATH/CodeIgniter.php(934): App\Controllers\Admin\Pendataan->pieChartPdam()
 3 SYSTEMPATH/CodeIgniter.php(499): CodeIgniter\CodeIgniter->runController(Object(App\Controllers\Admin\Pendataan))
 4 SYSTEMPATH/CodeIgniter.php(368): CodeIgniter\CodeIgniter->handleRequest(null, Object(Config\Cache), false)
 5 FCPATH/index.php(75): CodeIgniter\CodeIgniter->run()
 6 SYSTEMPATH/Commands/Server/rewrite.php(47): require_once('/Users/ofin/Dataku/_ Project/israfil/server/public/index.php')
CRITICAL - 2023-07-11 00:27:42 --> Undefined index: id_kab
in APPPATH/Controllers/Admin/Pendataan.php on line 230.
 1 APPPATH/Controllers/Admin/Pendataan.php(230): CodeIgniter\Debug\Exceptions->errorHandler(8, 'Undefined index: id_kab', '/Users/ofin/Dataku/_ Project/israfil/server/app/Controllers/Admin/Pendataan.php', 230, [...])
 2 SYSTEMPATH/CodeIgniter.php(934): App\Controllers\Admin\Pendataan->pieChartBantuan()
 3 SYSTEMPATH/CodeIgniter.php(499): CodeIgniter\CodeIgniter->runController(Object(App\Controllers\Admin\Pendataan))
 4 SYSTEMPATH/CodeIgniter.php(368): CodeIgniter\CodeIgniter->handleRequest(null, Object(Config\Cache), false)
 5 FCPATH/index.php(75): CodeIgniter\CodeIgniter->run()
 6 SYSTEMPATH/Commands/Server/rewrite.php(47): require_once('/Users/ofin/Dataku/_ Project/israfil/server/public/index.php')
CRITICAL - 2023-07-11 00:28:00 --> Undefined index: id_kab
in APPPATH/Controllers/Admin/Pendataan.php on line 92.
 1 APPPATH/Controllers/Admin/Pendataan.php(92): CodeIgniter\Debug\Exceptions->errorHandler(8, 'Undefined index: id_kab', '/Users/ofin/Dataku/_ Project/israfil/server/app/Controllers/Admin/Pendataan.php', 92, [...])
 2 SYSTEMPATH/CodeIgniter.php(934): App\Controllers\Admin\Pendataan->stackedColumnsChartBpjs()
 3 SYSTEMPATH/CodeIgniter.php(499): CodeIgniter\CodeIgniter->runController(Object(App\Controllers\Admin\Pendataan))
 4 SYSTEMPATH/CodeIgniter.php(368): CodeIgniter\CodeIgniter->handleRequest(null, Object(Config\Cache), false)
 5 FCPATH/index.php(75): CodeIgniter\CodeIgniter->run()
 6 SYSTEMPATH/Commands/Server/rewrite.php(47): require_once('/Users/ofin/Dataku/_ Project/israfil/server/public/index.php')
CRITICAL - 2023-07-11 00:28:00 --> Undefined index: id_kab
in APPPATH/Controllers/Admin/Pendataan.php on line 183.
 1 APPPATH/Controllers/Admin/Pendataan.php(183): CodeIgniter\Debug\Exceptions->errorHandler(8, 'Undefined index: id_kab', '/Users/ofin/Dataku/_ Project/israfil/server/app/Controllers/Admin/Pendataan.php', 183, [...])
 2 SYSTEMPATH/CodeIgniter.php(934): App\Controllers\Admin\Pendataan->pieChartPdam()
 3 SYSTEMPATH/CodeIgniter.php(499): CodeIgniter\CodeIgniter->runController(Object(App\Controllers\Admin\Pendataan))
 4 SYSTEMPATH/CodeIgniter.php(368): CodeIgniter\CodeIgniter->handleRequest(null, Object(Config\Cache), false)
 5 FCPATH/index.php(75): CodeIgniter\CodeIgniter->run()
 6 SYSTEMPATH/Commands/Server/rewrite.php(47): require_once('/Users/ofin/Dataku/_ Project/israfil/server/public/index.php')
CRITICAL - 2023-07-11 00:28:01 --> Undefined index: id_kab
in APPPATH/Controllers/Admin/Pendataan.php on line 230.
 1 APPPATH/Controllers/Admin/Pendataan.php(230): CodeIgniter\Debug\Exceptions->errorHandler(8, 'Undefined index: id_kab', '/Users/ofin/Dataku/_ Project/israfil/server/app/Controllers/Admin/Pendataan.php', 230, [...])
 2 SYSTEMPATH/CodeIgniter.php(934): App\Controllers\Admin\Pendataan->pieChartBantuan()
 3 SYSTEMPATH/CodeIgniter.php(499): CodeIgniter\CodeIgniter->runController(Object(App\Controllers\Admin\Pendataan))
 4 SYSTEMPATH/CodeIgniter.php(368): CodeIgniter\CodeIgniter->handleRequest(null, Object(Config\Cache), false)
 5 FCPATH/index.php(75): CodeIgniter\CodeIgniter->run()
 6 SYSTEMPATH/Commands/Server/rewrite.php(47): require_once('/Users/ofin/Dataku/_ Project/israfil/server/public/index.php')
CRITICAL - 2023-07-11 00:28:05 --> Undefined index: id_kab
in APPPATH/Controllers/Admin/Pendataan.php on line 92.
 1 APPPATH/Controllers/Admin/Pendataan.php(92): CodeIgniter\Debug\Exceptions->errorHandler(8, 'Undefined index: id_kab', '/Users/ofin/Dataku/_ Project/israfil/server/app/Controllers/Admin/Pendataan.php', 92, [...])
 2 SYSTEMPATH/CodeIgniter.php(934): App\Controllers\Admin\Pendataan->stackedColumnsChartBpjs()
 3 SYSTEMPATH/CodeIgniter.php(499): CodeIgniter\CodeIgniter->runController(Object(App\Controllers\Admin\Pendataan))
 4 SYSTEMPATH/CodeIgniter.php(368): CodeIgniter\CodeIgniter->handleRequest(null, Object(Config\Cache), false)
 5 FCPATH/index.php(75): CodeIgniter\CodeIgniter->run()
 6 SYSTEMPATH/Commands/Server/rewrite.php(47): require_once('/Users/ofin/Dataku/_ Project/israfil/server/public/index.php')
CRITICAL - 2023-07-11 00:28:05 --> Undefined index: id_kab
in APPPATH/Controllers/Admin/Pendataan.php on line 183.
 1 APPPATH/Controllers/Admin/Pendataan.php(183): CodeIgniter\Debug\Exceptions->errorHandler(8, 'Undefined index: id_kab', '/Users/ofin/Dataku/_ Project/israfil/server/app/Controllers/Admin/Pendataan.php', 183, [...])
 2 SYSTEMPATH/CodeIgniter.php(934): App\Controllers\Admin\Pendataan->pieChartPdam()
 3 SYSTEMPATH/CodeIgniter.php(499): CodeIgniter\CodeIgniter->runController(Object(App\Controllers\Admin\Pendataan))
 4 SYSTEMPATH/CodeIgniter.php(368): CodeIgniter\CodeIgniter->handleRequest(null, Object(Config\Cache), false)
 5 FCPATH/index.php(75): CodeIgniter\CodeIgniter->run()
 6 SYSTEMPATH/Commands/Server/rewrite.php(47): require_once('/Users/ofin/Dataku/_ Project/israfil/server/public/index.php')
CRITICAL - 2023-07-11 00:28:05 --> Undefined index: id_kab
in APPPATH/Controllers/Admin/Pendataan.php on line 230.
 1 APPPATH/Controllers/Admin/Pendataan.php(230): CodeIgniter\Debug\Exceptions->errorHandler(8, 'Undefined index: id_kab', '/Users/ofin/Dataku/_ Project/israfil/server/app/Controllers/Admin/Pendataan.php', 230, [...])
 2 SYSTEMPATH/CodeIgniter.php(934): App\Controllers\Admin\Pendataan->pieChartBantuan()
 3 SYSTEMPATH/CodeIgniter.php(499): CodeIgniter\CodeIgniter->runController(Object(App\Controllers\Admin\Pendataan))
 4 SYSTEMPATH/CodeIgniter.php(368): CodeIgniter\CodeIgniter->handleRequest(null, Object(Config\Cache), false)
 5 FCPATH/index.php(75): CodeIgniter\CodeIgniter->run()
 6 SYSTEMPATH/Commands/Server/rewrite.php(47): require_once('/Users/ofin/Dataku/_ Project/israfil/server/public/index.php')
CRITICAL - 2023-07-11 00:29:08 --> Undefined index: id_kab
in APPPATH/Controllers/Admin/Pendataan.php on line 183.
 1 APPPATH/Controllers/Admin/Pendataan.php(183): CodeIgniter\Debug\Exceptions->errorHandler(8, 'Undefined index: id_kab', '/Users/ofin/Dataku/_ Project/israfil/server/app/Controllers/Admin/Pendataan.php', 183, [...])
 2 SYSTEMPATH/CodeIgniter.php(934): App\Controllers\Admin\Pendataan->pieChartPdam()
 3 SYSTEMPATH/CodeIgniter.php(499): CodeIgniter\CodeIgniter->runController(Object(App\Controllers\Admin\Pendataan))
 4 SYSTEMPATH/CodeIgniter.php(368): CodeIgniter\CodeIgniter->handleRequest(null, Object(Config\Cache), false)
 5 FCPATH/index.php(75): CodeIgniter\CodeIgniter->run()
 6 SYSTEMPATH/Commands/Server/rewrite.php(47): require_once('/Users/ofin/Dataku/_ Project/israfil/server/public/index.php')
CRITICAL - 2023-07-11 00:29:09 --> Undefined index: id_kab
in APPPATH/Controllers/Admin/Pendataan.php on line 230.
 1 APPPATH/Controllers/Admin/Pendataan.php(230): CodeIgniter\Debug\Exceptions->errorHandler(8, 'Undefined index: id_kab', '/Users/ofin/Dataku/_ Project/israfil/server/app/Controllers/Admin/Pendataan.php', 230, [...])
 2 SYSTEMPATH/CodeIgniter.php(934): App\Controllers\Admin\Pendataan->pieChartBantuan()
 3 SYSTEMPATH/CodeIgniter.php(499): CodeIgniter\CodeIgniter->runController(Object(App\Controllers\Admin\Pendataan))
 4 SYSTEMPATH/CodeIgniter.php(368): CodeIgniter\CodeIgniter->handleRequest(null, Object(Config\Cache), false)
 5 FCPATH/index.php(75): CodeIgniter\CodeIgniter->run()
 6 SYSTEMPATH/Commands/Server/rewrite.php(47): require_once('/Users/ofin/Dataku/_ Project/israfil/server/public/index.php')
CRITICAL - 2023-07-11 00:29:15 --> Undefined index: id_kab
in APPPATH/Controllers/Admin/Pendataan.php on line 183.
 1 APPPATH/Controllers/Admin/Pendataan.php(183): CodeIgniter\Debug\Exceptions->errorHandler(8, 'Undefined index: id_kab', '/Users/ofin/Dataku/_ Project/israfil/server/app/Controllers/Admin/Pendataan.php', 183, [...])
 2 SYSTEMPATH/CodeIgniter.php(934): App\Controllers\Admin\Pendataan->pieChartPdam()
 3 SYSTEMPATH/CodeIgniter.php(499): CodeIgniter\CodeIgniter->runController(Object(App\Controllers\Admin\Pendataan))
 4 SYSTEMPATH/CodeIgniter.php(368): CodeIgniter\CodeIgniter->handleRequest(null, Object(Config\Cache), false)
 5 FCPATH/index.php(75): CodeIgniter\CodeIgniter->run()
 6 SYSTEMPATH/Commands/Server/rewrite.php(47): require_once('/Users/ofin/Dataku/_ Project/israfil/server/public/index.php')
CRITICAL - 2023-07-11 00:29:15 --> Undefined index: id_kab
in APPPATH/Controllers/Admin/Pendataan.php on line 230.
 1 APPPATH/Controllers/Admin/Pendataan.php(230): CodeIgniter\Debug\Exceptions->errorHandler(8, 'Undefined index: id_kab', '/Users/ofin/Dataku/_ Project/israfil/server/app/Controllers/Admin/Pendataan.php', 230, [...])
 2 SYSTEMPATH/CodeIgniter.php(934): App\Controllers\Admin\Pendataan->pieChartBantuan()
 3 SYSTEMPATH/CodeIgniter.php(499): CodeIgniter\CodeIgniter->runController(Object(App\Controllers\Admin\Pendataan))
 4 SYSTEMPATH/CodeIgniter.php(368): CodeIgniter\CodeIgniter->handleRequest(null, Object(Config\Cache), false)
 5 FCPATH/index.php(75): CodeIgniter\CodeIgniter->run()
 6 SYSTEMPATH/Commands/Server/rewrite.php(47): require_once('/Users/ofin/Dataku/_ Project/israfil/server/public/index.php')
CRITICAL - 2023-07-11 00:30:21 --> Undefined index: id_kab
in APPPATH/Controllers/Admin/Pendataan.php on line 230.
 1 APPPATH/Controllers/Admin/Pendataan.php(230): CodeIgniter\Debug\Exceptions->errorHandler(8, 'Undefined index: id_kab', '/Users/ofin/Dataku/_ Project/israfil/server/app/Controllers/Admin/Pendataan.php', 230, [...])
 2 SYSTEMPATH/CodeIgniter.php(934): App\Controllers\Admin\Pendataan->pieChartBantuan()
 3 SYSTEMPATH/CodeIgniter.php(499): CodeIgniter\CodeIgniter->runController(Object(App\Controllers\Admin\Pendataan))
 4 SYSTEMPATH/CodeIgniter.php(368): CodeIgniter\CodeIgniter->handleRequest(null, Object(Config\Cache), false)
 5 FCPATH/index.php(75): CodeIgniter\CodeIgniter->run()
 6 SYSTEMPATH/Commands/Server/rewrite.php(47): require_once('/Users/ofin/Dataku/_ Project/israfil/server/public/index.php')
CRITICAL - 2023-07-11 00:30:35 --> Undefined index: id_kab
in APPPATH/Controllers/Admin/Pendataan.php on line 230.
 1 APPPATH/Controllers/Admin/Pendataan.php(230): CodeIgniter\Debug\Exceptions->errorHandler(8, 'Undefined index: id_kab', '/Users/ofin/Dataku/_ Project/israfil/server/app/Controllers/Admin/Pendataan.php', 230, [...])
 2 SYSTEMPATH/CodeIgniter.php(934): App\Controllers\Admin\Pendataan->pieChartBantuan()
 3 SYSTEMPATH/CodeIgniter.php(499): CodeIgniter\CodeIgniter->runController(Object(App\Controllers\Admin\Pendataan))
 4 SYSTEMPATH/CodeIgniter.php(368): CodeIgniter\CodeIgniter->handleRequest(null, Object(Config\Cache), false)
 5 FCPATH/index.php(75): CodeIgniter\CodeIgniter->run()
 6 SYSTEMPATH/Commands/Server/rewrite.php(47): require_once('/Users/ofin/Dataku/_ Project/israfil/server/public/index.php')
CRITICAL - 2023-07-11 00:51:58 --> Undefined index: semua
in APPPATH/Controllers/Admin/Pendataan.php on line 47.
 1 APPPATH/Controllers/Admin/Pendataan.php(47): CodeIgniter\Debug\Exceptions->errorHandler(8, 'Undefined index: semua', '/Users/ofin/Dataku/_ Project/israfil/server/app/Controllers/Admin/Pendataan.php', 47, [...])
 2 SYSTEMPATH/CodeIgniter.php(934): App\Controllers\Admin\Pendataan->pieChart()
 3 SYSTEMPATH/CodeIgniter.php(499): CodeIgniter\CodeIgniter->runController(Object(App\Controllers\Admin\Pendataan))
 4 SYSTEMPATH/CodeIgniter.php(368): CodeIgniter\CodeIgniter->handleRequest(null, Object(Config\Cache), false)
 5 FCPATH/index.php(75): CodeIgniter\CodeIgniter->run()
 6 SYSTEMPATH/Commands/Server/rewrite.php(47): require_once('/Users/ofin/Dataku/_ Project/israfil/server/public/index.php')
CRITICAL - 2023-07-11 00:51:58 --> Undefined index: semua
in APPPATH/Controllers/Admin/Pendataan.php on line 47.
 1 APPPATH/Controllers/Admin/Pendataan.php(47): CodeIgniter\Debug\Exceptions->errorHandler(8, 'Undefined index: semua', '/Users/ofin/Dataku/_ Project/israfil/server/app/Controllers/Admin/Pendataan.php', 47, [...])
 2 SYSTEMPATH/CodeIgniter.php(934): App\Controllers\Admin\Pendataan->pieChart()
 3 SYSTEMPATH/CodeIgniter.php(499): CodeIgniter\CodeIgniter->runController(Object(App\Controllers\Admin\Pendataan))
 4 SYSTEMPATH/CodeIgniter.php(368): CodeIgniter\CodeIgniter->handleRequest(null, Object(Config\Cache), false)
 5 FCPATH/index.php(75): CodeIgniter\CodeIgniter->run()
 6 SYSTEMPATH/Commands/Server/rewrite.php(47): require_once('/Users/ofin/Dataku/_ Project/israfil/server/public/index.php')
CRITICAL - 2023-07-11 00:51:58 --> Undefined index: semua
in APPPATH/Controllers/Admin/Pendataan.php on line 47.
 1 APPPATH/Controllers/Admin/Pendataan.php(47): CodeIgniter\Debug\Exceptions->errorHandler(8, 'Undefined index: semua', '/Users/ofin/Dataku/_ Project/israfil/server/app/Controllers/Admin/Pendataan.php', 47, [...])
 2 SYSTEMPATH/CodeIgniter.php(934): App\Controllers\Admin\Pendataan->pieChart()
 3 SYSTEMPATH/CodeIgniter.php(499): CodeIgniter\CodeIgniter->runController(Object(App\Controllers\Admin\Pendataan))
 4 SYSTEMPATH/CodeIgniter.php(368): CodeIgniter\CodeIgniter->handleRequest(null, Object(Config\Cache), false)
 5 FCPATH/index.php(75): CodeIgniter\CodeIgniter->run()
 6 SYSTEMPATH/Commands/Server/rewrite.php(47): require_once('/Users/ofin/Dataku/_ Project/israfil/server/public/index.php')
CRITICAL - 2023-07-11 00:52:31 --> Undefined index: semua
in APPPATH/Controllers/Admin/Pendataan.php on line 47.
 1 APPPATH/Controllers/Admin/Pendataan.php(47): CodeIgniter\Debug\Exceptions->errorHandler(8, 'Undefined index: semua', '/Users/ofin/Dataku/_ Project/israfil/server/app/Controllers/Admin/Pendataan.php', 47, [...])
 2 SYSTEMPATH/CodeIgniter.php(934): App\Controllers\Admin\Pendataan->pieChart()
 3 SYSTEMPATH/CodeIgniter.php(499): CodeIgniter\CodeIgniter->runController(Object(App\Controllers\Admin\Pendataan))
 4 SYSTEMPATH/CodeIgniter.php(368): CodeIgniter\CodeIgniter->handleRequest(null, Object(Config\Cache), false)
 5 FCPATH/index.php(75): CodeIgniter\CodeIgniter->run()
 6 SYSTEMPATH/Commands/Server/rewrite.php(47): require_once('/Users/ofin/Dataku/_ Project/israfil/server/public/index.php')
CRITICAL - 2023-07-11 00:52:31 --> Undefined index: semua
in APPPATH/Controllers/Admin/Pendataan.php on line 47.
 1 APPPATH/Controllers/Admin/Pendataan.php(47): CodeIgniter\Debug\Exceptions->errorHandler(8, 'Undefined index: semua', '/Users/ofin/Dataku/_ Project/israfil/server/app/Controllers/Admin/Pendataan.php', 47, [...])
 2 SYSTEMPATH/CodeIgniter.php(934): App\Controllers\Admin\Pendataan->pieChart()
 3 SYSTEMPATH/CodeIgniter.php(499): CodeIgniter\CodeIgniter->runController(Object(App\Controllers\Admin\Pendataan))
 4 SYSTEMPATH/CodeIgniter.php(368): CodeIgniter\CodeIgniter->handleRequest(null, Object(Config\Cache), false)
 5 FCPATH/index.php(75): CodeIgniter\CodeIgniter->run()
 6 SYSTEMPATH/Commands/Server/rewrite.php(47): require_once('/Users/ofin/Dataku/_ Project/israfil/server/public/index.php')
CRITICAL - 2023-07-11 00:52:31 --> Undefined index: semua
in APPPATH/Controllers/Admin/Pendataan.php on line 47.
 1 APPPATH/Controllers/Admin/Pendataan.php(47): CodeIgniter\Debug\Exceptions->errorHandler(8, 'Undefined index: semua', '/Users/ofin/Dataku/_ Project/israfil/server/app/Controllers/Admin/Pendataan.php', 47, [...])
 2 SYSTEMPATH/CodeIgniter.php(934): App\Controllers\Admin\Pendataan->pieChart()
 3 SYSTEMPATH/CodeIgniter.php(499): CodeIgniter\CodeIgniter->runController(Object(App\Controllers\Admin\Pendataan))
 4 SYSTEMPATH/CodeIgniter.php(368): CodeIgniter\CodeIgniter->handleRequest(null, Object(Config\Cache), false)
 5 FCPATH/index.php(75): CodeIgniter\CodeIgniter->run()
 6 SYSTEMPATH/Commands/Server/rewrite.php(47): require_once('/Users/ofin/Dataku/_ Project/israfil/server/public/index.php')
CRITICAL - 2023-07-11 00:52:31 --> Undefined index: semua
in APPPATH/Controllers/Admin/Pendataan.php on line 47.
 1 APPPATH/Controllers/Admin/Pendataan.php(47): CodeIgniter\Debug\Exceptions->errorHandler(8, 'Undefined index: semua', '/Users/ofin/Dataku/_ Project/israfil/server/app/Controllers/Admin/Pendataan.php', 47, [...])
 2 SYSTEMPATH/CodeIgniter.php(934): App\Controllers\Admin\Pendataan->pieChart()
 3 SYSTEMPATH/CodeIgniter.php(499): CodeIgniter\CodeIgniter->runController(Object(App\Controllers\Admin\Pendataan))
 4 SYSTEMPATH/CodeIgniter.php(368): CodeIgniter\CodeIgniter->handleRequest(null, Object(Config\Cache), false)
 5 FCPATH/index.php(75): CodeIgniter\CodeIgniter->run()
 6 SYSTEMPATH/Commands/Server/rewrite.php(47): require_once('/Users/ofin/Dataku/_ Project/israfil/server/public/index.php')
CRITICAL - 2023-07-11 00:52:31 --> Undefined index: semua
in APPPATH/Controllers/Admin/Pendataan.php on line 47.
 1 APPPATH/Controllers/Admin/Pendataan.php(47): CodeIgniter\Debug\Exceptions->errorHandler(8, 'Undefined index: semua', '/Users/ofin/Dataku/_ Project/israfil/server/app/Controllers/Admin/Pendataan.php', 47, [...])
 2 SYSTEMPATH/CodeIgniter.php(934): App\Controllers\Admin\Pendataan->pieChart()
 3 SYSTEMPATH/CodeIgniter.php(499): CodeIgniter\CodeIgniter->runController(Object(App\Controllers\Admin\Pendataan))
 4 SYSTEMPATH/CodeIgniter.php(368): CodeIgniter\CodeIgniter->handleRequest(null, Object(Config\Cache), false)
 5 FCPATH/index.php(75): CodeIgniter\CodeIgniter->run()
 6 SYSTEMPATH/Commands/Server/rewrite.php(47): require_once('/Users/ofin/Dataku/_ Project/israfil/server/public/index.php')
CRITICAL - 2023-07-11 00:53:29 --> Undefined index: tanggal
in APPPATH/Controllers/Admin/Pendataan.php on line 48.
 1 APPPATH/Controllers/Admin/Pendataan.php(48): CodeIgniter\Debug\Exceptions->errorHandler(8, 'Undefined index: tanggal', '/Users/ofin/Dataku/_ Project/israfil/server/app/Controllers/Admin/Pendataan.php', 48, [...])
 2 SYSTEMPATH/CodeIgniter.php(934): App\Controllers\Admin\Pendataan->pieChart()
 3 SYSTEMPATH/CodeIgniter.php(499): CodeIgniter\CodeIgniter->runController(Object(App\Controllers\Admin\Pendataan))
 4 SYSTEMPATH/CodeIgniter.php(368): CodeIgniter\CodeIgniter->handleRequest(null, Object(Config\Cache), false)
 5 FCPATH/index.php(75): CodeIgniter\CodeIgniter->run()
 6 SYSTEMPATH/Commands/Server/rewrite.php(47): require_once('/Users/ofin/Dataku/_ Project/israfil/server/public/index.php')
CRITICAL - 2023-07-11 00:53:29 --> Undefined index: tanggal
in APPPATH/Controllers/Admin/Pendataan.php on line 48.
 1 APPPATH/Controllers/Admin/Pendataan.php(48): CodeIgniter\Debug\Exceptions->errorHandler(8, 'Undefined index: tanggal', '/Users/ofin/Dataku/_ Project/israfil/server/app/Controllers/Admin/Pendataan.php', 48, [...])
 2 SYSTEMPATH/CodeIgniter.php(934): App\Controllers\Admin\Pendataan->pieChart()
 3 SYSTEMPATH/CodeIgniter.php(499): CodeIgniter\CodeIgniter->runController(Object(App\Controllers\Admin\Pendataan))
 4 SYSTEMPATH/CodeIgniter.php(368): CodeIgniter\CodeIgniter->handleRequest(null, Object(Config\Cache), false)
 5 FCPATH/index.php(75): CodeIgniter\CodeIgniter->run()
 6 SYSTEMPATH/Commands/Server/rewrite.php(47): require_once('/Users/ofin/Dataku/_ Project/israfil/server/public/index.php')
CRITICAL - 2023-07-11 00:53:30 --> Undefined index: tanggal
in APPPATH/Controllers/Admin/Pendataan.php on line 48.
 1 APPPATH/Controllers/Admin/Pendataan.php(48): CodeIgniter\Debug\Exceptions->errorHandler(8, 'Undefined index: tanggal', '/Users/ofin/Dataku/_ Project/israfil/server/app/Controllers/Admin/Pendataan.php', 48, [...])
 2 SYSTEMPATH/CodeIgniter.php(934): App\Controllers\Admin\Pendataan->pieChart()
 3 SYSTEMPATH/CodeIgniter.php(499): CodeIgniter\CodeIgniter->runController(Object(App\Controllers\Admin\Pendataan))
 4 SYSTEMPATH/CodeIgniter.php(368): CodeIgniter\CodeIgniter->handleRequest(null, Object(Config\Cache), false)
 5 FCPATH/index.php(75): CodeIgniter\CodeIgniter->run()
 6 SYSTEMPATH/Commands/Server/rewrite.php(47): require_once('/Users/ofin/Dataku/_ Project/israfil/server/public/index.php')
CRITICAL - 2023-07-11 00:53:47 --> Division by zero
in APPPATH/Controllers/Admin/Pendataan.php on line 74.
 1 APPPATH/Controllers/Admin/Pendataan.php(74): CodeIgniter\Debug\Exceptions->errorHandler(2, 'Division by zero', '/Users/ofin/Dataku/_ Project/israfil/server/app/Controllers/Admin/Pendataan.php', 74, [...])
 2 SYSTEMPATH/CodeIgniter.php(934): App\Controllers\Admin\Pendataan->pieChart()
 3 SYSTEMPATH/CodeIgniter.php(499): CodeIgniter\CodeIgniter->runController(Object(App\Controllers\Admin\Pendataan))
 4 SYSTEMPATH/CodeIgniter.php(368): CodeIgniter\CodeIgniter->handleRequest(null, Object(Config\Cache), false)
 5 FCPATH/index.php(75): CodeIgniter\CodeIgniter->run()
 6 SYSTEMPATH/Commands/Server/rewrite.php(47): require_once('/Users/ofin/Dataku/_ Project/israfil/server/public/index.php')
CRITICAL - 2023-07-11 00:53:47 --> Division by zero
in APPPATH/Controllers/Admin/Pendataan.php on line 74.
 1 APPPATH/Controllers/Admin/Pendataan.php(74): CodeIgniter\Debug\Exceptions->errorHandler(2, 'Division by zero', '/Users/ofin/Dataku/_ Project/israfil/server/app/Controllers/Admin/Pendataan.php', 74, [...])
 2 SYSTEMPATH/CodeIgniter.php(934): App\Controllers\Admin\Pendataan->pieChart()
 3 SYSTEMPATH/CodeIgniter.php(499): CodeIgniter\CodeIgniter->runController(Object(App\Controllers\Admin\Pendataan))
 4 SYSTEMPATH/CodeIgniter.php(368): CodeIgniter\CodeIgniter->handleRequest(null, Object(Config\Cache), false)
 5 FCPATH/index.php(75): CodeIgniter\CodeIgniter->run()
 6 SYSTEMPATH/Commands/Server/rewrite.php(47): require_once('/Users/ofin/Dataku/_ Project/israfil/server/public/index.php')
CRITICAL - 2023-07-11 00:53:47 --> Division by zero
in APPPATH/Controllers/Admin/Pendataan.php on line 74.
 1 APPPATH/Controllers/Admin/Pendataan.php(74): CodeIgniter\Debug\Exceptions->errorHandler(2, 'Division by zero', '/Users/ofin/Dataku/_ Project/israfil/server/app/Controllers/Admin/Pendataan.php', 74, [...])
 2 SYSTEMPATH/CodeIgniter.php(934): App\Controllers\Admin\Pendataan->pieChart()
 3 SYSTEMPATH/CodeIgniter.php(499): CodeIgniter\CodeIgniter->runController(Object(App\Controllers\Admin\Pendataan))
 4 SYSTEMPATH/CodeIgniter.php(368): CodeIgniter\CodeIgniter->handleRequest(null, Object(Config\Cache), false)
 5 FCPATH/index.php(75): CodeIgniter\CodeIgniter->run()
 6 SYSTEMPATH/Commands/Server/rewrite.php(47): require_once('/Users/ofin/Dataku/_ Project/israfil/server/public/index.php')
CRITICAL - 2023-07-11 00:56:19 --> Division by zero
in APPPATH/Controllers/Admin/Pendataan.php on line 74.
 1 APPPATH/Controllers/Admin/Pendataan.php(74): CodeIgniter\Debug\Exceptions->errorHandler(2, 'Division by zero', '/Users/ofin/Dataku/_ Project/israfil/server/app/Controllers/Admin/Pendataan.php', 74, [...])
 2 SYSTEMPATH/CodeIgniter.php(934): App\Controllers\Admin\Pendataan->pieChart()
 3 SYSTEMPATH/CodeIgniter.php(499): CodeIgniter\CodeIgniter->runController(Object(App\Controllers\Admin\Pendataan))
 4 SYSTEMPATH/CodeIgniter.php(368): CodeIgniter\CodeIgniter->handleRequest(null, Object(Config\Cache), false)
 5 FCPATH/index.php(75): CodeIgniter\CodeIgniter->run()
 6 SYSTEMPATH/Commands/Server/rewrite.php(47): require_once('/Users/ofin/Dataku/_ Project/israfil/server/public/index.php')
CRITICAL - 2023-07-11 00:56:19 --> Division by zero
in APPPATH/Controllers/Admin/Pendataan.php on line 74.
 1 APPPATH/Controllers/Admin/Pendataan.php(74): CodeIgniter\Debug\Exceptions->errorHandler(2, 'Division by zero', '/Users/ofin/Dataku/_ Project/israfil/server/app/Controllers/Admin/Pendataan.php', 74, [...])
 2 SYSTEMPATH/CodeIgniter.php(934): App\Controllers\Admin\Pendataan->pieChart()
 3 SYSTEMPATH/CodeIgniter.php(499): CodeIgniter\CodeIgniter->runController(Object(App\Controllers\Admin\Pendataan))
 4 SYSTEMPATH/CodeIgniter.php(368): CodeIgniter\CodeIgniter->handleRequest(null, Object(Config\Cache), false)
 5 FCPATH/index.php(75): CodeIgniter\CodeIgniter->run()
 6 SYSTEMPATH/Commands/Server/rewrite.php(47): require_once('/Users/ofin/Dataku/_ Project/israfil/server/public/index.php')
CRITICAL - 2023-07-11 00:56:19 --> Division by zero
in APPPATH/Controllers/Admin/Pendataan.php on line 74.
 1 APPPATH/Controllers/Admin/Pendataan.php(74): CodeIgniter\Debug\Exceptions->errorHandler(2, 'Division by zero', '/Users/ofin/Dataku/_ Project/israfil/server/app/Controllers/Admin/Pendataan.php', 74, [...])
 2 SYSTEMPATH/CodeIgniter.php(934): App\Controllers\Admin\Pendataan->pieChart()
 3 SYSTEMPATH/CodeIgniter.php(499): CodeIgniter\CodeIgniter->runController(Object(App\Controllers\Admin\Pendataan))
 4 SYSTEMPATH/CodeIgniter.php(368): CodeIgniter\CodeIgniter->handleRequest(null, Object(Config\Cache), false)
 5 FCPATH/index.php(75): CodeIgniter\CodeIgniter->run()
 6 SYSTEMPATH/Commands/Server/rewrite.php(47): require_once('/Users/ofin/Dataku/_ Project/israfil/server/public/index.php')
CRITICAL - 2023-07-11 01:00:03 --> Undefined index: semua
in APPPATH/Controllers/Admin/Pendataan.php on line 47.
 1 APPPATH/Controllers/Admin/Pendataan.php(47): CodeIgniter\Debug\Exceptions->errorHandler(8, 'Undefined index: semua', '/Users/ofin/Dataku/_ Project/israfil/server/app/Controllers/Admin/Pendataan.php', 47, [...])
 2 SYSTEMPATH/CodeIgniter.php(934): App\Controllers\Admin\Pendataan->pieChart()
 3 SYSTEMPATH/CodeIgniter.php(499): CodeIgniter\CodeIgniter->runController(Object(App\Controllers\Admin\Pendataan))
 4 SYSTEMPATH/CodeIgniter.php(368): CodeIgniter\CodeIgniter->handleRequest(null, Object(Config\Cache), false)
 5 FCPATH/index.php(75): CodeIgniter\CodeIgniter->run()
 6 SYSTEMPATH/Commands/Server/rewrite.php(47): require_once('/Users/ofin/Dataku/_ Project/israfil/server/public/index.php')
CRITICAL - 2023-07-11 01:00:03 --> Undefined index: semua
in APPPATH/Controllers/Admin/Pendataan.php on line 47.
 1 APPPATH/Controllers/Admin/Pendataan.php(47): CodeIgniter\Debug\Exceptions->errorHandler(8, 'Undefined index: semua', '/Users/ofin/Dataku/_ Project/israfil/server/app/Controllers/Admin/Pendataan.php', 47, [...])
 2 SYSTEMPATH/CodeIgniter.php(934): App\Controllers\Admin\Pendataan->pieChart()
 3 SYSTEMPATH/CodeIgniter.php(499): CodeIgniter\CodeIgniter->runController(Object(App\Controllers\Admin\Pendataan))
 4 SYSTEMPATH/CodeIgniter.php(368): CodeIgniter\CodeIgniter->handleRequest(null, Object(Config\Cache), false)
 5 FCPATH/index.php(75): CodeIgniter\CodeIgniter->run()
 6 SYSTEMPATH/Commands/Server/rewrite.php(47): require_once('/Users/ofin/Dataku/_ Project/israfil/server/public/index.php')
CRITICAL - 2023-07-11 01:02:53 --> Division by zero
in APPPATH/Controllers/Admin/Pendataan.php on line 183.
 1 APPPATH/Controllers/Admin/Pendataan.php(183): CodeIgniter\Debug\Exceptions->errorHandler(2, 'Division by zero', '/Users/ofin/Dataku/_ Project/israfil/server/app/Controllers/Admin/Pendataan.php', 183, [...])
 2 SYSTEMPATH/CodeIgniter.php(934): App\Controllers\Admin\Pendataan->pieChartBantuan()
 3 SYSTEMPATH/CodeIgniter.php(499): CodeIgniter\CodeIgniter->runController(Object(App\Controllers\Admin\Pendataan))
 4 SYSTEMPATH/CodeIgniter.php(368): CodeIgniter\CodeIgniter->handleRequest(null, Object(Config\Cache), false)
 5 FCPATH/index.php(75): CodeIgniter\CodeIgniter->run()
 6 SYSTEMPATH/Commands/Server/rewrite.php(47): require_once('/Users/ofin/Dataku/_ Project/israfil/server/public/index.php')
CRITICAL - 2023-07-11 01:12:26 --> Undefined index: names
in APPPATH/Controllers/Admin/Pendataan.php on line 46.
 1 APPPATH/Controllers/Admin/Pendataan.php(46): CodeIgniter\Debug\Exceptions->errorHandler(8, 'Undefined index: names', '/Users/ofin/Dataku/_ Project/israfil/server/app/Controllers/Admin/Pendataan.php', 46, [...])
 2 SYSTEMPATH/CodeIgniter.php(934): App\Controllers\Admin\Pendataan->pieChart()
 3 SYSTEMPATH/CodeIgniter.php(499): CodeIgniter\CodeIgniter->runController(Object(App\Controllers\Admin\Pendataan))
 4 SYSTEMPATH/CodeIgniter.php(368): CodeIgniter\CodeIgniter->handleRequest(null, Object(Config\Cache), false)
 5 FCPATH/index.php(75): CodeIgniter\CodeIgniter->run()
 6 SYSTEMPATH/Commands/Server/rewrite.php(47): require_once('/Users/ofin/Dataku/_ Project/israfil/server/public/index.php')
CRITICAL - 2023-07-11 01:12:26 --> Undefined index: names
in APPPATH/Controllers/Admin/Pendataan.php on line 46.
 1 APPPATH/Controllers/Admin/Pendataan.php(46): CodeIgniter\Debug\Exceptions->errorHandler(8, 'Undefined index: names', '/Users/ofin/Dataku/_ Project/israfil/server/app/Controllers/Admin/Pendataan.php', 46, [...])
 2 SYSTEMPATH/CodeIgniter.php(934): App\Controllers\Admin\Pendataan->pieChart()
 3 SYSTEMPATH/CodeIgniter.php(499): CodeIgniter\CodeIgniter->runController(Object(App\Controllers\Admin\Pendataan))
 4 SYSTEMPATH/CodeIgniter.php(368): CodeIgniter\CodeIgniter->handleRequest(null, Object(Config\Cache), false)
 5 FCPATH/index.php(75): CodeIgniter\CodeIgniter->run()
 6 SYSTEMPATH/Commands/Server/rewrite.php(47): require_once('/Users/ofin/Dataku/_ Project/israfil/server/public/index.php')
CRITICAL - 2023-07-11 01:12:26 --> Undefined index: names
in APPPATH/Controllers/Admin/Pendataan.php on line 46.
 1 APPPATH/Controllers/Admin/Pendataan.php(46): CodeIgniter\Debug\Exceptions->errorHandler(8, 'Undefined index: names', '/Users/ofin/Dataku/_ Project/israfil/server/app/Controllers/Admin/Pendataan.php', 46, [...])
 2 SYSTEMPATH/CodeIgniter.php(934): App\Controllers\Admin\Pendataan->pieChart()
 3 SYSTEMPATH/CodeIgniter.php(499): CodeIgniter\CodeIgniter->runController(Object(App\Controllers\Admin\Pendataan))
 4 SYSTEMPATH/CodeIgniter.php(368): CodeIgniter\CodeIgniter->handleRequest(null, Object(Config\Cache), false)
 5 FCPATH/index.php(75): CodeIgniter\CodeIgniter->run()
 6 SYSTEMPATH/Commands/Server/rewrite.php(47): require_once('/Users/ofin/Dataku/_ Project/israfil/server/public/index.php')
CRITICAL - 2023-07-11 01:13:46 --> Undefined index: names
in APPPATH/Controllers/Admin/Pendataan.php on line 46.
 1 APPPATH/Controllers/Admin/Pendataan.php(46): CodeIgniter\Debug\Exceptions->errorHandler(8, 'Undefined index: names', '/Users/ofin/Dataku/_ Project/israfil/server/app/Controllers/Admin/Pendataan.php', 46, [...])
 2 SYSTEMPATH/CodeIgniter.php(934): App\Controllers\Admin\Pendataan->pieChart()
 3 SYSTEMPATH/CodeIgniter.php(499): CodeIgniter\CodeIgniter->runController(Object(App\Controllers\Admin\Pendataan))
 4 SYSTEMPATH/CodeIgniter.php(368): CodeIgniter\CodeIgniter->handleRequest(null, Object(Config\Cache), false)
 5 FCPATH/index.php(75): CodeIgniter\CodeIgniter->run()
 6 SYSTEMPATH/Commands/Server/rewrite.php(47): require_once('/Users/ofin/Dataku/_ Project/israfil/server/public/index.php')
CRITICAL - 2023-07-11 01:13:46 --> Undefined index: names
in APPPATH/Controllers/Admin/Pendataan.php on line 46.
 1 APPPATH/Controllers/Admin/Pendataan.php(46): CodeIgniter\Debug\Exceptions->errorHandler(8, 'Undefined index: names', '/Users/ofin/Dataku/_ Project/israfil/server/app/Controllers/Admin/Pendataan.php', 46, [...])
 2 SYSTEMPATH/CodeIgniter.php(934): App\Controllers\Admin\Pendataan->pieChart()
 3 SYSTEMPATH/CodeIgniter.php(499): CodeIgniter\CodeIgniter->runController(Object(App\Controllers\Admin\Pendataan))
 4 SYSTEMPATH/CodeIgniter.php(368): CodeIgniter\CodeIgniter->handleRequest(null, Object(Config\Cache), false)
 5 FCPATH/index.php(75): CodeIgniter\CodeIgniter->run()
 6 SYSTEMPATH/Commands/Server/rewrite.php(47): require_once('/Users/ofin/Dataku/_ Project/israfil/server/public/index.php')
CRITICAL - 2023-07-11 01:13:46 --> Undefined index: names
in APPPATH/Controllers/Admin/Pendataan.php on line 46.
 1 APPPATH/Controllers/Admin/Pendataan.php(46): CodeIgniter\Debug\Exceptions->errorHandler(8, 'Undefined index: names', '/Users/ofin/Dataku/_ Project/israfil/server/app/Controllers/Admin/Pendataan.php', 46, [...])
 2 SYSTEMPATH/CodeIgniter.php(934): App\Controllers\Admin\Pendataan->pieChart()
 3 SYSTEMPATH/CodeIgniter.php(499): CodeIgniter\CodeIgniter->runController(Object(App\Controllers\Admin\Pendataan))
 4 SYSTEMPATH/CodeIgniter.php(368): CodeIgniter\CodeIgniter->handleRequest(null, Object(Config\Cache), false)
 5 FCPATH/index.php(75): CodeIgniter\CodeIgniter->run()
 6 SYSTEMPATH/Commands/Server/rewrite.php(47): require_once('/Users/ofin/Dataku/_ Project/israfil/server/public/index.php')
CRITICAL - 2023-07-11 01:14:00 --> Undefined index: names
in APPPATH/Controllers/Admin/Pendataan.php on line 46.
 1 APPPATH/Controllers/Admin/Pendataan.php(46): CodeIgniter\Debug\Exceptions->errorHandler(8, 'Undefined index: names', '/Users/ofin/Dataku/_ Project/israfil/server/app/Controllers/Admin/Pendataan.php', 46, [...])
 2 SYSTEMPATH/CodeIgniter.php(934): App\Controllers\Admin\Pendataan->pieChart()
 3 SYSTEMPATH/CodeIgniter.php(499): CodeIgniter\CodeIgniter->runController(Object(App\Controllers\Admin\Pendataan))
 4 SYSTEMPATH/CodeIgniter.php(368): CodeIgniter\CodeIgniter->handleRequest(null, Object(Config\Cache), false)
 5 FCPATH/index.php(75): CodeIgniter\CodeIgniter->run()
 6 SYSTEMPATH/Commands/Server/rewrite.php(47): require_once('/Users/ofin/Dataku/_ Project/israfil/server/public/index.php')
CRITICAL - 2023-07-11 01:14:00 --> Undefined index: names
in APPPATH/Controllers/Admin/Pendataan.php on line 46.
 1 APPPATH/Controllers/Admin/Pendataan.php(46): CodeIgniter\Debug\Exceptions->errorHandler(8, 'Undefined index: names', '/Users/ofin/Dataku/_ Project/israfil/server/app/Controllers/Admin/Pendataan.php', 46, [...])
 2 SYSTEMPATH/CodeIgniter.php(934): App\Controllers\Admin\Pendataan->pieChart()
 3 SYSTEMPATH/CodeIgniter.php(499): CodeIgniter\CodeIgniter->runController(Object(App\Controllers\Admin\Pendataan))
 4 SYSTEMPATH/CodeIgniter.php(368): CodeIgniter\CodeIgniter->handleRequest(null, Object(Config\Cache), false)
 5 FCPATH/index.php(75): CodeIgniter\CodeIgniter->run()
 6 SYSTEMPATH/Commands/Server/rewrite.php(47): require_once('/Users/ofin/Dataku/_ Project/israfil/server/public/index.php')
CRITICAL - 2023-07-11 01:14:01 --> Undefined index: names
in APPPATH/Controllers/Admin/Pendataan.php on line 46.
 1 APPPATH/Controllers/Admin/Pendataan.php(46): CodeIgniter\Debug\Exceptions->errorHandler(8, 'Undefined index: names', '/Users/ofin/Dataku/_ Project/israfil/server/app/Controllers/Admin/Pendataan.php', 46, [...])
 2 SYSTEMPATH/CodeIgniter.php(934): App\Controllers\Admin\Pendataan->pieChart()
 3 SYSTEMPATH/CodeIgniter.php(499): CodeIgniter\CodeIgniter->runController(Object(App\Controllers\Admin\Pendataan))
 4 SYSTEMPATH/CodeIgniter.php(368): CodeIgniter\CodeIgniter->handleRequest(null, Object(Config\Cache), false)
 5 FCPATH/index.php(75): CodeIgniter\CodeIgniter->run()
 6 SYSTEMPATH/Commands/Server/rewrite.php(47): require_once('/Users/ofin/Dataku/_ Project/israfil/server/public/index.php')
CRITICAL - 2023-07-11 01:14:01 --> Undefined index: names
in APPPATH/Controllers/Admin/Pendataan.php on line 46.
 1 APPPATH/Controllers/Admin/Pendataan.php(46): CodeIgniter\Debug\Exceptions->errorHandler(8, 'Undefined index: names', '/Users/ofin/Dataku/_ Project/israfil/server/app/Controllers/Admin/Pendataan.php', 46, [...])
 2 SYSTEMPATH/CodeIgniter.php(934): App\Controllers\Admin\Pendataan->pieChart()
 3 SYSTEMPATH/CodeIgniter.php(499): CodeIgniter\CodeIgniter->runController(Object(App\Controllers\Admin\Pendataan))
 4 SYSTEMPATH/CodeIgniter.php(368): CodeIgniter\CodeIgniter->handleRequest(null, Object(Config\Cache), false)
 5 FCPATH/index.php(75): CodeIgniter\CodeIgniter->run()
 6 SYSTEMPATH/Commands/Server/rewrite.php(47): require_once('/Users/ofin/Dataku/_ Project/israfil/server/public/index.php')
CRITICAL - 2023-07-11 01:14:27 --> Undefined index: names
in APPPATH/Controllers/Admin/Pendataan.php on line 46.
 1 APPPATH/Controllers/Admin/Pendataan.php(46): CodeIgniter\Debug\Exceptions->errorHandler(8, 'Undefined index: names', '/Users/ofin/Dataku/_ Project/israfil/server/app/Controllers/Admin/Pendataan.php', 46, [...])
 2 SYSTEMPATH/CodeIgniter.php(934): App\Controllers\Admin\Pendataan->pieChart()
 3 SYSTEMPATH/CodeIgniter.php(499): CodeIgniter\CodeIgniter->runController(Object(App\Controllers\Admin\Pendataan))
 4 SYSTEMPATH/CodeIgniter.php(368): CodeIgniter\CodeIgniter->handleRequest(null, Object(Config\Cache), false)
 5 FCPATH/index.php(75): CodeIgniter\CodeIgniter->run()
 6 SYSTEMPATH/Commands/Server/rewrite.php(47): require_once('/Users/ofin/Dataku/_ Project/israfil/server/public/index.php')
CRITICAL - 2023-07-11 01:14:27 --> Undefined index: names
in APPPATH/Controllers/Admin/Pendataan.php on line 46.
 1 APPPATH/Controllers/Admin/Pendataan.php(46): CodeIgniter\Debug\Exceptions->errorHandler(8, 'Undefined index: names', '/Users/ofin/Dataku/_ Project/israfil/server/app/Controllers/Admin/Pendataan.php', 46, [...])
 2 SYSTEMPATH/CodeIgniter.php(934): App\Controllers\Admin\Pendataan->pieChart()
 3 SYSTEMPATH/CodeIgniter.php(499): CodeIgniter\CodeIgniter->runController(Object(App\Controllers\Admin\Pendataan))
 4 SYSTEMPATH/CodeIgniter.php(368): CodeIgniter\CodeIgniter->handleRequest(null, Object(Config\Cache), false)
 5 FCPATH/index.php(75): CodeIgniter\CodeIgniter->run()
 6 SYSTEMPATH/Commands/Server/rewrite.php(47): require_once('/Users/ofin/Dataku/_ Project/israfil/server/public/index.php')
CRITICAL - 2023-07-11 01:14:59 --> Undefined index: names
in APPPATH/Controllers/Admin/Pendataan.php on line 46.
 1 APPPATH/Controllers/Admin/Pendataan.php(46): CodeIgniter\Debug\Exceptions->errorHandler(8, 'Undefined index: names', '/Users/ofin/Dataku/_ Project/israfil/server/app/Controllers/Admin/Pendataan.php', 46, [...])
 2 SYSTEMPATH/CodeIgniter.php(934): App\Controllers\Admin\Pendataan->pieChart()
 3 SYSTEMPATH/CodeIgniter.php(499): CodeIgniter\CodeIgniter->runController(Object(App\Controllers\Admin\Pendataan))
 4 SYSTEMPATH/CodeIgniter.php(368): CodeIgniter\CodeIgniter->handleRequest(null, Object(Config\Cache), false)
 5 FCPATH/index.php(75): CodeIgniter\CodeIgniter->run()
 6 SYSTEMPATH/Commands/Server/rewrite.php(47): require_once('/Users/ofin/Dataku/_ Project/israfil/server/public/index.php')
CRITICAL - 2023-07-11 01:14:59 --> Undefined index: names
in APPPATH/Controllers/Admin/Pendataan.php on line 46.
 1 APPPATH/Controllers/Admin/Pendataan.php(46): CodeIgniter\Debug\Exceptions->errorHandler(8, 'Undefined index: names', '/Users/ofin/Dataku/_ Project/israfil/server/app/Controllers/Admin/Pendataan.php', 46, [...])
 2 SYSTEMPATH/CodeIgniter.php(934): App\Controllers\Admin\Pendataan->pieChart()
 3 SYSTEMPATH/CodeIgniter.php(499): CodeIgniter\CodeIgniter->runController(Object(App\Controllers\Admin\Pendataan))
 4 SYSTEMPATH/CodeIgniter.php(368): CodeIgniter\CodeIgniter->handleRequest(null, Object(Config\Cache), false)
 5 FCPATH/index.php(75): CodeIgniter\CodeIgniter->run()
 6 SYSTEMPATH/Commands/Server/rewrite.php(47): require_once('/Users/ofin/Dataku/_ Project/israfil/server/public/index.php')
CRITICAL - 2023-07-11 01:15:00 --> Undefined index: names
in APPPATH/Controllers/Admin/Pendataan.php on line 46.
 1 APPPATH/Controllers/Admin/Pendataan.php(46): CodeIgniter\Debug\Exceptions->errorHandler(8, 'Undefined index: names', '/Users/ofin/Dataku/_ Project/israfil/server/app/Controllers/Admin/Pendataan.php', 46, [...])
 2 SYSTEMPATH/CodeIgniter.php(934): App\Controllers\Admin\Pendataan->pieChart()
 3 SYSTEMPATH/CodeIgniter.php(499): CodeIgniter\CodeIgniter->runController(Object(App\Controllers\Admin\Pendataan))
 4 SYSTEMPATH/CodeIgniter.php(368): CodeIgniter\CodeIgniter->handleRequest(null, Object(Config\Cache), false)
 5 FCPATH/index.php(75): CodeIgniter\CodeIgniter->run()
 6 SYSTEMPATH/Commands/Server/rewrite.php(47): require_once('/Users/ofin/Dataku/_ Project/israfil/server/public/index.php')
CRITICAL - 2023-07-11 01:15:00 --> Undefined index: names
in APPPATH/Controllers/Admin/Pendataan.php on line 46.
 1 APPPATH/Controllers/Admin/Pendataan.php(46): CodeIgniter\Debug\Exceptions->errorHandler(8, 'Undefined index: names', '/Users/ofin/Dataku/_ Project/israfil/server/app/Controllers/Admin/Pendataan.php', 46, [...])
 2 SYSTEMPATH/CodeIgniter.php(934): App\Controllers\Admin\Pendataan->pieChart()
 3 SYSTEMPATH/CodeIgniter.php(499): CodeIgniter\CodeIgniter->runController(Object(App\Controllers\Admin\Pendataan))
 4 SYSTEMPATH/CodeIgniter.php(368): CodeIgniter\CodeIgniter->handleRequest(null, Object(Config\Cache), false)
 5 FCPATH/index.php(75): CodeIgniter\CodeIgniter->run()
 6 SYSTEMPATH/Commands/Server/rewrite.php(47): require_once('/Users/ofin/Dataku/_ Project/israfil/server/public/index.php')
CRITICAL - 2023-07-11 01:15:04 --> Undefined index: names
in APPPATH/Controllers/Admin/Pendataan.php on line 46.
 1 APPPATH/Controllers/Admin/Pendataan.php(46): CodeIgniter\Debug\Exceptions->errorHandler(8, 'Undefined index: names', '/Users/ofin/Dataku/_ Project/israfil/server/app/Controllers/Admin/Pendataan.php', 46, [...])
 2 SYSTEMPATH/CodeIgniter.php(934): App\Controllers\Admin\Pendataan->pieChart()
 3 SYSTEMPATH/CodeIgniter.php(499): CodeIgniter\CodeIgniter->runController(Object(App\Controllers\Admin\Pendataan))
 4 SYSTEMPATH/CodeIgniter.php(368): CodeIgniter\CodeIgniter->handleRequest(null, Object(Config\Cache), false)
 5 FCPATH/index.php(75): CodeIgniter\CodeIgniter->run()
 6 SYSTEMPATH/Commands/Server/rewrite.php(47): require_once('/Users/ofin/Dataku/_ Project/israfil/server/public/index.php')
CRITICAL - 2023-07-11 01:15:04 --> Undefined index: names
in APPPATH/Controllers/Admin/Pendataan.php on line 46.
 1 APPPATH/Controllers/Admin/Pendataan.php(46): CodeIgniter\Debug\Exceptions->errorHandler(8, 'Undefined index: names', '/Users/ofin/Dataku/_ Project/israfil/server/app/Controllers/Admin/Pendataan.php', 46, [...])
 2 SYSTEMPATH/CodeIgniter.php(934): App\Controllers\Admin\Pendataan->pieChart()
 3 SYSTEMPATH/CodeIgniter.php(499): CodeIgniter\CodeIgniter->runController(Object(App\Controllers\Admin\Pendataan))
 4 SYSTEMPATH/CodeIgniter.php(368): CodeIgniter\CodeIgniter->handleRequest(null, Object(Config\Cache), false)
 5 FCPATH/index.php(75): CodeIgniter\CodeIgniter->run()
 6 SYSTEMPATH/Commands/Server/rewrite.php(47): require_once('/Users/ofin/Dataku/_ Project/israfil/server/public/index.php')
CRITICAL - 2023-07-11 01:16:05 --> Undefined index: names
in APPPATH/Controllers/Admin/Pendataan.php on line 46.
 1 APPPATH/Controllers/Admin/Pendataan.php(46): CodeIgniter\Debug\Exceptions->errorHandler(8, 'Undefined index: names', '/Users/ofin/Dataku/_ Project/israfil/server/app/Controllers/Admin/Pendataan.php', 46, [...])
 2 SYSTEMPATH/CodeIgniter.php(934): App\Controllers\Admin\Pendataan->pieChart()
 3 SYSTEMPATH/CodeIgniter.php(499): CodeIgniter\CodeIgniter->runController(Object(App\Controllers\Admin\Pendataan))
 4 SYSTEMPATH/CodeIgniter.php(368): CodeIgniter\CodeIgniter->handleRequest(null, Object(Config\Cache), false)
 5 FCPATH/index.php(75): CodeIgniter\CodeIgniter->run()
 6 SYSTEMPATH/Commands/Server/rewrite.php(47): require_once('/Users/ofin/Dataku/_ Project/israfil/server/public/index.php')
CRITICAL - 2023-07-11 01:16:24 --> Undefined index: names
in APPPATH/Controllers/Admin/Pendataan.php on line 46.
 1 APPPATH/Controllers/Admin/Pendataan.php(46): CodeIgniter\Debug\Exceptions->errorHandler(8, 'Undefined index: names', '/Users/ofin/Dataku/_ Project/israfil/server/app/Controllers/Admin/Pendataan.php', 46, [...])
 2 SYSTEMPATH/CodeIgniter.php(934): App\Controllers\Admin\Pendataan->pieChart()
 3 SYSTEMPATH/CodeIgniter.php(499): CodeIgniter\CodeIgniter->runController(Object(App\Controllers\Admin\Pendataan))
 4 SYSTEMPATH/CodeIgniter.php(368): CodeIgniter\CodeIgniter->handleRequest(null, Object(Config\Cache), false)
 5 FCPATH/index.php(75): CodeIgniter\CodeIgniter->run()
 6 SYSTEMPATH/Commands/Server/rewrite.php(47): require_once('/Users/ofin/Dataku/_ Project/israfil/server/public/index.php')
CRITICAL - 2023-07-11 01:34:45 --> Undefined index: semua
in APPPATH/Controllers/Admin/Pendataan.php on line 97.
 1 APPPATH/Controllers/Admin/Pendataan.php(97): CodeIgniter\Debug\Exceptions->errorHandler(8, 'Undefined index: semua', '/Users/ofin/Dataku/_ Project/israfil/server/app/Controllers/Admin/Pendataan.php', 97, [...])
 2 SYSTEMPATH/CodeIgniter.php(934): App\Controllers\Admin\Pendataan->stackedColumnsChart()
 3 SYSTEMPATH/CodeIgniter.php(499): CodeIgniter\CodeIgniter->runController(Object(App\Controllers\Admin\Pendataan))
 4 SYSTEMPATH/CodeIgniter.php(368): CodeIgniter\CodeIgniter->handleRequest(null, Object(Config\Cache), false)
 5 FCPATH/index.php(75): CodeIgniter\CodeIgniter->run()
 6 SYSTEMPATH/Commands/Server/rewrite.php(47): require_once('/Users/ofin/Dataku/_ Project/israfil/server/public/index.php')
CRITICAL - 2023-07-11 01:34:45 --> Undefined index: semua
in APPPATH/Controllers/Admin/Pendataan.php on line 97.
 1 APPPATH/Controllers/Admin/Pendataan.php(97): CodeIgniter\Debug\Exceptions->errorHandler(8, 'Undefined index: semua', '/Users/ofin/Dataku/_ Project/israfil/server/app/Controllers/Admin/Pendataan.php', 97, [...])
 2 SYSTEMPATH/CodeIgniter.php(934): App\Controllers\Admin\Pendataan->stackedColumnsChart()
 3 SYSTEMPATH/CodeIgniter.php(499): CodeIgniter\CodeIgniter->runController(Object(App\Controllers\Admin\Pendataan))
 4 SYSTEMPATH/CodeIgniter.php(368): CodeIgniter\CodeIgniter->handleRequest(null, Object(Config\Cache), false)
 5 FCPATH/index.php(75): CodeIgniter\CodeIgniter->run()
 6 SYSTEMPATH/Commands/Server/rewrite.php(47): require_once('/Users/ofin/Dataku/_ Project/israfil/server/public/index.php')
CRITICAL - 2023-07-11 01:34:45 --> Undefined index: semua
in APPPATH/Controllers/Admin/Pendataan.php on line 97.
 1 APPPATH/Controllers/Admin/Pendataan.php(97): CodeIgniter\Debug\Exceptions->errorHandler(8, 'Undefined index: semua', '/Users/ofin/Dataku/_ Project/israfil/server/app/Controllers/Admin/Pendataan.php', 97, [...])
 2 SYSTEMPATH/CodeIgniter.php(934): App\Controllers\Admin\Pendataan->stackedColumnsChart()
 3 SYSTEMPATH/CodeIgniter.php(499): CodeIgniter\CodeIgniter->runController(Object(App\Controllers\Admin\Pendataan))
 4 SYSTEMPATH/CodeIgniter.php(368): CodeIgniter\CodeIgniter->handleRequest(null, Object(Config\Cache), false)
 5 FCPATH/index.php(75): CodeIgniter\CodeIgniter->run()
 6 SYSTEMPATH/Commands/Server/rewrite.php(47): require_once('/Users/ofin/Dataku/_ Project/israfil/server/public/index.php')
CRITICAL - 2023-07-11 01:48:07 --> Undefined index: names
in APPPATH/Controllers/Admin/Pendataan.php on line 92.
 1 APPPATH/Controllers/Admin/Pendataan.php(92): CodeIgniter\Debug\Exceptions->errorHandler(8, 'Undefined index: names', '/Users/ofin/Dataku/_ Project/israfil/server/app/Controllers/Admin/Pendataan.php', 92, [...])
 2 SYSTEMPATH/CodeIgniter.php(934): App\Controllers\Admin\Pendataan->stackedColumnsChart()
 3 SYSTEMPATH/CodeIgniter.php(499): CodeIgniter\CodeIgniter->runController(Object(App\Controllers\Admin\Pendataan))
 4 SYSTEMPATH/CodeIgniter.php(368): CodeIgniter\CodeIgniter->handleRequest(null, Object(Config\Cache), false)
 5 FCPATH/index.php(75): CodeIgniter\CodeIgniter->run()
 6 SYSTEMPATH/Commands/Server/rewrite.php(47): require_once('/Users/ofin/Dataku/_ Project/israfil/server/public/index.php')
CRITICAL - 2023-07-11 01:48:08 --> Undefined index: names
in APPPATH/Controllers/Admin/Pendataan.php on line 92.
 1 APPPATH/Controllers/Admin/Pendataan.php(92): CodeIgniter\Debug\Exceptions->errorHandler(8, 'Undefined index: names', '/Users/ofin/Dataku/_ Project/israfil/server/app/Controllers/Admin/Pendataan.php', 92, [...])
 2 SYSTEMPATH/CodeIgniter.php(934): App\Controllers\Admin\Pendataan->stackedColumnsChart()
 3 SYSTEMPATH/CodeIgniter.php(499): CodeIgniter\CodeIgniter->runController(Object(App\Controllers\Admin\Pendataan))
 4 SYSTEMPATH/CodeIgniter.php(368): CodeIgniter\CodeIgniter->handleRequest(null, Object(Config\Cache), false)
 5 FCPATH/index.php(75): CodeIgniter\CodeIgniter->run()
 6 SYSTEMPATH/Commands/Server/rewrite.php(47): require_once('/Users/ofin/Dataku/_ Project/israfil/server/public/index.php')
