CRITICAL - 2023-06-30 21:56:00 --> Decrypting: authentication failed.
in SYSTEMPATH/Encryption/Handlers/OpenSSLHandler.php on line 137.
 1 SYSTEMPATH/Encryption/Handlers/OpenSSLHandler.php(137): CodeIgniter\Encryption\Exceptions\EncryptionException::forAuthenticationFailed()
 2 APPPATH/Filters/AdminFilter.php(41): CodeIgniter\Encryption\Handlers\OpenSSLHandler->decrypt('')
 3 SYSTEMPATH/Filters/Filters.php(173): App\Filters\AdminFilter->before(Object(CodeIgniter\HTTP\IncomingRequest), null)
 4 SYSTEMPATH/CodeIgniter.php(473): CodeIgniter\Filters\Filters->run('admin/pendataan', 'before')
 5 SYSTEMPATH/CodeIgniter.php(368): CodeIgniter\CodeIgniter->handleRequest(null, Object(Config\Cache), false)
 6 FCPATH/index.php(75): CodeIgniter\CodeIgniter->run()
 7 SYSTEMPATH/Commands/Server/rewrite.php(47): require_once('/Users/ofin/Dataku/_ Project/israfil/server/public/index.php')
CRITICAL - 2023-06-30 21:56:31 --> Decrypting: authentication failed.
in SYSTEMPATH/Encryption/Handlers/OpenSSLHandler.php on line 137.
 1 SYSTEMPATH/Encryption/Handlers/OpenSSLHandler.php(137): CodeIgniter\Encryption\Exceptions\EncryptionException::forAuthenticationFailed()
 2 APPPATH/Filters/AdminFilter.php(41): CodeIgniter\Encryption\Handlers\OpenSSLHandler->decrypt('')
 3 SYSTEMPATH/Filters/Filters.php(173): App\Filters\AdminFilter->before(Object(CodeIgniter\HTTP\IncomingRequest), null)
 4 SYSTEMPATH/CodeIgniter.php(473): CodeIgniter\Filters\Filters->run('admin/pendataan', 'before')
 5 SYSTEMPATH/CodeIgniter.php(368): CodeIgniter\CodeIgniter->handleRequest(null, Object(Config\Cache), false)
 6 FCPATH/index.php(75): CodeIgniter\CodeIgniter->run()
 7 SYSTEMPATH/Commands/Server/rewrite.php(47): require_once('/Users/ofin/Dataku/_ Project/israfil/server/public/index.php')
CRITICAL - 2023-06-30 21:56:34 --> Decrypting: authentication failed.
in SYSTEMPATH/Encryption/Handlers/OpenSSLHandler.php on line 137.
 1 SYSTEMPATH/Encryption/Handlers/OpenSSLHandler.php(137): CodeIgniter\Encryption\Exceptions\EncryptionException::forAuthenticationFailed()
 2 APPPATH/Filters/AdminFilter.php(41): CodeIgniter\Encryption\Handlers\OpenSSLHandler->decrypt('')
 3 SYSTEMPATH/Filters/Filters.php(173): App\Filters\AdminFilter->before(Object(CodeIgniter\HTTP\IncomingRequest), null)
 4 SYSTEMPATH/CodeIgniter.php(473): CodeIgniter\Filters\Filters->run('admin/pendataan', 'before')
 5 SYSTEMPATH/CodeIgniter.php(368): CodeIgniter\CodeIgniter->handleRequest(null, Object(Config\Cache), false)
 6 FCPATH/index.php(75): CodeIgniter\CodeIgniter->run()
 7 SYSTEMPATH/Commands/Server/rewrite.php(47): require_once('/Users/ofin/Dataku/_ Project/israfil/server/public/index.php')
CRITICAL - 2023-06-30 21:59:53 --> Decrypting: authentication failed.
in SYSTEMPATH/Encryption/Handlers/OpenSSLHandler.php on line 137.
 1 SYSTEMPATH/Encryption/Handlers/OpenSSLHandler.php(137): CodeIgniter\Encryption\Exceptions\EncryptionException::forAuthenticationFailed()
 2 APPPATH/Filters/AdminFilter.php(41): CodeIgniter\Encryption\Handlers\OpenSSLHandler->decrypt('')
 3 SYSTEMPATH/Filters/Filters.php(173): App\Filters\AdminFilter->before(Object(CodeIgniter\HTTP\IncomingRequest), null)
 4 SYSTEMPATH/CodeIgniter.php(473): CodeIgniter\Filters\Filters->run('admin/pendataan', 'before')
 5 SYSTEMPATH/CodeIgniter.php(368): CodeIgniter\CodeIgniter->handleRequest(null, Object(Config\Cache), false)
 6 FCPATH/index.php(75): CodeIgniter\CodeIgniter->run()
 7 SYSTEMPATH/Commands/Server/rewrite.php(47): require_once('/Users/ofin/Dataku/_ Project/israfil/server/public/index.php')
CRITICAL - 2023-06-30 22:04:45 --> Decrypting: authentication failed.
in SYSTEMPATH/Encryption/Handlers/OpenSSLHandler.php on line 137.
 1 SYSTEMPATH/Encryption/Handlers/OpenSSLHandler.php(137): CodeIgniter\Encryption\Exceptions\EncryptionException::forAuthenticationFailed()
 2 APPPATH/Filters/AdminFilter.php(41): CodeIgniter\Encryption\Handlers\OpenSSLHandler->decrypt('')
 3 SYSTEMPATH/Filters/Filters.php(173): App\Filters\AdminFilter->before(Object(CodeIgniter\HTTP\IncomingRequest), null)
 4 SYSTEMPATH/CodeIgniter.php(473): CodeIgniter\Filters\Filters->run('admin/pendataan', 'before')
 5 SYSTEMPATH/CodeIgniter.php(368): CodeIgniter\CodeIgniter->handleRequest(null, Object(Config\Cache), false)
 6 FCPATH/index.php(75): CodeIgniter\CodeIgniter->run()
 7 SYSTEMPATH/Commands/Server/rewrite.php(47): require_once('/Users/ofin/Dataku/_ Project/israfil/server/public/index.php')
CRITICAL - 2023-06-30 22:05:01 --> Decrypting: authentication failed.
in SYSTEMPATH/Encryption/Handlers/OpenSSLHandler.php on line 137.
 1 SYSTEMPATH/Encryption/Handlers/OpenSSLHandler.php(137): CodeIgniter\Encryption\Exceptions\EncryptionException::forAuthenticationFailed()
 2 APPPATH/Filters/AdminFilter.php(41): CodeIgniter\Encryption\Handlers\OpenSSLHandler->decrypt('')
 3 SYSTEMPATH/Filters/Filters.php(173): App\Filters\AdminFilter->before(Object(CodeIgniter\HTTP\IncomingRequest), null)
 4 SYSTEMPATH/CodeIgniter.php(473): CodeIgniter\Filters\Filters->run('admin/pendataan', 'before')
 5 SYSTEMPATH/CodeIgniter.php(368): CodeIgniter\CodeIgniter->handleRequest(null, Object(Config\Cache), false)
 6 FCPATH/index.php(75): CodeIgniter\CodeIgniter->run()
 7 SYSTEMPATH/Commands/Server/rewrite.php(47): require_once('/Users/ofin/Dataku/_ Project/israfil/server/public/index.php')
CRITICAL - 2023-06-30 22:05:37 --> Decrypting: authentication failed.
in SYSTEMPATH/Encryption/Handlers/OpenSSLHandler.php on line 137.
 1 SYSTEMPATH/Encryption/Handlers/OpenSSLHandler.php(137): CodeIgniter\Encryption\Exceptions\EncryptionException::forAuthenticationFailed()
 2 APPPATH/Filters/AdminFilter.php(41): CodeIgniter\Encryption\Handlers\OpenSSLHandler->decrypt('')
 3 SYSTEMPATH/Filters/Filters.php(173): App\Filters\AdminFilter->before(Object(CodeIgniter\HTTP\IncomingRequest), null)
 4 SYSTEMPATH/CodeIgniter.php(473): CodeIgniter\Filters\Filters->run('admin/pendataan', 'before')
 5 SYSTEMPATH/CodeIgniter.php(368): CodeIgniter\CodeIgniter->handleRequest(null, Object(Config\Cache), false)
 6 FCPATH/index.php(75): CodeIgniter\CodeIgniter->run()
 7 SYSTEMPATH/Commands/Server/rewrite.php(47): require_once('/Users/ofin/Dataku/_ Project/israfil/server/public/index.php')
CRITICAL - 2023-06-30 22:08:44 --> Decrypting: authentication failed.
in SYSTEMPATH/Encryption/Handlers/OpenSSLHandler.php on line 137.
 1 SYSTEMPATH/Encryption/Handlers/OpenSSLHandler.php(137): CodeIgniter\Encryption\Exceptions\EncryptionException::forAuthenticationFailed()
 2 APPPATH/Filters/AdminFilter.php(41): CodeIgniter\Encryption\Handlers\OpenSSLHandler->decrypt('')
 3 SYSTEMPATH/Filters/Filters.php(173): App\Filters\AdminFilter->before(Object(CodeIgniter\HTTP\IncomingRequest), null)
 4 SYSTEMPATH/CodeIgniter.php(473): CodeIgniter\Filters\Filters->run('admin/pendataan', 'before')
 5 SYSTEMPATH/CodeIgniter.php(368): CodeIgniter\CodeIgniter->handleRequest(null, Object(Config\Cache), false)
 6 FCPATH/index.php(75): CodeIgniter\CodeIgniter->run()
 7 SYSTEMPATH/Commands/Server/rewrite.php(47): require_once('/Users/ofin/Dataku/_ Project/israfil/server/public/index.php')
CRITICAL - 2023-06-30 22:09:54 --> Decrypting: authentication failed.
in SYSTEMPATH/Encryption/Handlers/OpenSSLHandler.php on line 137.
 1 SYSTEMPATH/Encryption/Handlers/OpenSSLHandler.php(137): CodeIgniter\Encryption\Exceptions\EncryptionException::forAuthenticationFailed()
 2 APPPATH/Filters/AdminFilter.php(41): CodeIgniter\Encryption\Handlers\OpenSSLHandler->decrypt('')
 3 SYSTEMPATH/Filters/Filters.php(173): App\Filters\AdminFilter->before(Object(CodeIgniter\HTTP\IncomingRequest), null)
 4 SYSTEMPATH/CodeIgniter.php(473): CodeIgniter\Filters\Filters->run('admin/pendataan', 'before')
 5 SYSTEMPATH/CodeIgniter.php(368): CodeIgniter\CodeIgniter->handleRequest(null, Object(Config\Cache), false)
 6 FCPATH/index.php(75): CodeIgniter\CodeIgniter->run()
 7 SYSTEMPATH/Commands/Server/rewrite.php(47): require_once('/Users/ofin/Dataku/_ Project/israfil/server/public/index.php')
CRITICAL - 2023-06-30 22:10:59 --> Decrypting: authentication failed.
in SYSTEMPATH/Encryption/Handlers/OpenSSLHandler.php on line 137.
 1 SYSTEMPATH/Encryption/Handlers/OpenSSLHandler.php(137): CodeIgniter\Encryption\Exceptions\EncryptionException::forAuthenticationFailed()
 2 APPPATH/Filters/AdminFilter.php(41): CodeIgniter\Encryption\Handlers\OpenSSLHandler->decrypt('')
 3 SYSTEMPATH/Filters/Filters.php(173): App\Filters\AdminFilter->before(Object(CodeIgniter\HTTP\IncomingRequest), null)
 4 SYSTEMPATH/CodeIgniter.php(473): CodeIgniter\Filters\Filters->run('admin/pendataan', 'before')
 5 SYSTEMPATH/CodeIgniter.php(368): CodeIgniter\CodeIgniter->handleRequest(null, Object(Config\Cache), false)
 6 FCPATH/index.php(75): CodeIgniter\CodeIgniter->run()
 7 SYSTEMPATH/Commands/Server/rewrite.php(47): require_once('/Users/ofin/Dataku/_ Project/israfil/server/public/index.php')
