CRITICAL - 2023-07-14 21:54:52 --> array_rand(): Argument #1 ($array) cannot be empty
in APPPATH\Controllers\Kecamatan.php on line 26.
 1 APPPATH\Controllers\Kecamatan.php(26): array_rand([])
 2 SYSTEMPATH\CodeIgniter.php(932): App\Controllers\Kecamatan->index('11')
 3 SYSTEMPATH\CodeIgniter.php(497): CodeIgniter\CodeIgniter->runController(Object(App\Controllers\Kecamatan))
 4 SYSTEMPATH\CodeIgniter.php(366): CodeIgniter\CodeIgniter->handleRequest(null, Object(Config\Cache), false)
 5 FCPATH\index.php(75): CodeIgniter\CodeIgniter->run()
 6 SYSTEMPATH\Commands\Server\rewrite.php(47): require_once('D:\\Marwan\\Project\\Pendataan\\Konsel\\konsel-server\\public\\index.php')
CRITICAL - 2023-07-14 21:55:54 --> array_rand(): Argument #1 ($array) cannot be empty
in APPPATH\Controllers\Kecamatan.php on line 26.
 1 APPPATH\Controllers\Kecamatan.php(26): array_rand([])
 2 SYSTEMPATH\CodeIgniter.php(932): App\Controllers\Kecamatan->index('11')
 3 SYSTEMPATH\CodeIgniter.php(497): CodeIgniter\CodeIgniter->runController(Object(App\Controllers\Kecamatan))
 4 SYSTEMPATH\CodeIgniter.php(366): CodeIgniter\CodeIgniter->handleRequest(null, Object(Config\Cache), false)
 5 FCPATH\index.php(75): CodeIgniter\CodeIgniter->run()
 6 SYSTEMPATH\Commands\Server\rewrite.php(47): require_once('D:\\Marwan\\Project\\Pendataan\\Konsel\\konsel-server\\public\\index.php')
CRITICAL - 2023-07-14 21:56:07 --> array_rand(): Argument #1 ($array) cannot be empty
in APPPATH\Controllers\Kecamatan.php on line 26.
 1 APPPATH\Controllers\Kecamatan.php(26): array_rand([])
 2 SYSTEMPATH\CodeIgniter.php(932): App\Controllers\Kecamatan->index('11')
 3 SYSTEMPATH\CodeIgniter.php(497): CodeIgniter\CodeIgniter->runController(Object(App\Controllers\Kecamatan))
 4 SYSTEMPATH\CodeIgniter.php(366): CodeIgniter\CodeIgniter->handleRequest(null, Object(Config\Cache), false)
 5 FCPATH\index.php(75): CodeIgniter\CodeIgniter->run()
 6 SYSTEMPATH\Commands\Server\rewrite.php(47): require_once('D:\\Marwan\\Project\\Pendataan\\Konsel\\konsel-server\\public\\index.php')
CRITICAL - 2023-07-14 21:56:24 --> array_rand(): Argument #1 ($array) cannot be empty
in APPPATH\Controllers\Kecamatan.php on line 26.
 1 APPPATH\Controllers\Kecamatan.php(26): array_rand([])
 2 SYSTEMPATH\CodeIgniter.php(932): App\Controllers\Kecamatan->index('11')
 3 SYSTEMPATH\CodeIgniter.php(497): CodeIgniter\CodeIgniter->runController(Object(App\Controllers\Kecamatan))
 4 SYSTEMPATH\CodeIgniter.php(366): CodeIgniter\CodeIgniter->handleRequest(null, Object(Config\Cache), false)
 5 FCPATH\index.php(75): CodeIgniter\CodeIgniter->run()
 6 SYSTEMPATH\Commands\Server\rewrite.php(47): require_once('D:\\Marwan\\Project\\Pendataan\\Konsel\\konsel-server\\public\\index.php')
CRITICAL - 2023-07-14 21:57:14 --> Undefined variable $colorArray
in APPPATH\Controllers\Kecamatan.php on line 26.
 1 APPPATH\Controllers\Kecamatan.php(26): CodeIgniter\Debug\Exceptions->errorHandler(2, 'Undefined variable $colorArray', 'D:\\Marwan\\Project\\Pendataan\\Konsel\\konsel-server\\app\\Controllers\\Kecamatan.php', 26)
 2 SYSTEMPATH\CodeIgniter.php(932): App\Controllers\Kecamatan->index('11')
 3 SYSTEMPATH\CodeIgniter.php(497): CodeIgniter\CodeIgniter->runController(Object(App\Controllers\Kecamatan))
 4 SYSTEMPATH\CodeIgniter.php(366): CodeIgniter\CodeIgniter->handleRequest(null, Object(Config\Cache), false)
 5 FCPATH\index.php(75): CodeIgniter\CodeIgniter->run()
 6 SYSTEMPATH\Commands\Server\rewrite.php(47): require_once('D:\\Marwan\\Project\\Pendataan\\Konsel\\konsel-server\\public\\index.php')
